[ 2022-08-07T02:03:55+08:00 ] 185.213.149.152 /Ajaxtrade/obtain_eth
INFO: [ app_init ] --START--
INFO: Run Behavior\BuildLiteBehavior [ RunTime:0.000005s ]
INFO: [ app_init ] --END-- [ RunTime:0.001113s ]
INFO: [ app_begin ] --START--
INFO: Run Behavior\ReadHtmlCacheBehavior [ RunTime:0.000210s ]
INFO: Run Behavior\CheckLangBehavior [ RunTime:0.000815s ]
INFO: [ app_begin ] --END-- [ RunTime:0.001112s ]
SQL: SHOW COLUMNS FROM `tw_config` [ RunTime:0.0005s ]
SQL: SELECT `webname` FROM `tw_config` WHERE `id` = 1 LIMIT 1   [ RunTime:0.0002s ]

[ 2022-08-07T02:03:55+08:00 ] 185.213.149.152 /Ajaxtrade/obtain_bch
INFO: [ app_init ] --START--
INFO: Run Behavior\BuildLiteBehavior [ RunTime:0.000005s ]
INFO: [ app_init ] --END-- [ RunTime:0.001115s ]
INFO: [ app_begin ] --START--
INFO: Run Behavior\ReadHtmlCacheBehavior [ RunTime:0.000209s ]
INFO: Run Behavior\CheckLangBehavior [ RunTime:0.000793s ]
INFO: [ app_begin ] --END-- [ RunTime:0.001098s ]
SQL: SHOW COLUMNS FROM `tw_config` [ RunTime:0.0008s ]
SQL: SELECT `webname` FROM `tw_config` WHERE `id` = 1 LIMIT 1   [ RunTime:0.0002s ]

[ 2022-08-07T02:03:56+08:00 ] 185.213.149.152 /Ajaxtrade/obtain_btc
INFO: [ app_init ] --START--
INFO: Run Behavior\BuildLiteBehavior [ RunTime:0.000009s ]
INFO: [ app_init ] --END-- [ RunTime:0.002041s ]
INFO: [ app_begin ] --START--
INFO: Run Behavior\ReadHtmlCacheBehavior [ RunTime:0.000385s ]
INFO: Run Behavior\CheckLangBehavior [ RunTime:0.001386s ]
INFO: [ app_begin ] --END-- [ RunTime:0.001925s ]
SQL: SHOW COLUMNS FROM `tw_config` [ RunTime:0.0007s ]
SQL: SELECT `webname` FROM `tw_config` WHERE `id` = 1 LIMIT 1   [ RunTime:0.0002s ]

[ 2022-08-07T02:03:56+08:00 ] 185.213.149.152 /Ajaxtrade/obtain_eos
INFO: [ app_init ] --START--
INFO: Run Behavior\BuildLiteBehavior [ RunTime:0.000009s ]
INFO: [ app_init ] --END-- [ RunTime:0.002038s ]
INFO: [ app_begin ] --START--
INFO: Run Behavior\ReadHtmlCacheBehavior [ RunTime:0.000378s ]
INFO: Run Behavior\CheckLangBehavior [ RunTime:0.001391s ]
INFO: [ app_begin ] --END-- [ RunTime:0.001929s ]
SQL: SHOW COLUMNS FROM `tw_config` [ RunTime:0.0005s ]
SQL: SELECT `webname` FROM `tw_config` WHERE `id` = 1 LIMIT 1   [ RunTime:0.0002s ]

[ 2022-08-07T02:03:56+08:00 ] 185.213.149.152 /
INFO: [ app_init ] --START--
INFO: Run Behavior\BuildLiteBehavior [ RunTime:0.000006s ]
INFO: [ app_init ] --END-- [ RunTime:0.001351s ]
INFO: [ app_begin ] --START--
INFO: Run Behavior\ReadHtmlCacheBehavior [ RunTime:0.000250s ]
INFO: Run Behavior\CheckLangBehavior [ RunTime:0.000943s ]
INFO: [ app_begin ] --END-- [ RunTime:0.001297s ]
SQL: SHOW COLUMNS FROM `tw_config` [ RunTime:0.0005s ]
SQL: SELECT `webname` FROM `tw_config` WHERE `id` = 1 LIMIT 1   [ RunTime:0.0001s ]

[ 2022-08-07T02:03:56+08:00 ] 185.213.149.152 /Trade/tradelist
INFO: [ app_init ] --START--
INFO: Run Behavior\BuildLiteBehavior [ RunTime:0.000006s ]
INFO: [ app_init ] --END-- [ RunTime:0.001266s ]
INFO: [ app_begin ] --START--
INFO: Run Behavior\ReadHtmlCacheBehavior [ RunTime:0.000219s ]
INFO: Run Behavior\CheckLangBehavior [ RunTime:0.000818s ]
INFO: [ app_begin ] --END-- [ RunTime:0.001126s ]
SQL: SHOW COLUMNS FROM `tw_config` [ RunTime:0.0005s ]
SQL: SELECT `webname` FROM `tw_config` WHERE `id` = 1 LIMIT 1   [ RunTime:0.0002s ]
SQL: SELECT `websildea`,`websildeb`,`websildec` FROM `tw_config` WHERE `id` = 1 LIMIT 1   [ RunTime:0.0001s ]
SQL: SHOW COLUMNS FROM `tw_content` [ RunTime:0.0003s ]
SQL: SELECT `title`,`id` FROM `tw_content` WHERE `status` = 1 ORDER BY id desc  [ RunTime:0.0001s ]
SQL: SHOW COLUMNS FROM `tw_ctmarket` [ RunTime:0.0003s ]
SQL: SELECT `coinname`,`id`,`logo` FROM `tw_ctmarket` WHERE `status` = 1  [ RunTime:0.0002s ]
SQL: SELECT * FROM `tw_content` WHERE `status` = 1 ORDER BY id desc LIMIT 1   [ RunTime:0.0002s ]
INFO: [ view_parse ] --START--
INFO: [ template_filter ] --START--
INFO: Run Behavior\ContentReplaceBehavior [ RunTime:0.000080s ]
INFO: [ template_filter ] --END-- [ RunTime:0.000135s ]
NOTIC: [8192] preg_replace(): The /e modifier is deprecated, use preg_replace_callback instead /www/wwwroot/jiaoyisuo.tg-ceshi.store/heise/ThinkPHP/Common/functions.php 第 157 行.
NOTIC: [8192] preg_replace(): The /e modifier is deprecated, use preg_replace_callback instead /www/wwwroot/jiaoyisuo.tg-ceshi.store/heise/ThinkPHP/Common/functions.php 第 157 行.
NOTIC: [8192] preg_replace(): The /e modifier is deprecated, use preg_replace_callback instead /www/wwwroot/jiaoyisuo.tg-ceshi.store/heise/ThinkPHP/Common/functions.php 第 157 行.
NOTIC: [8192] preg_replace(): The /e modifier is deprecated, use preg_replace_callback instead /www/wwwroot/jiaoyisuo.tg-ceshi.store/heise/ThinkPHP/Common/functions.php 第 157 行.
NOTIC: [8192] preg_replace(): The /e modifier is deprecated, use preg_replace_callback instead /www/wwwroot/jiaoyisuo.tg-ceshi.store/heise/ThinkPHP/Common/functions.php 第 157 行.
NOTIC: [8192] preg_replace(): The /e modifier is deprecated, use preg_replace_callback instead /www/wwwroot/jiaoyisuo.tg-ceshi.store/heise/ThinkPHP/Common/functions.php 第 157 行.
NOTIC: [8192] preg_replace(): The /e modifier is deprecated, use preg_replace_callback instead /www/wwwroot/jiaoyisuo.tg-ceshi.store/heise/ThinkPHP/Common/functions.php 第 157 行.
NOTIC: [8192] preg_replace(): The /e modifier is deprecated, use preg_replace_callback instead /www/wwwroot/jiaoyisuo.tg-ceshi.store/heise/ThinkPHP/Common/functions.php 第 157 行.
NOTIC: [8192] preg_replace(): The /e modifier is deprecated, use preg_replace_callback instead /www/wwwroot/jiaoyisuo.tg-ceshi.store/heise/ThinkPHP/Common/functions.php 第 157 行.
NOTIC: [8192] preg_replace(): The /e modifier is deprecated, use preg_replace_callback instead /www/wwwroot/jiaoyisuo.tg-ceshi.store/heise/ThinkPHP/Common/functions.php 第 157 行.
NOTIC: [8192] preg_replace(): The /e modifier is deprecated, use preg_replace_callback instead /www/wwwroot/jiaoyisuo.tg-ceshi.store/heise/ThinkPHP/Common/functions.php 第 157 行.
NOTIC: [8192] preg_replace(): The /e modifier is deprecated, use preg_replace_callback instead /www/wwwroot/jiaoyisuo.tg-ceshi.store/heise/ThinkPHP/Common/functions.php 第 157 行.
NOTIC: [8192] preg_replace(): The /e modifier is deprecated, use preg_replace_callback instead /www/wwwroot/jiaoyisuo.tg-ceshi.store/heise/ThinkPHP/Common/functions.php 第 157 行.
NOTIC: [8192] preg_replace(): The /e modifier is deprecated, use preg_replace_callback instead /www/wwwroot/jiaoyisuo.tg-ceshi.store/heise/ThinkPHP/Common/functions.php 第 157 行.
NOTIC: [8192] preg_replace(): The /e modifier is deprecated, use preg_replace_callback instead /www/wwwroot/jiaoyisuo.tg-ceshi.store/heise/ThinkPHP/Common/functions.php 第 157 行.
NOTIC: [8192] preg_replace(): The /e modifier is deprecated, use preg_replace_callback instead /www/wwwroot/jiaoyisuo.tg-ceshi.store/heise/ThinkPHP/Common/functions.php 第 157 行.
NOTIC: [8192] preg_replace(): The /e modifier is deprecated, use preg_replace_callback instead /www/wwwroot/jiaoyisuo.tg-ceshi.store/heise/ThinkPHP/Common/functions.php 第 157 行.
NOTIC: [8192] preg_replace(): The /e modifier is deprecated, use preg_replace_callback instead /www/wwwroot/jiaoyisuo.tg-ceshi.store/heise/ThinkPHP/Common/functions.php 第 157 行.
NOTIC: [8192] preg_replace(): The /e modifier is deprecated, use preg_replace_callback instead /www/wwwroot/jiaoyisuo.tg-ceshi.store/heise/ThinkPHP/Common/functions.php 第 157 行.
NOTIC: [8192] preg_replace(): The /e modifier is deprecated, use preg_replace_callback instead /www/wwwroot/jiaoyisuo.tg-ceshi.store/heise/ThinkPHP/Common/functions.php 第 157 行.
NOTIC: [8192] preg_replace(): The /e modifier is deprecated, use preg_replace_callback instead /www/wwwroot/jiaoyisuo.tg-ceshi.store/heise/ThinkPHP/Common/functions.php 第 157 行.
NOTIC: [8192] preg_replace(): The /e modifier is deprecated, use preg_replace_callback instead /www/wwwroot/jiaoyisuo.tg-ceshi.store/heise/ThinkPHP/Common/functions.php 第 157 行.
NOTIC: [8192] preg_replace(): The /e modifier is deprecated, use preg_replace_callback instead /www/wwwroot/jiaoyisuo.tg-ceshi.store/heise/ThinkPHP/Common/functions.php 第 157 行.
INFO: Run Behavior\ParseTemplateBehavior [ RunTime:0.008198s ]
INFO: [ view_parse ] --END-- [ RunTime:0.008244s ]
INFO: [ view_filter ] --START--
INFO: Run Behavior\WriteHtmlCacheBehavior [ RunTime:0.000121s ]
INFO: [ view_filter ] --END-- [ RunTime:0.000161s ]
INFO: [ app_end ] --START--
INFO: Run Behavior\ShowPageTraceBehavior [ RunTime:0.000364s ]
INFO: [ app_end ] --END-- [ RunTime:0.000411s ]

[ 2022-08-07T02:03:57+08:00 ] 185.213.149.152 /Ajaxtrade/obtain_ltc
INFO: [ app_init ] --START--
INFO: Run Behavior\BuildLiteBehavior [ RunTime:0.000005s ]
INFO: [ app_init ] --END-- [ RunTime:0.001117s ]
INFO: [ app_begin ] --START--
INFO: Run Behavior\ReadHtmlCacheBehavior [ RunTime:0.000207s ]
INFO: Run Behavior\CheckLangBehavior [ RunTime:0.000767s ]
INFO: [ app_begin ] --END-- [ RunTime:0.001057s ]
SQL: SHOW COLUMNS FROM `tw_config` [ RunTime:0.0005s ]
SQL: SELECT `webname` FROM `tw_config` WHERE `id` = 1 LIMIT 1   [ RunTime:0.0002s ]

[ 2022-08-07T02:03:57+08:00 ] 185.213.149.152 /Ajaxtrade/obtain_doge
INFO: [ app_init ] --START--
INFO: Run Behavior\BuildLiteBehavior [ RunTime:0.000011s ]
INFO: [ app_init ] --END-- [ RunTime:0.002086s ]
INFO: [ app_begin ] --START--
INFO: Run Behavior\ReadHtmlCacheBehavior [ RunTime:0.000354s ]
INFO: Run Behavior\CheckLangBehavior [ RunTime:0.001378s ]
INFO: [ app_begin ] --END-- [ RunTime:0.001875s ]
SQL: SHOW COLUMNS FROM `tw_config` [ RunTime:0.0006s ]
SQL: SELECT `webname` FROM `tw_config` WHERE `id` = 1 LIMIT 1   [ RunTime:0.0001s ]

[ 2022-08-07T02:03:57+08:00 ] 185.213.149.152 /Ajaxtrade/obtain_usdz
INFO: [ app_init ] --START--
INFO: Run Behavior\BuildLiteBehavior [ RunTime:0.000006s ]
INFO: [ app_init ] --END-- [ RunTime:0.001178s ]
INFO: [ app_begin ] --START--
INFO: Run Behavior\ReadHtmlCacheBehavior [ RunTime:0.000228s ]
INFO: Run Behavior\CheckLangBehavior [ RunTime:0.000858s ]
INFO: [ app_begin ] --END-- [ RunTime:0.001175s ]
SQL: SHOW COLUMNS FROM `tw_config` [ RunTime:0.0005s ]
SQL: SELECT `webname` FROM `tw_config` WHERE `id` = 1 LIMIT 1   [ RunTime:0.0001s ]
SQL: SHOW COLUMNS FROM `tw_market` [ RunTime:0.0005s ]
SQL: SELECT `new_price`,`min_price`,`max_price`,`faxingjia`,`volume` FROM `tw_market` WHERE `name` = 'usdz_usdt' LIMIT 1   [ RunTime:0.0002s ]
NOTIC: [8] Undefined variable: cname /www/wwwroot/jiaoyisuo.tg-ceshi.store/heise/Application/Mobile/Controller/AjaxtradeController.class.php 第 697 行.

[ 2022-08-07T02:03:57+08:00 ] 185.213.149.152 /Ajaxtrade/obtain_fil
INFO: [ app_init ] --START--
INFO: Run Behavior\BuildLiteBehavior [ RunTime:0.000010s ]
INFO: [ app_init ] --END-- [ RunTime:0.002088s ]
INFO: [ app_begin ] --START--
INFO: Run Behavior\ReadHtmlCacheBehavior [ RunTime:0.000353s ]
INFO: Run Behavior\CheckLangBehavior [ RunTime:0.001407s ]
INFO: [ app_begin ] --END-- [ RunTime:0.001897s ]
SQL: SHOW COLUMNS FROM `tw_config` [ RunTime:0.0004s ]
SQL: SELECT `webname` FROM `tw_config` WHERE `id` = 1 LIMIT 1   [ RunTime:0.0001s ]

[ 2022-08-07T02:03:58+08:00 ] 185.213.149.152 /Ajaxtrade/obtain_itc
INFO: [ app_init ] --START--
INFO: Run Behavior\BuildLiteBehavior [ RunTime:0.000007s ]
INFO: [ app_init ] --END-- [ RunTime:0.001651s ]
INFO: [ app_begin ] --START--
INFO: Run Behavior\ReadHtmlCacheBehavior [ RunTime:0.000238s ]
INFO: Run Behavior\CheckLangBehavior [ RunTime:0.001161s ]
INFO: [ app_begin ] --END-- [ RunTime:0.001495s ]
SQL: SHOW COLUMNS FROM `tw_config` [ RunTime:0.0005s ]
SQL: SELECT `webname` FROM `tw_config` WHERE `id` = 1 LIMIT 1   [ RunTime:0.0002s ]

[ 2022-08-07T02:03:58+08:00 ] 185.213.149.152 /Ajaxtrade/obtain_iota
INFO: [ app_init ] --START--
INFO: Run Behavior\BuildLiteBehavior [ RunTime:0.000010s ]
INFO: [ app_init ] --END-- [ RunTime:0.002083s ]
INFO: [ app_begin ] --START--
INFO: Run Behavior\ReadHtmlCacheBehavior [ RunTime:0.000339s ]
INFO: Run Behavior\CheckLangBehavior [ RunTime:0.001366s ]
INFO: [ app_begin ] --END-- [ RunTime:0.001835s ]
SQL: SHOW COLUMNS FROM `tw_config` [ RunTime:0.0004s ]
SQL: SELECT `webname` FROM `tw_config` WHERE `id` = 1 LIMIT 1   [ RunTime:0.0001s ]

[ 2022-08-07T02:03:58+08:00 ] 185.213.149.152 /Ajaxtrade/obtain_ltc
INFO: [ app_init ] --START--
INFO: Run Behavior\BuildLiteBehavior [ RunTime:0.000010s ]
INFO: [ app_init ] --END-- [ RunTime:0.002074s ]
INFO: [ app_begin ] --START--
INFO: Run Behavior\ReadHtmlCacheBehavior [ RunTime:0.000364s ]
INFO: Run Behavior\CheckLangBehavior [ RunTime:0.001412s ]
INFO: [ app_begin ] --END-- [ RunTime:0.001909s ]
SQL: SHOW COLUMNS FROM `tw_config` [ RunTime:0.0005s ]
SQL: SELECT `webname` FROM `tw_config` WHERE `id` = 1 LIMIT 1   [ RunTime:0.0001s ]

[ 2022-08-07T02:03:58+08:00 ] 185.213.149.152 /Ajaxtrade/obtain_jst
INFO: [ app_init ] --START--
INFO: Run Behavior\BuildLiteBehavior [ RunTime:0.000010s ]
INFO: [ app_init ] --END-- [ RunTime:0.002094s ]
INFO: [ app_begin ] --START--
INFO: Run Behavior\ReadHtmlCacheBehavior [ RunTime:0.000355s ]
INFO: Run Behavior\CheckLangBehavior [ RunTime:0.001419s ]
INFO: [ app_begin ] --END-- [ RunTime:0.001916s ]
SQL: SHOW COLUMNS FROM `tw_config` [ RunTime:0.0008s ]
SQL: SELECT `webname` FROM `tw_config` WHERE `id` = 1 LIMIT 1   [ RunTime:0.0002s ]

[ 2022-08-07T02:03:58+08:00 ] 185.213.149.152 /Ajaxtrade/obtain_flow
INFO: [ app_init ] --START--
INFO: Run Behavior\BuildLiteBehavior [ RunTime:0.000009s ]
INFO: [ app_init ] --END-- [ RunTime:0.002134s ]
INFO: [ app_begin ] --START--
INFO: Run Behavior\ReadHtmlCacheBehavior [ RunTime:0.000366s ]
INFO: Run Behavior\CheckLangBehavior [ RunTime:0.001396s ]
INFO: [ app_begin ] --END-- [ RunTime:0.001898s ]
SQL: SHOW COLUMNS FROM `tw_config` [ RunTime:0.0011s ]
SQL: SELECT `webname` FROM `tw_config` WHERE `id` = 1 LIMIT 1   [ RunTime:0.0003s ]

[ 2022-08-07T02:03:58+08:00 ] 185.213.149.152 /Ajaxtrade/obtain_bch
INFO: [ app_init ] --START--
INFO: Run Behavior\BuildLiteBehavior [ RunTime:0.000010s ]
INFO: [ app_init ] --END-- [ RunTime:0.002080s ]
INFO: [ app_begin ] --START--
INFO: Run Behavior\ReadHtmlCacheBehavior [ RunTime:0.000361s ]
INFO: Run Behavior\CheckLangBehavior [ RunTime:0.001406s ]
INFO: [ app_begin ] --END-- [ RunTime:0.001900s ]
SQL: SHOW COLUMNS FROM `tw_config` [ RunTime:0.0008s ]
SQL: SELECT `webname` FROM `tw_config` WHERE `id` = 1 LIMIT 1   [ RunTime:0.0002s ]

[ 2022-08-07T02:03:59+08:00 ] 185.213.149.152 /Ajaxtrade/get_market_one
INFO: [ app_init ] --START--
INFO: Run Behavior\BuildLiteBehavior [ RunTime:0.000006s ]
INFO: [ app_init ] --END-- [ RunTime:0.001182s ]
INFO: [ app_begin ] --START--
INFO: Run Behavior\ReadHtmlCacheBehavior [ RunTime:0.000218s ]
INFO: Run Behavior\CheckLangBehavior [ RunTime:0.000823s ]
INFO: [ app_begin ] --END-- [ RunTime:0.001128s ]
SQL: SHOW COLUMNS FROM `tw_config` [ RunTime:0.0006s ]
SQL: SELECT `webname` FROM `tw_config` WHERE `id` = 1 LIMIT 1   [ RunTime:0.0002s ]

[ 2022-08-07T02:03:59+08:00 ] 185.213.149.152 /Ajaxtrade/obtain_ht
INFO: [ app_init ] --START--
INFO: Run Behavior\BuildLiteBehavior [ RunTime:0.000007s ]
INFO: [ app_init ] --END-- [ RunTime:0.001732s ]
INFO: [ app_begin ] --START--
INFO: Run Behavior\ReadHtmlCacheBehavior [ RunTime:0.000214s ]
INFO: Run Behavior\CheckLangBehavior [ RunTime:0.000800s ]
INFO: [ app_begin ] --END-- [ RunTime:0.001098s ]
SQL: SHOW COLUMNS FROM `tw_config` [ RunTime:0.0005s ]
SQL: SELECT `webname` FROM `tw_config` WHERE `id` = 1 LIMIT 1   [ RunTime:0.0001s ]

[ 2022-08-07T02:03:59+08:00 ] 185.213.149.152 /Ajaxtrade/obtain_btc
INFO: [ app_init ] --START--
INFO: Run Behavior\BuildLiteBehavior [ RunTime:0.000009s ]
INFO: [ app_init ] --END-- [ RunTime:0.001676s ]
INFO: [ app_begin ] --START--
INFO: Run Behavior\ReadHtmlCacheBehavior [ RunTime:0.000308s ]
INFO: Run Behavior\CheckLangBehavior [ RunTime:0.001001s ]
INFO: [ app_begin ] --END-- [ RunTime:0.001424s ]
SQL: SHOW COLUMNS FROM `tw_config` [ RunTime:0.0012s ]
SQL: SELECT `webname` FROM `tw_config` WHERE `id` = 1 LIMIT 1   [ RunTime:0.0003s ]

[ 2022-08-07T02:04:00+08:00 ] 185.213.149.152 /Ajaxtrade/get_market_one
INFO: [ app_init ] --START--
INFO: Run Behavior\BuildLiteBehavior [ RunTime:0.000006s ]
INFO: [ app_init ] --END-- [ RunTime:0.001179s ]
INFO: [ app_begin ] --START--
INFO: Run Behavior\ReadHtmlCacheBehavior [ RunTime:0.000211s ]
INFO: Run Behavior\CheckLangBehavior [ RunTime:0.000833s ]
INFO: [ app_begin ] --END-- [ RunTime:0.001130s ]
SQL: SHOW COLUMNS FROM `tw_config` [ RunTime:0.0005s ]
SQL: SELECT `webname` FROM `tw_config` WHERE `id` = 1 LIMIT 1   [ RunTime:0.0001s ]

[ 2022-08-07T02:04:01+08:00 ] 185.213.149.152 /Ajaxtrade/obtain_eth
INFO: [ app_init ] --START--
INFO: Run Behavior\BuildLiteBehavior [ RunTime:0.000005s ]
INFO: [ app_init ] --END-- [ RunTime:0.001183s ]
INFO: [ app_begin ] --START--
INFO: Run Behavior\ReadHtmlCacheBehavior [ RunTime:0.000217s ]
INFO: Run Behavior\CheckLangBehavior [ RunTime:0.000804s ]
INFO: [ app_begin ] --END-- [ RunTime:0.001110s ]
SQL: SHOW COLUMNS FROM `tw_config` [ RunTime:0.0010s ]
SQL: SELECT `webname` FROM `tw_config` WHERE `id` = 1 LIMIT 1   [ RunTime:0.0003s ]

[ 2022-08-07T02:04:01+08:00 ] 185.213.149.152 /Ajaxtrade/obtain_btc
INFO: [ app_init ] --START--
INFO: Run Behavior\BuildLiteBehavior [ RunTime:0.000007s ]
INFO: [ app_init ] --END-- [ RunTime:0.001697s ]
INFO: [ app_begin ] --START--
INFO: Run Behavior\ReadHtmlCacheBehavior [ RunTime:0.000315s ]
INFO: Run Behavior\CheckLangBehavior [ RunTime:0.001214s ]
INFO: [ app_begin ] --END-- [ RunTime:0.001660s ]
SQL: SHOW COLUMNS FROM `tw_config` [ RunTime:0.0006s ]
SQL: SELECT `webname` FROM `tw_config` WHERE `id` = 1 LIMIT 1   [ RunTime:0.0002s ]

[ 2022-08-07T02:04:02+08:00 ] 185.213.149.152 /Ajaxtrade/get_market_one
INFO: [ app_init ] --START--
INFO: Run Behavior\BuildLiteBehavior [ RunTime:0.000007s ]
INFO: [ app_init ] --END-- [ RunTime:0.001704s ]
INFO: [ app_begin ] --START--
INFO: Run Behavior\ReadHtmlCacheBehavior [ RunTime:0.000316s ]
INFO: Run Behavior\CheckLangBehavior [ RunTime:0.001225s ]
INFO: [ app_begin ] --END-- [ RunTime:0.001674s ]
SQL: SHOW COLUMNS FROM `tw_config` [ RunTime:0.0005s ]
SQL: SELECT `webname` FROM `tw_config` WHERE `id` = 1 LIMIT 1   [ RunTime:0.0002s ]

[ 2022-08-07T02:04:02+08:00 ] 185.213.149.152 /Login/index
INFO: [ app_init ] --START--
INFO: Run Behavior\BuildLiteBehavior [ RunTime:0.000012s ]
INFO: [ app_init ] --END-- [ RunTime:0.002717s ]
INFO: [ app_begin ] --START--
INFO: Run Behavior\ReadHtmlCacheBehavior [ RunTime:0.000471s ]
INFO: Run Behavior\CheckLangBehavior [ RunTime:0.001725s ]
INFO: [ app_begin ] --END-- [ RunTime:0.002396s ]
SQL: SHOW COLUMNS FROM `tw_config` [ RunTime:0.0005s ]
SQL: SELECT `webname` FROM `tw_config` WHERE `id` = 1 LIMIT 1   [ RunTime:0.0002s ]
INFO: [ view_parse ] --START--
INFO: [ template_filter ] --START--
INFO: Run Behavior\ContentReplaceBehavior [ RunTime:0.000025s ]
INFO: [ template_filter ] --END-- [ RunTime:0.000077s ]
NOTIC: [8192] preg_replace(): The /e modifier is deprecated, use preg_replace_callback instead /www/wwwroot/jiaoyisuo.tg-ceshi.store/heise/ThinkPHP/Common/functions.php 第 157 行.
NOTIC: [8192] preg_replace(): The /e modifier is deprecated, use preg_replace_callback instead /www/wwwroot/jiaoyisuo.tg-ceshi.store/heise/ThinkPHP/Common/functions.php 第 157 行.
NOTIC: [8192] preg_replace(): The /e modifier is deprecated, use preg_replace_callback instead /www/wwwroot/jiaoyisuo.tg-ceshi.store/heise/ThinkPHP/Common/functions.php 第 157 行.
NOTIC: [8192] preg_replace(): The /e modifier is deprecated, use preg_replace_callback instead /www/wwwroot/jiaoyisuo.tg-ceshi.store/heise/ThinkPHP/Common/functions.php 第 157 行.
NOTIC: [8192] preg_replace(): The /e modifier is deprecated, use preg_replace_callback instead /www/wwwroot/jiaoyisuo.tg-ceshi.store/heise/ThinkPHP/Common/functions.php 第 157 行.
NOTIC: [8192] preg_replace(): The /e modifier is deprecated, use preg_replace_callback instead /www/wwwroot/jiaoyisuo.tg-ceshi.store/heise/ThinkPHP/Common/functions.php 第 157 行.
NOTIC: [8192] preg_replace(): The /e modifier is deprecated, use preg_replace_callback instead /www/wwwroot/jiaoyisuo.tg-ceshi.store/heise/ThinkPHP/Common/functions.php 第 157 行.
NOTIC: [8192] preg_replace(): The /e modifier is deprecated, use preg_replace_callback instead /www/wwwroot/jiaoyisuo.tg-ceshi.store/heise/ThinkPHP/Common/functions.php 第 157 行.
INFO: Run Behavior\ParseTemplateBehavior [ RunTime:0.003479s ]
INFO: [ view_parse ] --END-- [ RunTime:0.003528s ]
INFO: [ view_filter ] --START--
INFO: Run Behavior\WriteHtmlCacheBehavior [ RunTime:0.000102s ]
INFO: [ view_filter ] --END-- [ RunTime:0.000142s ]
INFO: [ app_end ] --START--
INFO: Run Behavior\ShowPageTraceBehavior [ RunTime:0.000232s ]
INFO: [ app_end ] --END-- [ RunTime:0.000279s ]

[ 2022-08-07T02:04:02+08:00 ] 185.213.149.152 /Ajaxtrade/obtain_eos
INFO: [ app_init ] --START--
INFO: Run Behavior\BuildLiteBehavior [ RunTime:0.000005s ]
INFO: [ app_init ] --END-- [ RunTime:0.001113s ]
INFO: [ app_begin ] --START--
INFO: Run Behavior\ReadHtmlCacheBehavior [ RunTime:0.000206s ]
INFO: Run Behavior\CheckLangBehavior [ RunTime:0.000784s ]
INFO: [ app_begin ] --END-- [ RunTime:0.001076s ]
SQL: SHOW COLUMNS FROM `tw_config` [ RunTime:0.0005s ]
SQL: SELECT `webname` FROM `tw_config` WHERE `id` = 1 LIMIT 1   [ RunTime:0.0001s ]

[ 2022-08-07T02:04:07+08:00 ] 185.213.149.152 /Login/loginsubmit
INFO: [ app_init ] --START--
INFO: Run Behavior\BuildLiteBehavior [ RunTime:0.000007s ]
INFO: [ app_init ] --END-- [ RunTime:0.001573s ]
INFO: [ app_begin ] --START--
INFO: Run Behavior\ReadHtmlCacheBehavior [ RunTime:0.000292s ]
INFO: Run Behavior\CheckLangBehavior [ RunTime:0.001076s ]
INFO: [ app_begin ] --END-- [ RunTime:0.001488s ]
SQL: SHOW COLUMNS FROM `tw_config` [ RunTime:0.0006s ]
SQL: SELECT `webname` FROM `tw_config` WHERE `id` = 1 LIMIT 1   [ RunTime:0.0002s ]
SQL: SHOW COLUMNS FROM `tw_user` [ RunTime:0.0007s ]
SQL: SELECT * FROM `tw_user` WHERE `username` = 'nihao@qq.com' LIMIT 1   [ RunTime:0.0002s ]
SQL: SHOW COLUMNS FROM `tw_user` [ RunTime:0.0004s ]
SQL: UPDATE `tw_user` SET `logins`=logins+1 WHERE `id` = 169 [ RunTime:0.0022s ]
NOTIC: [8192] preg_replace(): The /e modifier is deprecated, use preg_replace_callback instead /www/wwwroot/jiaoyisuo.tg-ceshi.store/heise/ThinkPHP/Common/functions.php 第 157 行.
NOTIC: [8192] preg_replace(): The /e modifier is deprecated, use preg_replace_callback instead /www/wwwroot/jiaoyisuo.tg-ceshi.store/heise/ThinkPHP/Common/functions.php 第 157 行.
SQL: SHOW COLUMNS FROM `tw_user_log` [ RunTime:0.0007s ]
SQL: INSERT INTO `tw_user_log` (`userid`,`type`,`remark`,`addtime`,`addip`,`addr`,`status`) VALUES ('169','Sign in','Mailbox login','1659809047','185.213.149.152','欧洲和中东地区','1') [ RunTime:0.0013s ]
SQL: UPDATE `tw_user` SET `lgtime`='2022-08-07' WHERE `id` = 169 [ RunTime:0.0007s ]
NOTIC: [8192] preg_replace(): The /e modifier is deprecated, use preg_replace_callback instead /www/wwwroot/jiaoyisuo.tg-ceshi.store/heise/ThinkPHP/Common/functions.php 第 157 行.

[ 2022-08-07T02:04:09+08:00 ] 185.213.149.152 /Index/index
INFO: [ app_init ] --START--
INFO: Run Behavior\BuildLiteBehavior [ RunTime:0.000007s ]
INFO: [ app_init ] --END-- [ RunTime:0.001509s ]
INFO: [ app_begin ] --START--
INFO: Run Behavior\ReadHtmlCacheBehavior [ RunTime:0.000289s ]
INFO: Run Behavior\CheckLangBehavior [ RunTime:0.001030s ]
INFO: [ app_begin ] --END-- [ RunTime:0.001437s ]
SQL: SHOW COLUMNS FROM `tw_config` [ RunTime:0.0006s ]
SQL: SELECT `webname` FROM `tw_config` WHERE `id` = 1 LIMIT 1   [ RunTime:0.0002s ]

[ 2022-08-07T02:04:10+08:00 ] 185.213.149.152 /Trade/tradelist
INFO: [ app_init ] --START--
INFO: Run Behavior\BuildLiteBehavior [ RunTime:0.000006s ]
INFO: [ app_init ] --END-- [ RunTime:0.001315s ]
INFO: [ app_begin ] --START--
INFO: Run Behavior\ReadHtmlCacheBehavior [ RunTime:0.000242s ]
INFO: Run Behavior\CheckLangBehavior [ RunTime:0.000952s ]
INFO: [ app_begin ] --END-- [ RunTime:0.001294s ]
SQL: SHOW COLUMNS FROM `tw_config` [ RunTime:0.0005s ]
SQL: SELECT `webname` FROM `tw_config` WHERE `id` = 1 LIMIT 1   [ RunTime:0.0002s ]
SQL: SELECT `websildea`,`websildeb`,`websildec` FROM `tw_config` WHERE `id` = 1 LIMIT 1   [ RunTime:0.0001s ]
SQL: SHOW COLUMNS FROM `tw_content` [ RunTime:0.0003s ]
SQL: SELECT `title`,`id` FROM `tw_content` WHERE `status` = 1 ORDER BY id desc  [ RunTime:0.0002s ]
SQL: SHOW COLUMNS FROM `tw_notice` [ RunTime:0.0008s ]
SQL: SELECT COUNT(*) AS tp_count FROM `tw_notice` WHERE `uid` = 169 AND `status` = 1 LIMIT 1   [ RunTime:0.0003s ]
SQL: SHOW COLUMNS FROM `tw_ctmarket` [ RunTime:0.0003s ]
SQL: SELECT `coinname`,`id`,`logo` FROM `tw_ctmarket` WHERE `status` = 1  [ RunTime:0.0001s ]
SQL: SELECT * FROM `tw_content` WHERE `status` = 1 ORDER BY id desc LIMIT 1   [ RunTime:0.0001s ]
INFO: [ view_parse ] --START--
INFO: [ template_filter ] --START--
INFO: Run Behavior\ContentReplaceBehavior [ RunTime:0.000089s ]
INFO: [ template_filter ] --END-- [ RunTime:0.000151s ]
NOTIC: [8192] preg_replace(): The /e modifier is deprecated, use preg_replace_callback instead /www/wwwroot/jiaoyisuo.tg-ceshi.store/heise/ThinkPHP/Common/functions.php 第 157 行.
NOTIC: [8192] preg_replace(): The /e modifier is deprecated, use preg_replace_callback instead /www/wwwroot/jiaoyisuo.tg-ceshi.store/heise/ThinkPHP/Common/functions.php 第 157 行.
NOTIC: [8192] preg_replace(): The /e modifier is deprecated, use preg_replace_callback instead /www/wwwroot/jiaoyisuo.tg-ceshi.store/heise/ThinkPHP/Common/functions.php 第 157 行.
NOTIC: [8192] preg_replace(): The /e modifier is deprecated, use preg_replace_callback instead /www/wwwroot/jiaoyisuo.tg-ceshi.store/heise/ThinkPHP/Common/functions.php 第 157 行.
NOTIC: [8192] preg_replace(): The /e modifier is deprecated, use preg_replace_callback instead /www/wwwroot/jiaoyisuo.tg-ceshi.store/heise/ThinkPHP/Common/functions.php 第 157 行.
NOTIC: [8192] preg_replace(): The /e modifier is deprecated, use preg_replace_callback instead /www/wwwroot/jiaoyisuo.tg-ceshi.store/heise/ThinkPHP/Common/functions.php 第 157 行.
NOTIC: [8192] preg_replace(): The /e modifier is deprecated, use preg_replace_callback instead /www/wwwroot/jiaoyisuo.tg-ceshi.store/heise/ThinkPHP/Common/functions.php 第 157 行.
NOTIC: [8192] preg_replace(): The /e modifier is deprecated, use preg_replace_callback instead /www/wwwroot/jiaoyisuo.tg-ceshi.store/heise/ThinkPHP/Common/functions.php 第 157 行.
NOTIC: [8192] preg_replace(): The /e modifier is deprecated, use preg_replace_callback instead /www/wwwroot/jiaoyisuo.tg-ceshi.store/heise/ThinkPHP/Common/functions.php 第 157 行.
NOTIC: [8192] preg_replace(): The /e modifier is deprecated, use preg_replace_callback instead /www/wwwroot/jiaoyisuo.tg-ceshi.store/heise/ThinkPHP/Common/functions.php 第 157 行.
NOTIC: [8192] preg_replace(): The /e modifier is deprecated, use preg_replace_callback instead /www/wwwroot/jiaoyisuo.tg-ceshi.store/heise/ThinkPHP/Common/functions.php 第 157 行.
NOTIC: [8192] preg_replace(): The /e modifier is deprecated, use preg_replace_callback instead /www/wwwroot/jiaoyisuo.tg-ceshi.store/heise/ThinkPHP/Common/functions.php 第 157 行.
NOTIC: [8192] preg_replace(): The /e modifier is deprecated, use preg_replace_callback instead /www/wwwroot/jiaoyisuo.tg-ceshi.store/heise/ThinkPHP/Common/functions.php 第 157 行.
NOTIC: [8192] preg_replace(): The /e modifier is deprecated, use preg_replace_callback instead /www/wwwroot/jiaoyisuo.tg-ceshi.store/heise/ThinkPHP/Common/functions.php 第 157 行.
NOTIC: [8192] preg_replace(): The /e modifier is deprecated, use preg_replace_callback instead /www/wwwroot/jiaoyisuo.tg-ceshi.store/heise/ThinkPHP/Common/functions.php 第 157 行.
NOTIC: [8192] preg_replace(): The /e modifier is deprecated, use preg_replace_callback instead /www/wwwroot/jiaoyisuo.tg-ceshi.store/heise/ThinkPHP/Common/functions.php 第 157 行.
NOTIC: [8192] preg_replace(): The /e modifier is deprecated, use preg_replace_callback instead /www/wwwroot/jiaoyisuo.tg-ceshi.store/heise/ThinkPHP/Common/functions.php 第 157 行.
NOTIC: [8192] preg_replace(): The /e modifier is deprecated, use preg_replace_callback instead /www/wwwroot/jiaoyisuo.tg-ceshi.store/heise/ThinkPHP/Common/functions.php 第 157 行.
NOTIC: [8192] preg_replace(): The /e modifier is deprecated, use preg_replace_callback instead /www/wwwroot/jiaoyisuo.tg-ceshi.store/heise/ThinkPHP/Common/functions.php 第 157 行.
NOTIC: [8192] preg_replace(): The /e modifier is deprecated, use preg_replace_callback instead /www/wwwroot/jiaoyisuo.tg-ceshi.store/heise/ThinkPHP/Common/functions.php 第 157 行.
NOTIC: [8192] preg_replace(): The /e modifier is deprecated, use preg_replace_callback instead /www/wwwroot/jiaoyisuo.tg-ceshi.store/heise/ThinkPHP/Common/functions.php 第 157 行.
INFO: Run Behavior\ParseTemplateBehavior [ RunTime:0.008957s ]
INFO: [ view_parse ] --END-- [ RunTime:0.009005s ]
INFO: [ view_filter ] --START--
INFO: Run Behavior\WriteHtmlCacheBehavior [ RunTime:0.000119s ]
INFO: [ view_filter ] --END-- [ RunTime:0.000162s ]
INFO: [ app_end ] --START--
INFO: Run Behavior\ShowPageTraceBehavior [ RunTime:0.000369s ]
INFO: [ app_end ] --END-- [ RunTime:0.000423s ]

[ 2022-08-07T02:04:10+08:00 ] 185.213.149.152 /Ajaxtrade/obtain_bch
INFO: [ app_init ] --START--
INFO: Run Behavior\BuildLiteBehavior [ RunTime:0.000010s ]
INFO: [ app_init ] --END-- [ RunTime:0.002126s ]
INFO: [ app_begin ] --START--
INFO: Run Behavior\ReadHtmlCacheBehavior [ RunTime:0.000363s ]
INFO: Run Behavior\CheckLangBehavior [ RunTime:0.001422s ]
INFO: [ app_begin ] --END-- [ RunTime:0.001919s ]
SQL: SHOW COLUMNS FROM `tw_config` [ RunTime:0.0005s ]
SQL: SELECT `webname` FROM `tw_config` WHERE `id` = 1 LIMIT 1   [ RunTime:0.0001s ]

[ 2022-08-07T02:04:10+08:00 ] 185.213.149.152 /Ajaxtrade/obtain_jst
INFO: [ app_init ] --START--
INFO: Run Behavior\BuildLiteBehavior [ RunTime:0.000010s ]
INFO: [ app_init ] --END-- [ RunTime:0.002247s ]
INFO: [ app_begin ] --START--
INFO: Run Behavior\ReadHtmlCacheBehavior [ RunTime:0.000359s ]
INFO: Run Behavior\CheckLangBehavior [ RunTime:0.001470s ]
INFO: [ app_begin ] --END-- [ RunTime:0.001965s ]
SQL: SHOW COLUMNS FROM `tw_config` [ RunTime:0.0007s ]
SQL: SELECT `webname` FROM `tw_config` WHERE `id` = 1 LIMIT 1   [ RunTime:0.0002s ]

[ 2022-08-07T02:04:11+08:00 ] 185.213.149.152 /Ajaxtrade/obtain_iota
INFO: [ app_init ] --START--
INFO: Run Behavior\BuildLiteBehavior [ RunTime:0.000010s ]
INFO: [ app_init ] --END-- [ RunTime:0.002043s ]
INFO: [ app_begin ] --START--
INFO: Run Behavior\ReadHtmlCacheBehavior [ RunTime:0.000360s ]
INFO: Run Behavior\CheckLangBehavior [ RunTime:0.001388s ]
INFO: [ app_begin ] --END-- [ RunTime:0.001881s ]
SQL: SHOW COLUMNS FROM `tw_config` [ RunTime:0.0008s ]
SQL: SELECT `webname` FROM `tw_config` WHERE `id` = 1 LIMIT 1   [ RunTime:0.0002s ]

[ 2022-08-07T02:04:11+08:00 ] 185.213.149.152 /Ajaxtrade/obtain_fil
INFO: [ app_init ] --START--
INFO: Run Behavior\BuildLiteBehavior [ RunTime:0.000010s ]
INFO: [ app_init ] --END-- [ RunTime:0.002093s ]
INFO: [ app_begin ] --START--
INFO: Run Behavior\ReadHtmlCacheBehavior [ RunTime:0.000351s ]
INFO: Run Behavior\CheckLangBehavior [ RunTime:0.001422s ]
INFO: [ app_begin ] --END-- [ RunTime:0.001910s ]
SQL: SHOW COLUMNS FROM `tw_config` [ RunTime:0.0005s ]
SQL: SELECT `webname` FROM `tw_config` WHERE `id` = 1 LIMIT 1   [ RunTime:0.0002s ]

[ 2022-08-07T02:04:11+08:00 ] 185.213.149.152 /Ajaxtrade/obtain_usdz
INFO: [ app_init ] --START--
INFO: Run Behavior\BuildLiteBehavior [ RunTime:0.000006s ]
INFO: [ app_init ] --END-- [ RunTime:0.001240s ]
INFO: [ app_begin ] --START--
INFO: Run Behavior\ReadHtmlCacheBehavior [ RunTime:0.000232s ]
INFO: Run Behavior\CheckLangBehavior [ RunTime:0.000876s ]
INFO: [ app_begin ] --END-- [ RunTime:0.001197s ]
SQL: SHOW COLUMNS FROM `tw_config` [ RunTime:0.0007s ]
SQL: SELECT `webname` FROM `tw_config` WHERE `id` = 1 LIMIT 1   [ RunTime:0.0002s ]
SQL: SHOW COLUMNS FROM `tw_market` [ RunTime:0.0006s ]
SQL: SELECT `new_price`,`min_price`,`max_price`,`faxingjia`,`volume` FROM `tw_market` WHERE `name` = 'usdz_usdt' LIMIT 1   [ RunTime:0.0003s ]
NOTIC: [8] Undefined variable: cname /www/wwwroot/jiaoyisuo.tg-ceshi.store/heise/Application/Mobile/Controller/AjaxtradeController.class.php 第 697 行.

[ 2022-08-07T02:04:11+08:00 ] 185.213.149.152 /Ajaxtrade/obtain_flow
INFO: [ app_init ] --START--
INFO: Run Behavior\BuildLiteBehavior [ RunTime:0.000011s ]
INFO: [ app_init ] --END-- [ RunTime:0.002073s ]
INFO: [ app_begin ] --START--
INFO: Run Behavior\ReadHtmlCacheBehavior [ RunTime:0.000353s ]
INFO: Run Behavior\CheckLangBehavior [ RunTime:0.001414s ]
INFO: [ app_begin ] --END-- [ RunTime:0.001908s ]
SQL: SHOW COLUMNS FROM `tw_config` [ RunTime:0.0004s ]
SQL: SELECT `webname` FROM `tw_config` WHERE `id` = 1 LIMIT 1   [ RunTime:0.0001s ]

[ 2022-08-07T02:04:11+08:00 ] 185.213.149.152 /Ajaxtrade/obtain_ltc
INFO: [ app_init ] --START--
INFO: Run Behavior\BuildLiteBehavior [ RunTime:0.000010s ]
INFO: [ app_init ] --END-- [ RunTime:0.002090s ]
INFO: [ app_begin ] --START--
INFO: Run Behavior\ReadHtmlCacheBehavior [ RunTime:0.000366s ]
INFO: Run Behavior\CheckLangBehavior [ RunTime:0.001421s ]
INFO: [ app_begin ] --END-- [ RunTime:0.001920s ]
SQL: SHOW COLUMNS FROM `tw_config` [ RunTime:0.0009s ]
SQL: SELECT `webname` FROM `tw_config` WHERE `id` = 1 LIMIT 1   [ RunTime:0.0002s ]

[ 2022-08-07T02:04:11+08:00 ] 185.213.149.152 /Ajaxtrade/obtain_doge
INFO: [ app_init ] --START--
INFO: Run Behavior\BuildLiteBehavior [ RunTime:0.000010s ]
INFO: [ app_init ] --END-- [ RunTime:0.002160s ]
INFO: [ app_begin ] --START--
INFO: Run Behavior\ReadHtmlCacheBehavior [ RunTime:0.000374s ]
INFO: Run Behavior\CheckLangBehavior [ RunTime:0.001475s ]
INFO: [ app_begin ] --END-- [ RunTime:0.001993s ]
SQL: SHOW COLUMNS FROM `tw_config` [ RunTime:0.0005s ]
SQL: SELECT `webname` FROM `tw_config` WHERE `id` = 1 LIMIT 1   [ RunTime:0.0002s ]

[ 2022-08-07T02:04:12+08:00 ] 185.213.149.152 /Ajaxtrade/get_market_one
INFO: [ app_init ] --START--
INFO: Run Behavior\BuildLiteBehavior [ RunTime:0.000005s ]
INFO: [ app_init ] --END-- [ RunTime:0.001160s ]
INFO: [ app_begin ] --START--
INFO: Run Behavior\ReadHtmlCacheBehavior [ RunTime:0.000215s ]
INFO: Run Behavior\CheckLangBehavior [ RunTime:0.000811s ]
INFO: [ app_begin ] --END-- [ RunTime:0.001114s ]
SQL: SHOW COLUMNS FROM `tw_config` [ RunTime:0.0004s ]
SQL: SELECT `webname` FROM `tw_config` WHERE `id` = 1 LIMIT 1   [ RunTime:0.0001s ]

[ 2022-08-07T02:04:12+08:00 ] 185.213.149.152 /Ajaxtrade/obtain_itc
INFO: [ app_init ] --START--
INFO: Run Behavior\BuildLiteBehavior [ RunTime:0.000010s ]
INFO: [ app_init ] --END-- [ RunTime:0.001760s ]
INFO: [ app_begin ] --START--
INFO: Run Behavior\ReadHtmlCacheBehavior [ RunTime:0.000357s ]
INFO: Run Behavior\CheckLangBehavior [ RunTime:0.001419s ]
INFO: [ app_begin ] --END-- [ RunTime:0.001916s ]
SQL: SHOW COLUMNS FROM `tw_config` [ RunTime:0.0006s ]
SQL: SELECT `webname` FROM `tw_config` WHERE `id` = 1 LIMIT 1   [ RunTime:0.0002s ]

[ 2022-08-07T02:04:12+08:00 ] 185.213.149.152 /Ajaxtrade/obtain_ht
INFO: [ app_init ] --START--
INFO: Run Behavior\BuildLiteBehavior [ RunTime:0.000006s ]
INFO: [ app_init ] --END-- [ RunTime:0.001181s ]
INFO: [ app_begin ] --START--
INFO: Run Behavior\ReadHtmlCacheBehavior [ RunTime:0.000211s ]
INFO: Run Behavior\CheckLangBehavior [ RunTime:0.000793s ]
INFO: [ app_begin ] --END-- [ RunTime:0.001089s ]
SQL: SHOW COLUMNS FROM `tw_config` [ RunTime:0.0005s ]
SQL: SELECT `webname` FROM `tw_config` WHERE `id` = 1 LIMIT 1   [ RunTime:0.0001s ]

[ 2022-08-07T02:04:12+08:00 ] 185.213.149.152 /Ajaxtrade/obtain_btc
INFO: [ app_init ] --START--
INFO: Run Behavior\BuildLiteBehavior [ RunTime:0.000005s ]
INFO: [ app_init ] --END-- [ RunTime:0.001163s ]
INFO: [ app_begin ] --START--
INFO: Run Behavior\ReadHtmlCacheBehavior [ RunTime:0.000207s ]
INFO: Run Behavior\CheckLangBehavior [ RunTime:0.000810s ]
INFO: [ app_begin ] --END-- [ RunTime:0.001101s ]
SQL: SHOW COLUMNS FROM `tw_config` [ RunTime:0.0005s ]
SQL: SELECT `webname` FROM `tw_config` WHERE `id` = 1 LIMIT 1   [ RunTime:0.0002s ]

[ 2022-08-07T02:04:13+08:00 ] 185.213.149.152 /Ajaxtrade/get_market_one
INFO: [ app_init ] --START--
INFO: Run Behavior\BuildLiteBehavior [ RunTime:0.000005s ]
INFO: [ app_init ] --END-- [ RunTime:0.001111s ]
INFO: [ app_begin ] --START--
INFO: Run Behavior\ReadHtmlCacheBehavior [ RunTime:0.000205s ]
INFO: Run Behavior\CheckLangBehavior [ RunTime:0.000803s ]
INFO: [ app_begin ] --END-- [ RunTime:0.001093s ]
SQL: SHOW COLUMNS FROM `tw_config` [ RunTime:0.0004s ]
SQL: SELECT `webname` FROM `tw_config` WHERE `id` = 1 LIMIT 1   [ RunTime:0.0001s ]

[ 2022-08-07T02:04:13+08:00 ] 185.213.149.152 /Ajaxtrade/obtain_eth
INFO: [ app_init ] --START--
INFO: Run Behavior\BuildLiteBehavior [ RunTime:0.000005s ]
INFO: [ app_init ] --END-- [ RunTime:0.001219s ]
INFO: [ app_begin ] --START--
INFO: Run Behavior\ReadHtmlCacheBehavior [ RunTime:0.000218s ]
INFO: Run Behavior\CheckLangBehavior [ RunTime:0.000802s ]
INFO: [ app_begin ] --END-- [ RunTime:0.001109s ]
SQL: SHOW COLUMNS FROM `tw_config` [ RunTime:0.0005s ]
SQL: SELECT `webname` FROM `tw_config` WHERE `id` = 1 LIMIT 1   [ RunTime:0.0002s ]

[ 2022-08-07T02:04:15+08:00 ] 185.213.149.152 /Ajaxtrade/get_market_one
INFO: [ app_init ] --START--
INFO: Run Behavior\BuildLiteBehavior [ RunTime:0.000008s ]
INFO: [ app_init ] --END-- [ RunTime:0.001934s ]
INFO: [ app_begin ] --START--
INFO: Run Behavior\ReadHtmlCacheBehavior [ RunTime:0.000375s ]
INFO: Run Behavior\CheckLangBehavior [ RunTime:0.001324s ]
INFO: [ app_begin ] --END-- [ RunTime:0.001847s ]
SQL: SHOW COLUMNS FROM `tw_config` [ RunTime:0.0007s ]
SQL: SELECT `webname` FROM `tw_config` WHERE `id` = 1 LIMIT 1   [ RunTime:0.0002s ]

[ 2022-08-07T02:04:15+08:00 ] 185.213.149.152 /Ajaxtrade/obtain_btc
INFO: [ app_init ] --START--
INFO: Run Behavior\BuildLiteBehavior [ RunTime:0.000008s ]
INFO: [ app_init ] --END-- [ RunTime:0.001935s ]
INFO: [ app_begin ] --START--
INFO: Run Behavior\ReadHtmlCacheBehavior [ RunTime:0.000362s ]
INFO: Run Behavior\CheckLangBehavior [ RunTime:0.001316s ]
INFO: [ app_begin ] --END-- [ RunTime:0.001828s ]
SQL: SHOW COLUMNS FROM `tw_config` [ RunTime:0.0007s ]
SQL: SELECT `webname` FROM `tw_config` WHERE `id` = 1 LIMIT 1   [ RunTime:0.0002s ]

[ 2022-08-07T02:04:15+08:00 ] 185.213.149.152 /Trade/trans?sytx=BTC/USDT
INFO: [ app_init ] --START--
INFO: Run Behavior\BuildLiteBehavior [ RunTime:0.000013s ]
INFO: [ app_init ] --END-- [ RunTime:0.002882s ]
INFO: [ app_begin ] --START--
INFO: Run Behavior\ReadHtmlCacheBehavior [ RunTime:0.000487s ]
INFO: Run Behavior\CheckLangBehavior [ RunTime:0.001665s ]
INFO: [ app_begin ] --END-- [ RunTime:0.002349s ]
SQL: SHOW COLUMNS FROM `tw_config` [ RunTime:0.0005s ]
SQL: SELECT `webname` FROM `tw_config` WHERE `id` = 1 LIMIT 1   [ RunTime:0.0002s ]
SQL: SHOW COLUMNS FROM `tw_ctmarket` [ RunTime:0.0003s ]
SQL: SELECT `state` FROM `tw_ctmarket` WHERE `coinname` = 'btc' LIMIT 1   [ RunTime:0.0001s ]
INFO: [ view_parse ] --START--
INFO: [ template_filter ] --START--
INFO: Run Behavior\ContentReplaceBehavior [ RunTime:0.000045s ]
INFO: [ template_filter ] --END-- [ RunTime:0.000099s ]
NOTIC: [8192] preg_replace(): The /e modifier is deprecated, use preg_replace_callback instead /www/wwwroot/jiaoyisuo.tg-ceshi.store/heise/ThinkPHP/Common/functions.php 第 157 行.
NOTIC: [8192] preg_replace(): The /e modifier is deprecated, use preg_replace_callback instead /www/wwwroot/jiaoyisuo.tg-ceshi.store/heise/ThinkPHP/Common/functions.php 第 157 行.
NOTIC: [8192] preg_replace(): The /e modifier is deprecated, use preg_replace_callback instead /www/wwwroot/jiaoyisuo.tg-ceshi.store/heise/ThinkPHP/Common/functions.php 第 157 行.
NOTIC: [8192] preg_replace(): The /e modifier is deprecated, use preg_replace_callback instead /www/wwwroot/jiaoyisuo.tg-ceshi.store/heise/ThinkPHP/Common/functions.php 第 157 行.
NOTIC: [8192] preg_replace(): The /e modifier is deprecated, use preg_replace_callback instead /www/wwwroot/jiaoyisuo.tg-ceshi.store/heise/ThinkPHP/Common/functions.php 第 157 行.
NOTIC: [8192] preg_replace(): The /e modifier is deprecated, use preg_replace_callback instead /www/wwwroot/jiaoyisuo.tg-ceshi.store/heise/ThinkPHP/Common/functions.php 第 157 行.
NOTIC: [8192] preg_replace(): The /e modifier is deprecated, use preg_replace_callback instead /www/wwwroot/jiaoyisuo.tg-ceshi.store/heise/ThinkPHP/Common/functions.php 第 157 行.
NOTIC: [8192] preg_replace(): The /e modifier is deprecated, use preg_replace_callback instead /www/wwwroot/jiaoyisuo.tg-ceshi.store/heise/ThinkPHP/Common/functions.php 第 157 行.
NOTIC: [8192] preg_replace(): The /e modifier is deprecated, use preg_replace_callback instead /www/wwwroot/jiaoyisuo.tg-ceshi.store/heise/ThinkPHP/Common/functions.php 第 157 行.
NOTIC: [8192] preg_replace(): The /e modifier is deprecated, use preg_replace_callback instead /www/wwwroot/jiaoyisuo.tg-ceshi.store/heise/ThinkPHP/Common/functions.php 第 157 行.
NOTIC: [8192] preg_replace(): The /e modifier is deprecated, use preg_replace_callback instead /www/wwwroot/jiaoyisuo.tg-ceshi.store/heise/ThinkPHP/Common/functions.php 第 157 行.
NOTIC: [8192] preg_replace(): The /e modifier is deprecated, use preg_replace_callback instead /www/wwwroot/jiaoyisuo.tg-ceshi.store/heise/ThinkPHP/Common/functions.php 第 157 行.
NOTIC: [8192] preg_replace(): The /e modifier is deprecated, use preg_replace_callback instead /www/wwwroot/jiaoyisuo.tg-ceshi.store/heise/ThinkPHP/Common/functions.php 第 157 行.
NOTIC: [8192] preg_replace(): The /e modifier is deprecated, use preg_replace_callback instead /www/wwwroot/jiaoyisuo.tg-ceshi.store/heise/ThinkPHP/Common/functions.php 第 157 行.
NOTIC: [8192] preg_replace(): The /e modifier is deprecated, use preg_replace_callback instead /www/wwwroot/jiaoyisuo.tg-ceshi.store/heise/ThinkPHP/Common/functions.php 第 157 行.
NOTIC: [8192] preg_replace(): The /e modifier is deprecated, use preg_replace_callback instead /www/wwwroot/jiaoyisuo.tg-ceshi.store/heise/ThinkPHP/Common/functions.php 第 157 行.
INFO: Run Behavior\ParseTemplateBehavior [ RunTime:0.004188s ]
INFO: [ view_parse ] --END-- [ RunTime:0.004233s ]
INFO: [ view_filter ] --START--
INFO: Run Behavior\WriteHtmlCacheBehavior [ RunTime:0.000105s ]
INFO: [ view_filter ] --END-- [ RunTime:0.000144s ]
INFO: [ app_end ] --START--
INFO: Run Behavior\ShowPageTraceBehavior [ RunTime:0.000232s ]
INFO: [ app_end ] --END-- [ RunTime:0.000278s ]

[ 2022-08-07T02:04:15+08:00 ] 185.213.149.152 /Ajaxtrade/obtain_eos
INFO: [ app_init ] --START--
INFO: Run Behavior\BuildLiteBehavior [ RunTime:0.000006s ]
INFO: [ app_init ] --END-- [ RunTime:0.001143s ]
INFO: [ app_begin ] --START--
INFO: Run Behavior\ReadHtmlCacheBehavior [ RunTime:0.000209s ]
INFO: Run Behavior\CheckLangBehavior [ RunTime:0.000790s ]
INFO: [ app_begin ] --END-- [ RunTime:0.001084s ]
SQL: SHOW COLUMNS FROM `tw_config` [ RunTime:0.0005s ]
SQL: SELECT `webname` FROM `tw_config` WHERE `id` = 1 LIMIT 1   [ RunTime:0.0002s ]

[ 2022-08-07T02:04:15+08:00 ] 185.213.149.152 /Trade/ordinary?market=btcusdt
INFO: [ app_init ] --START--
INFO: Run Behavior\BuildLiteBehavior [ RunTime:0.000005s ]
INFO: [ app_init ] --END-- [ RunTime:0.001118s ]
INFO: [ app_begin ] --START--
INFO: Run Behavior\ReadHtmlCacheBehavior [ RunTime:0.000207s ]
INFO: Run Behavior\CheckLangBehavior [ RunTime:0.000765s ]
INFO: [ app_begin ] --END-- [ RunTime:0.001057s ]
SQL: SHOW COLUMNS FROM `tw_config` [ RunTime:0.0009s ]
SQL: SELECT `webname` FROM `tw_config` WHERE `id` = 1 LIMIT 1   [ RunTime:0.0002s ]
INFO: [ view_parse ] --START--
INFO: [ template_filter ] --START--
INFO: Run Behavior\ContentReplaceBehavior [ RunTime:0.000033s ]
INFO: [ template_filter ] --END-- [ RunTime:0.000099s ]
NOTIC: [8192] preg_replace(): The /e modifier is deprecated, use preg_replace_callback instead /www/wwwroot/jiaoyisuo.tg-ceshi.store/heise/ThinkPHP/Common/functions.php 第 157 行.
INFO: Run Behavior\ParseTemplateBehavior [ RunTime:0.003015s ]
INFO: [ view_parse ] --END-- [ RunTime:0.003076s ]
INFO: [ view_filter ] --START--
INFO: Run Behavior\WriteHtmlCacheBehavior [ RunTime:0.000130s ]
INFO: [ view_filter ] --END-- [ RunTime:0.000181s ]
INFO: [ app_end ] --START--
INFO: Run Behavior\ShowPageTraceBehavior [ RunTime:0.000305s ]
INFO: [ app_end ] --END-- [ RunTime:0.000363s ]

[ 2022-08-07T02:04:15+08:00 ] 185.213.149.152 /Ajaxtrade/gettradlist
INFO: [ app_init ] --START--
INFO: Run Behavior\BuildLiteBehavior [ RunTime:0.000005s ]
INFO: [ app_init ] --END-- [ RunTime:0.001146s ]
INFO: [ app_begin ] --START--
INFO: Run Behavior\ReadHtmlCacheBehavior [ RunTime:0.000214s ]
INFO: Run Behavior\CheckLangBehavior [ RunTime:0.000792s ]
INFO: [ app_begin ] --END-- [ RunTime:0.001093s ]
SQL: SHOW COLUMNS FROM `tw_config` [ RunTime:0.0005s ]
SQL: SELECT `webname` FROM `tw_config` WHERE `id` = 1 LIMIT 1   [ RunTime:0.0001s ]
NOTIC: [8192] preg_replace(): The /e modifier is deprecated, use preg_replace_callback instead /www/wwwroot/jiaoyisuo.tg-ceshi.store/heise/ThinkPHP/Common/functions.php 第 157 行.
NOTIC: [8192] preg_replace(): The /e modifier is deprecated, use preg_replace_callback instead /www/wwwroot/jiaoyisuo.tg-ceshi.store/heise/ThinkPHP/Common/functions.php 第 157 行.
NOTIC: [8192] preg_replace(): The /e modifier is deprecated, use preg_replace_callback instead /www/wwwroot/jiaoyisuo.tg-ceshi.store/heise/ThinkPHP/Common/functions.php 第 157 行.
NOTIC: [8192] preg_replace(): The /e modifier is deprecated, use preg_replace_callback instead /www/wwwroot/jiaoyisuo.tg-ceshi.store/heise/ThinkPHP/Common/functions.php 第 157 行.
NOTIC: [8192] preg_replace(): The /e modifier is deprecated, use preg_replace_callback instead /www/wwwroot/jiaoyisuo.tg-ceshi.store/heise/ThinkPHP/Common/functions.php 第 157 行.
NOTIC: [8192] preg_replace(): The /e modifier is deprecated, use preg_replace_callback instead /www/wwwroot/jiaoyisuo.tg-ceshi.store/heise/ThinkPHP/Common/functions.php 第 157 行.
NOTIC: [8192] preg_replace(): The /e modifier is deprecated, use preg_replace_callback instead /www/wwwroot/jiaoyisuo.tg-ceshi.store/heise/ThinkPHP/Common/functions.php 第 157 行.
NOTIC: [8192] preg_replace(): The /e modifier is deprecated, use preg_replace_callback instead /www/wwwroot/jiaoyisuo.tg-ceshi.store/heise/ThinkPHP/Common/functions.php 第 157 行.
NOTIC: [8192] preg_replace(): The /e modifier is deprecated, use preg_replace_callback instead /www/wwwroot/jiaoyisuo.tg-ceshi.store/heise/ThinkPHP/Common/functions.php 第 157 行.
NOTIC: [8192] preg_replace(): The /e modifier is deprecated, use preg_replace_callback instead /www/wwwroot/jiaoyisuo.tg-ceshi.store/heise/ThinkPHP/Common/functions.php 第 157 行.
NOTIC: [8192] preg_replace(): The /e modifier is deprecated, use preg_replace_callback instead /www/wwwroot/jiaoyisuo.tg-ceshi.store/heise/ThinkPHP/Common/functions.php 第 157 行.
NOTIC: [8192] preg_replace(): The /e modifier is deprecated, use preg_replace_callback instead /www/wwwroot/jiaoyisuo.tg-ceshi.store/heise/ThinkPHP/Common/functions.php 第 157 行.
NOTIC: [8192] preg_replace(): The /e modifier is deprecated, use preg_replace_callback instead /www/wwwroot/jiaoyisuo.tg-ceshi.store/heise/ThinkPHP/Common/functions.php 第 157 行.
NOTIC: [8192] preg_replace(): The /e modifier is deprecated, use preg_replace_callback instead /www/wwwroot/jiaoyisuo.tg-ceshi.store/heise/ThinkPHP/Common/functions.php 第 157 行.
NOTIC: [8192] preg_replace(): The /e modifier is deprecated, use preg_replace_callback instead /www/wwwroot/jiaoyisuo.tg-ceshi.store/heise/ThinkPHP/Common/functions.php 第 157 行.
NOTIC: [8192] preg_replace(): The /e modifier is deprecated, use preg_replace_callback instead /www/wwwroot/jiaoyisuo.tg-ceshi.store/heise/ThinkPHP/Common/functions.php 第 157 行.
NOTIC: [8192] preg_replace(): The /e modifier is deprecated, use preg_replace_callback instead /www/wwwroot/jiaoyisuo.tg-ceshi.store/heise/ThinkPHP/Common/functions.php 第 157 行.
NOTIC: [8192] preg_replace(): The /e modifier is deprecated, use preg_replace_callback instead /www/wwwroot/jiaoyisuo.tg-ceshi.store/heise/ThinkPHP/Common/functions.php 第 157 行.
NOTIC: [8192] preg_replace(): The /e modifier is deprecated, use preg_replace_callback instead /www/wwwroot/jiaoyisuo.tg-ceshi.store/heise/ThinkPHP/Common/functions.php 第 157 行.
NOTIC: [8192] preg_replace(): The /e modifier is deprecated, use preg_replace_callback instead /www/wwwroot/jiaoyisuo.tg-ceshi.store/heise/ThinkPHP/Common/functions.php 第 157 行.

[ 2022-08-07T02:04:16+08:00 ] 185.213.149.152 /Ajaxtrade/getcoin_data
INFO: [ app_init ] --START--
INFO: Run Behavior\BuildLiteBehavior [ RunTime:0.000005s ]
INFO: [ app_init ] --END-- [ RunTime:0.001142s ]
INFO: [ app_begin ] --START--
INFO: Run Behavior\ReadHtmlCacheBehavior [ RunTime:0.000212s ]
INFO: Run Behavior\CheckLangBehavior [ RunTime:0.000825s ]
INFO: [ app_begin ] --END-- [ RunTime:0.001125s ]
SQL: SHOW COLUMNS FROM `tw_config` [ RunTime:0.0005s ]
SQL: SELECT `webname` FROM `tw_config` WHERE `id` = 1 LIMIT 1   [ RunTime:0.0002s ]

[ 2022-08-07T02:04:17+08:00 ] 185.213.149.152 /Trade/transinfo.html?symbol=BTC&type=buy
INFO: [ app_init ] --START--
INFO: Run Behavior\BuildLiteBehavior [ RunTime:0.000014s ]
INFO: [ app_init ] --END-- [ RunTime:0.003613s ]
INFO: [ app_begin ] --START--
INFO: Run Behavior\ReadHtmlCacheBehavior [ RunTime:0.000636s ]
INFO: Run Behavior\CheckLangBehavior [ RunTime:0.002290s ]
INFO: [ app_begin ] --END-- [ RunTime:0.003190s ]
SQL: SHOW COLUMNS FROM `tw_config` [ RunTime:0.0011s ]
SQL: SELECT `webname` FROM `tw_config` WHERE `id` = 1 LIMIT 1   [ RunTime:0.0003s ]
SQL: SHOW COLUMNS FROM `tw_user_coin` [ RunTime:0.0012s ]
SQL: SELECT * FROM `tw_user_coin` WHERE `userid` = 169 LIMIT 1   [ RunTime:0.0004s ]
SQL: SHOW COLUMNS FROM `tw_bborder` [ RunTime:0.0013s ]
SQL: SELECT * FROM `tw_bborder` WHERE `ordertype` = 1 AND `status` = 1 AND `uid` = 169 AND `coin` = 'BTC'  [ RunTime:0.0003s ]
INFO: [ view_parse ] --START--
INFO: [ template_filter ] --START--
INFO: Run Behavior\ContentReplaceBehavior [ RunTime:0.000209s ]
INFO: [ template_filter ] --END-- [ RunTime:0.000293s ]
NOTIC: [8192] preg_replace(): The /e modifier is deprecated, use preg_replace_callback instead /www/wwwroot/jiaoyisuo.tg-ceshi.store/heise/ThinkPHP/Common/functions.php 第 157 行.
NOTIC: [8192] preg_replace(): The /e modifier is deprecated, use preg_replace_callback instead /www/wwwroot/jiaoyisuo.tg-ceshi.store/heise/ThinkPHP/Common/functions.php 第 157 行.
NOTIC: [8192] preg_replace(): The /e modifier is deprecated, use preg_replace_callback instead /www/wwwroot/jiaoyisuo.tg-ceshi.store/heise/ThinkPHP/Common/functions.php 第 157 行.
NOTIC: [8192] preg_replace(): The /e modifier is deprecated, use preg_replace_callback instead /www/wwwroot/jiaoyisuo.tg-ceshi.store/heise/ThinkPHP/Common/functions.php 第 157 行.
NOTIC: [8192] preg_replace(): The /e modifier is deprecated, use preg_replace_callback instead /www/wwwroot/jiaoyisuo.tg-ceshi.store/heise/ThinkPHP/Common/functions.php 第 157 行.
NOTIC: [8192] preg_replace(): The /e modifier is deprecated, use preg_replace_callback instead /www/wwwroot/jiaoyisuo.tg-ceshi.store/heise/ThinkPHP/Common/functions.php 第 157 行.
NOTIC: [8192] preg_replace(): The /e modifier is deprecated, use preg_replace_callback instead /www/wwwroot/jiaoyisuo.tg-ceshi.store/heise/ThinkPHP/Common/functions.php 第 157 行.
NOTIC: [8192] preg_replace(): The /e modifier is deprecated, use preg_replace_callback instead /www/wwwroot/jiaoyisuo.tg-ceshi.store/heise/ThinkPHP/Common/functions.php 第 157 行.
NOTIC: [8192] preg_replace(): The /e modifier is deprecated, use preg_replace_callback instead /www/wwwroot/jiaoyisuo.tg-ceshi.store/heise/ThinkPHP/Common/functions.php 第 157 行.
NOTIC: [8192] preg_replace(): The /e modifier is deprecated, use preg_replace_callback instead /www/wwwroot/jiaoyisuo.tg-ceshi.store/heise/ThinkPHP/Common/functions.php 第 157 行.
NOTIC: [8192] preg_replace(): The /e modifier is deprecated, use preg_replace_callback instead /www/wwwroot/jiaoyisuo.tg-ceshi.store/heise/ThinkPHP/Common/functions.php 第 157 行.
NOTIC: [8192] preg_replace(): The /e modifier is deprecated, use preg_replace_callback instead /www/wwwroot/jiaoyisuo.tg-ceshi.store/heise/ThinkPHP/Common/functions.php 第 157 行.
NOTIC: [8192] preg_replace(): The /e modifier is deprecated, use preg_replace_callback instead /www/wwwroot/jiaoyisuo.tg-ceshi.store/heise/ThinkPHP/Common/functions.php 第 157 行.
NOTIC: [8192] preg_replace(): The /e modifier is deprecated, use preg_replace_callback instead /www/wwwroot/jiaoyisuo.tg-ceshi.store/heise/ThinkPHP/Common/functions.php 第 157 行.
NOTIC: [8192] preg_replace(): The /e modifier is deprecated, use preg_replace_callback instead /www/wwwroot/jiaoyisuo.tg-ceshi.store/heise/ThinkPHP/Common/functions.php 第 157 行.
NOTIC: [8192] preg_replace(): The /e modifier is deprecated, use preg_replace_callback instead /www/wwwroot/jiaoyisuo.tg-ceshi.store/heise/ThinkPHP/Common/functions.php 第 157 行.
NOTIC: [8192] preg_replace(): The /e modifier is deprecated, use preg_replace_callback instead /www/wwwroot/jiaoyisuo.tg-ceshi.store/heise/ThinkPHP/Common/functions.php 第 157 行.
NOTIC: [8192] preg_replace(): The /e modifier is deprecated, use preg_replace_callback instead /www/wwwroot/jiaoyisuo.tg-ceshi.store/heise/ThinkPHP/Common/functions.php 第 157 行.
NOTIC: [8192] preg_replace(): The /e modifier is deprecated, use preg_replace_callback instead /www/wwwroot/jiaoyisuo.tg-ceshi.store/heise/ThinkPHP/Common/functions.php 第 157 行.
NOTIC: [8192] preg_replace(): The /e modifier is deprecated, use preg_replace_callback instead /www/wwwroot/jiaoyisuo.tg-ceshi.store/heise/ThinkPHP/Common/functions.php 第 157 行.
NOTIC: [8192] preg_replace(): The /e modifier is deprecated, use preg_replace_callback instead /www/wwwroot/jiaoyisuo.tg-ceshi.store/heise/ThinkPHP/Common/functions.php 第 157 行.
NOTIC: [8192] preg_replace(): The /e modifier is deprecated, use preg_replace_callback instead /www/wwwroot/jiaoyisuo.tg-ceshi.store/heise/ThinkPHP/Common/functions.php 第 157 行.
NOTIC: [8192] preg_replace(): The /e modifier is deprecated, use preg_replace_callback instead /www/wwwroot/jiaoyisuo.tg-ceshi.store/heise/ThinkPHP/Common/functions.php 第 157 行.
NOTIC: [8192] preg_replace(): The /e modifier is deprecated, use preg_replace_callback instead /www/wwwroot/jiaoyisuo.tg-ceshi.store/heise/ThinkPHP/Common/functions.php 第 157 行.
NOTIC: [8192] preg_replace(): The /e modifier is deprecated, use preg_replace_callback instead /www/wwwroot/jiaoyisuo.tg-ceshi.store/heise/ThinkPHP/Common/functions.php 第 157 行.
NOTIC: [8192] preg_replace(): The /e modifier is deprecated, use preg_replace_callback instead /www/wwwroot/jiaoyisuo.tg-ceshi.store/heise/ThinkPHP/Common/functions.php 第 157 行.
NOTIC: [8] Undefined variable: select /www/wwwroot/jiaoyisuo.tg-ceshi.store/heise/Runtime/Cache/Mobile/b4d1d46e803d2b415d7cc6135d7f0b38.php 第 528 行.
NOTIC: [8192] preg_replace(): The /e modifier is deprecated, use preg_replace_callback instead /www/wwwroot/jiaoyisuo.tg-ceshi.store/heise/ThinkPHP/Common/functions.php 第 157 行.
NOTIC: [8] Undefined variable: select /www/wwwroot/jiaoyisuo.tg-ceshi.store/heise/Runtime/Cache/Mobile/b4d1d46e803d2b415d7cc6135d7f0b38.php 第 540 行.
NOTIC: [8192] preg_replace(): The /e modifier is deprecated, use preg_replace_callback instead /www/wwwroot/jiaoyisuo.tg-ceshi.store/heise/ThinkPHP/Common/functions.php 第 157 行.
NOTIC: [8] Undefined variable: select /www/wwwroot/jiaoyisuo.tg-ceshi.store/heise/Runtime/Cache/Mobile/b4d1d46e803d2b415d7cc6135d7f0b38.php 第 552 行.
NOTIC: [8192] preg_replace(): The /e modifier is deprecated, use preg_replace_callback instead /www/wwwroot/jiaoyisuo.tg-ceshi.store/heise/ThinkPHP/Common/functions.php 第 157 行.
NOTIC: [8] Undefined variable: select /www/wwwroot/jiaoyisuo.tg-ceshi.store/heise/Runtime/Cache/Mobile/b4d1d46e803d2b415d7cc6135d7f0b38.php 第 564 行.
NOTIC: [8192] preg_replace(): The /e modifier is deprecated, use preg_replace_callback instead /www/wwwroot/jiaoyisuo.tg-ceshi.store/heise/ThinkPHP/Common/functions.php 第 157 行.
NOTIC: [8] Undefined variable: select /www/wwwroot/jiaoyisuo.tg-ceshi.store/heise/Runtime/Cache/Mobile/b4d1d46e803d2b415d7cc6135d7f0b38.php 第 576 行.
NOTIC: [8192] preg_replace(): The /e modifier is deprecated, use preg_replace_callback instead /www/wwwroot/jiaoyisuo.tg-ceshi.store/heise/ThinkPHP/Common/functions.php 第 157 行.
NOTIC: [8192] preg_replace(): The /e modifier is deprecated, use preg_replace_callback instead /www/wwwroot/jiaoyisuo.tg-ceshi.store/heise/ThinkPHP/Common/functions.php 第 157 行.
NOTIC: [8192] preg_replace(): The /e modifier is deprecated, use preg_replace_callback instead /www/wwwroot/jiaoyisuo.tg-ceshi.store/heise/ThinkPHP/Common/functions.php 第 157 行.
NOTIC: [8192] preg_replace(): The /e modifier is deprecated, use preg_replace_callback instead /www/wwwroot/jiaoyisuo.tg-ceshi.store/heise/ThinkPHP/Common/functions.php 第 157 行.
NOTIC: [8192] preg_replace(): The /e modifier is deprecated, use preg_replace_callback instead /www/wwwroot/jiaoyisuo.tg-ceshi.store/heise/ThinkPHP/Common/functions.php 第 157 行.
NOTIC: [8192] preg_replace(): The /e modifier is deprecated, use preg_replace_callback instead /www/wwwroot/jiaoyisuo.tg-ceshi.store/heise/ThinkPHP/Common/functions.php 第 157 行.
NOTIC: [8192] preg_replace(): The /e modifier is deprecated, use preg_replace_callback instead /www/wwwroot/jiaoyisuo.tg-ceshi.store/heise/ThinkPHP/Common/functions.php 第 157 行.
NOTIC: [8192] preg_replace(): The /e modifier is deprecated, use preg_replace_callback instead /www/wwwroot/jiaoyisuo.tg-ceshi.store/heise/ThinkPHP/Common/functions.php 第 157 行.
NOTIC: [8192] preg_replace(): The /e modifier is deprecated, use preg_replace_callback instead /www/wwwroot/jiaoyisuo.tg-ceshi.store/heise/ThinkPHP/Common/functions.php 第 157 行.
NOTIC: [8192] preg_replace(): The /e modifier is deprecated, use preg_replace_callback instead /www/wwwroot/jiaoyisuo.tg-ceshi.store/heise/ThinkPHP/Common/functions.php 第 157 行.
NOTIC: [8192] preg_replace(): The /e modifier is deprecated, use preg_replace_callback instead /www/wwwroot/jiaoyisuo.tg-ceshi.store/heise/ThinkPHP/Common/functions.php 第 157 行.
NOTIC: [8192] preg_replace(): The /e modifier is deprecated, use preg_replace_callback instead /www/wwwroot/jiaoyisuo.tg-ceshi.store/heise/ThinkPHP/Common/functions.php 第 157 行.
NOTIC: [8192] preg_replace(): The /e modifier is deprecated, use preg_replace_callback instead /www/wwwroot/jiaoyisuo.tg-ceshi.store/heise/ThinkPHP/Common/functions.php 第 157 行.
NOTIC: [8192] preg_replace(): The /e modifier is deprecated, use preg_replace_callback instead /www/wwwroot/jiaoyisuo.tg-ceshi.store/heise/ThinkPHP/Common/functions.php 第 157 行.
NOTIC: [8192] preg_replace(): The /e modifier is deprecated, use preg_replace_callback instead /www/wwwroot/jiaoyisuo.tg-ceshi.store/heise/ThinkPHP/Common/functions.php 第 157 行.
NOTIC: [8192] preg_replace(): The /e modifier is deprecated, use preg_replace_callback instead /www/wwwroot/jiaoyisuo.tg-ceshi.store/heise/ThinkPHP/Common/functions.php 第 157 行.
NOTIC: [8192] preg_replace(): The /e modifier is deprecated, use preg_replace_callback instead /www/wwwroot/jiaoyisuo.tg-ceshi.store/heise/ThinkPHP/Common/functions.php 第 157 行.
NOTIC: [8192] preg_replace(): The /e modifier is deprecated, use preg_replace_callback instead /www/wwwroot/jiaoyisuo.tg-ceshi.store/heise/ThinkPHP/Common/functions.php 第 157 行.
NOTIC: [8192] preg_replace(): The /e modifier is deprecated, use preg_replace_callback instead /www/wwwroot/jiaoyisuo.tg-ceshi.store/heise/ThinkPHP/Common/functions.php 第 157 行.
NOTIC: [8192] preg_replace(): The /e modifier is deprecated, use preg_replace_callback instead /www/wwwroot/jiaoyisuo.tg-ceshi.store/heise/ThinkPHP/Common/functions.php 第 157 行.
NOTIC: [8192] preg_replace(): The /e modifier is deprecated, use preg_replace_callback instead /www/wwwroot/jiaoyisuo.tg-ceshi.store/heise/ThinkPHP/Common/functions.php 第 157 行.
NOTIC: [8192] preg_replace(): The /e modifier is deprecated, use preg_replace_callback instead /www/wwwroot/jiaoyisuo.tg-ceshi.store/heise/ThinkPHP/Common/functions.php 第 157 行.
INFO: Run Behavior\ParseTemplateBehavior [ RunTime:0.017263s ]
INFO: [ view_parse ] --END-- [ RunTime:0.017332s ]
INFO: [ view_filter ] --START--
INFO: Run Behavior\WriteHtmlCacheBehavior [ RunTime:0.000294s ]
INFO: [ view_filter ] --END-- [ RunTime:0.000354s ]
INFO: [ app_end ] --START--
INFO: Run Behavior\ShowPageTraceBehavior [ RunTime:0.000332s ]
INFO: [ app_end ] --END-- [ RunTime:0.000402s ]

[ 2022-08-07T02:04:17+08:00 ] 185.213.149.152 /Ajaxtrade/gettradbuy
INFO: [ app_init ] --START--
INFO: Run Behavior\BuildLiteBehavior [ RunTime:0.000006s ]
INFO: [ app_init ] --END-- [ RunTime:0.001202s ]
INFO: [ app_begin ] --START--
INFO: Run Behavior\ReadHtmlCacheBehavior [ RunTime:0.000225s ]
INFO: Run Behavior\CheckLangBehavior [ RunTime:0.000872s ]
INFO: [ app_begin ] --END-- [ RunTime:0.001187s ]
SQL: SHOW COLUMNS FROM `tw_config` [ RunTime:0.0005s ]
SQL: SELECT `webname` FROM `tw_config` WHERE `id` = 1 LIMIT 1   [ RunTime:0.0002s ]

[ 2022-08-07T02:04:17+08:00 ] 185.213.149.152 /Ajaxtrade/gettradsell
INFO: [ app_init ] --START--
INFO: Run Behavior\BuildLiteBehavior [ RunTime:0.000005s ]
INFO: [ app_init ] --END-- [ RunTime:0.001188s ]
INFO: [ app_begin ] --START--
INFO: Run Behavior\ReadHtmlCacheBehavior [ RunTime:0.000220s ]
INFO: Run Behavior\CheckLangBehavior [ RunTime:0.000859s ]
INFO: [ app_begin ] --END-- [ RunTime:0.001168s ]
SQL: SHOW COLUMNS FROM `tw_config` [ RunTime:0.0005s ]
SQL: SELECT `webname` FROM `tw_config` WHERE `id` = 1 LIMIT 1   [ RunTime:0.0001s ]

[ 2022-08-07T02:04:18+08:00 ] 185.213.149.152 /Ajaxtrade/getcoinprice
INFO: [ app_init ] --START--
INFO: Run Behavior\BuildLiteBehavior [ RunTime:0.000006s ]
INFO: [ app_init ] --END-- [ RunTime:0.001193s ]
INFO: [ app_begin ] --START--
INFO: Run Behavior\ReadHtmlCacheBehavior [ RunTime:0.000223s ]
INFO: Run Behavior\CheckLangBehavior [ RunTime:0.000886s ]
INFO: [ app_begin ] --END-- [ RunTime:0.001206s ]
SQL: SHOW COLUMNS FROM `tw_config` [ RunTime:0.0005s ]
SQL: SELECT `webname` FROM `tw_config` WHERE `id` = 1 LIMIT 1   [ RunTime:0.0002s ]

[ 2022-08-07T02:04:18+08:00 ] 185.213.149.152 /Ajaxtrade/getnewprice
INFO: [ app_init ] --START--
INFO: Run Behavior\BuildLiteBehavior [ RunTime:0.000006s ]
INFO: [ app_init ] --END-- [ RunTime:0.001194s ]
INFO: [ app_begin ] --START--
INFO: Run Behavior\ReadHtmlCacheBehavior [ RunTime:0.000227s ]
INFO: Run Behavior\CheckLangBehavior [ RunTime:0.000837s ]
INFO: [ app_begin ] --END-- [ RunTime:0.001153s ]
SQL: SHOW COLUMNS FROM `tw_config` [ RunTime:0.0004s ]
SQL: SELECT `webname` FROM `tw_config` WHERE `id` = 1 LIMIT 1   [ RunTime:0.0001s ]

[ 2022-08-07T02:04:19+08:00 ] 185.213.149.152 /Contract/index
INFO: [ app_init ] --START--
INFO: Run Behavior\BuildLiteBehavior [ RunTime:0.000012s ]
INFO: [ app_init ] --END-- [ RunTime:0.002964s ]
INFO: [ app_begin ] --START--
INFO: Run Behavior\ReadHtmlCacheBehavior [ RunTime:0.000548s ]
INFO: Run Behavior\CheckLangBehavior [ RunTime:0.001966s ]
INFO: [ app_begin ] --END-- [ RunTime:0.002735s ]
SQL: SHOW COLUMNS FROM `tw_config` [ RunTime:0.0009s ]
SQL: SELECT `webname` FROM `tw_config` WHERE `id` = 1 LIMIT 1   [ RunTime:0.0002s ]
SQL: SHOW COLUMNS FROM `tw_hysetting` [ RunTime:0.0010s ]
SQL: SELECT `hy_time`,`hy_ykbl`,`hy_tzed` FROM `tw_hysetting` WHERE `id` = 1 LIMIT 1   [ RunTime:0.0003s ]
SQL: SHOW COLUMNS FROM `tw_user_coin` [ RunTime:0.0006s ]
SQL: SELECT * FROM `tw_user_coin` WHERE `userid` = 169 LIMIT 1   [ RunTime:0.0003s ]
SQL: SHOW COLUMNS FROM `tw_user` [ RunTime:0.0008s ]
SQL: SELECT `money` FROM `tw_user` WHERE `id` = 169 LIMIT 1   [ RunTime:0.0002s ]
INFO: [ view_parse ] --START--
INFO: [ template_filter ] --START--
INFO: Run Behavior\ContentReplaceBehavior [ RunTime:0.000137s ]
INFO: [ template_filter ] --END-- [ RunTime:0.000208s ]
NOTIC: [8192] preg_replace(): The /e modifier is deprecated, use preg_replace_callback instead /www/wwwroot/jiaoyisuo.tg-ceshi.store/heise/ThinkPHP/Common/functions.php 第 157 行.
NOTIC: [8192] preg_replace(): The /e modifier is deprecated, use preg_replace_callback instead /www/wwwroot/jiaoyisuo.tg-ceshi.store/heise/ThinkPHP/Common/functions.php 第 157 行.
NOTIC: [8192] preg_replace(): The /e modifier is deprecated, use preg_replace_callback instead /www/wwwroot/jiaoyisuo.tg-ceshi.store/heise/ThinkPHP/Common/functions.php 第 157 行.
NOTIC: [8192] preg_replace(): The /e modifier is deprecated, use preg_replace_callback instead /www/wwwroot/jiaoyisuo.tg-ceshi.store/heise/ThinkPHP/Common/functions.php 第 157 行.
NOTIC: [8192] preg_replace(): The /e modifier is deprecated, use preg_replace_callback instead /www/wwwroot/jiaoyisuo.tg-ceshi.store/heise/ThinkPHP/Common/functions.php 第 157 行.
NOTIC: [8192] preg_replace(): The /e modifier is deprecated, use preg_replace_callback instead /www/wwwroot/jiaoyisuo.tg-ceshi.store/heise/ThinkPHP/Common/functions.php 第 157 行.
NOTIC: [8192] preg_replace(): The /e modifier is deprecated, use preg_replace_callback instead /www/wwwroot/jiaoyisuo.tg-ceshi.store/heise/ThinkPHP/Common/functions.php 第 157 行.
NOTIC: [8192] preg_replace(): The /e modifier is deprecated, use preg_replace_callback instead /www/wwwroot/jiaoyisuo.tg-ceshi.store/heise/ThinkPHP/Common/functions.php 第 157 行.
NOTIC: [8192] preg_replace(): The /e modifier is deprecated, use preg_replace_callback instead /www/wwwroot/jiaoyisuo.tg-ceshi.store/heise/ThinkPHP/Common/functions.php 第 157 行.
NOTIC: [8192] preg_replace(): The /e modifier is deprecated, use preg_replace_callback instead /www/wwwroot/jiaoyisuo.tg-ceshi.store/heise/ThinkPHP/Common/functions.php 第 157 行.
NOTIC: [8192] preg_replace(): The /e modifier is deprecated, use preg_replace_callback instead /www/wwwroot/jiaoyisuo.tg-ceshi.store/heise/ThinkPHP/Common/functions.php 第 157 行.
NOTIC: [8192] preg_replace(): The /e modifier is deprecated, use preg_replace_callback instead /www/wwwroot/jiaoyisuo.tg-ceshi.store/heise/ThinkPHP/Common/functions.php 第 157 行.
NOTIC: [8192] preg_replace(): The /e modifier is deprecated, use preg_replace_callback instead /www/wwwroot/jiaoyisuo.tg-ceshi.store/heise/ThinkPHP/Common/functions.php 第 157 行.
NOTIC: [8192] preg_replace(): The /e modifier is deprecated, use preg_replace_callback instead /www/wwwroot/jiaoyisuo.tg-ceshi.store/heise/ThinkPHP/Common/functions.php 第 157 行.
NOTIC: [8192] preg_replace(): The /e modifier is deprecated, use preg_replace_callback instead /www/wwwroot/jiaoyisuo.tg-ceshi.store/heise/ThinkPHP/Common/functions.php 第 157 行.
NOTIC: [8192] preg_replace(): The /e modifier is deprecated, use preg_replace_callback instead /www/wwwroot/jiaoyisuo.tg-ceshi.store/heise/ThinkPHP/Common/functions.php 第 157 行.
NOTIC: [8192] preg_replace(): The /e modifier is deprecated, use preg_replace_callback instead /www/wwwroot/jiaoyisuo.tg-ceshi.store/heise/ThinkPHP/Common/functions.php 第 157 行.
NOTIC: [8192] preg_replace(): The /e modifier is deprecated, use preg_replace_callback instead /www/wwwroot/jiaoyisuo.tg-ceshi.store/heise/ThinkPHP/Common/functions.php 第 157 行.
NOTIC: [8192] preg_replace(): The /e modifier is deprecated, use preg_replace_callback instead /www/wwwroot/jiaoyisuo.tg-ceshi.store/heise/ThinkPHP/Common/functions.php 第 157 行.
NOTIC: [8192] preg_replace(): The /e modifier is deprecated, use preg_replace_callback instead /www/wwwroot/jiaoyisuo.tg-ceshi.store/heise/ThinkPHP/Common/functions.php 第 157 行.
NOTIC: [8192] preg_replace(): The /e modifier is deprecated, use preg_replace_callback instead /www/wwwroot/jiaoyisuo.tg-ceshi.store/heise/ThinkPHP/Common/functions.php 第 157 行.
NOTIC: [8192] preg_replace(): The /e modifier is deprecated, use preg_replace_callback instead /www/wwwroot/jiaoyisuo.tg-ceshi.store/heise/ThinkPHP/Common/functions.php 第 157 行.
NOTIC: [8192] preg_replace(): The /e modifier is deprecated, use preg_replace_callback instead /www/wwwroot/jiaoyisuo.tg-ceshi.store/heise/ThinkPHP/Common/functions.php 第 157 行.
NOTIC: [8192] preg_replace(): The /e modifier is deprecated, use preg_replace_callback instead /www/wwwroot/jiaoyisuo.tg-ceshi.store/heise/ThinkPHP/Common/functions.php 第 157 行.
NOTIC: [8192] preg_replace(): The /e modifier is deprecated, use preg_replace_callback instead /www/wwwroot/jiaoyisuo.tg-ceshi.store/heise/ThinkPHP/Common/functions.php 第 157 行.
NOTIC: [8192] preg_replace(): The /e modifier is deprecated, use preg_replace_callback instead /www/wwwroot/jiaoyisuo.tg-ceshi.store/heise/ThinkPHP/Common/functions.php 第 157 行.
NOTIC: [8192] preg_replace(): The /e modifier is deprecated, use preg_replace_callback instead /www/wwwroot/jiaoyisuo.tg-ceshi.store/heise/ThinkPHP/Common/functions.php 第 157 行.
NOTIC: [8192] preg_replace(): The /e modifier is deprecated, use preg_replace_callback instead /www/wwwroot/jiaoyisuo.tg-ceshi.store/heise/ThinkPHP/Common/functions.php 第 157 行.
NOTIC: [8192] preg_replace(): The /e modifier is deprecated, use preg_replace_callback instead /www/wwwroot/jiaoyisuo.tg-ceshi.store/heise/ThinkPHP/Common/functions.php 第 157 行.
NOTIC: [8192] preg_replace(): The /e modifier is deprecated, use preg_replace_callback instead /www/wwwroot/jiaoyisuo.tg-ceshi.store/heise/ThinkPHP/Common/functions.php 第 157 行.
NOTIC: [8192] preg_replace(): The /e modifier is deprecated, use preg_replace_callback instead /www/wwwroot/jiaoyisuo.tg-ceshi.store/heise/ThinkPHP/Common/functions.php 第 157 行.
NOTIC: [8192] preg_replace(): The /e modifier is deprecated, use preg_replace_callback instead /www/wwwroot/jiaoyisuo.tg-ceshi.store/heise/ThinkPHP/Common/functions.php 第 157 行.
NOTIC: [8192] preg_replace(): The /e modifier is deprecated, use preg_replace_callback instead /www/wwwroot/jiaoyisuo.tg-ceshi.store/heise/ThinkPHP/Common/functions.php 第 157 行.
NOTIC: [8192] preg_replace(): The /e modifier is deprecated, use preg_replace_callback instead /www/wwwroot/jiaoyisuo.tg-ceshi.store/heise/ThinkPHP/Common/functions.php 第 157 行.
NOTIC: [8192] preg_replace(): The /e modifier is deprecated, use preg_replace_callback instead /www/wwwroot/jiaoyisuo.tg-ceshi.store/heise/ThinkPHP/Common/functions.php 第 157 行.
NOTIC: [8192] preg_replace(): The /e modifier is deprecated, use preg_replace_callback instead /www/wwwroot/jiaoyisuo.tg-ceshi.store/heise/ThinkPHP/Common/functions.php 第 157 行.
NOTIC: [8192] preg_replace(): The /e modifier is deprecated, use preg_replace_callback instead /www/wwwroot/jiaoyisuo.tg-ceshi.store/heise/ThinkPHP/Common/functions.php 第 157 行.
NOTIC: [8192] preg_replace(): The /e modifier is deprecated, use preg_replace_callback instead /www/wwwroot/jiaoyisuo.tg-ceshi.store/heise/ThinkPHP/Common/functions.php 第 157 行.
NOTIC: [8192] preg_replace(): The /e modifier is deprecated, use preg_replace_callback instead /www/wwwroot/jiaoyisuo.tg-ceshi.store/heise/ThinkPHP/Common/functions.php 第 157 行.
NOTIC: [8192] preg_replace(): The /e modifier is deprecated, use preg_replace_callback instead /www/wwwroot/jiaoyisuo.tg-ceshi.store/heise/ThinkPHP/Common/functions.php 第 157 行.
NOTIC: [8192] preg_replace(): The /e modifier is deprecated, use preg_replace_callback instead /www/wwwroot/jiaoyisuo.tg-ceshi.store/heise/ThinkPHP/Common/functions.php 第 157 行.
NOTIC: [8] Undefined variable: hymin /www/wwwroot/jiaoyisuo.tg-ceshi.store/heise/Runtime/Cache/Mobile/0772996556fcf62c01b87153216ba3b3.php 第 404 行.
NOTIC: [8192] preg_replace(): The /e modifier is deprecated, use preg_replace_callback instead /www/wwwroot/jiaoyisuo.tg-ceshi.store/heise/ThinkPHP/Common/functions.php 第 157 行.
NOTIC: [8192] preg_replace(): The /e modifier is deprecated, use preg_replace_callback instead /www/wwwroot/jiaoyisuo.tg-ceshi.store/heise/ThinkPHP/Common/functions.php 第 157 行.
NOTIC: [8192] preg_replace(): The /e modifier is deprecated, use preg_replace_callback instead /www/wwwroot/jiaoyisuo.tg-ceshi.store/heise/ThinkPHP/Common/functions.php 第 157 行.
NOTIC: [8192] preg_replace(): The /e modifier is deprecated, use preg_replace_callback instead /www/wwwroot/jiaoyisuo.tg-ceshi.store/heise/ThinkPHP/Common/functions.php 第 157 行.
NOTIC: [8192] preg_replace(): The /e modifier is deprecated, use preg_replace_callback instead /www/wwwroot/jiaoyisuo.tg-ceshi.store/heise/ThinkPHP/Common/functions.php 第 157 行.
NOTIC: [8192] preg_replace(): The /e modifier is deprecated, use preg_replace_callback instead /www/wwwroot/jiaoyisuo.tg-ceshi.store/heise/ThinkPHP/Common/functions.php 第 157 行.
NOTIC: [8192] preg_replace(): The /e modifier is deprecated, use preg_replace_callback instead /www/wwwroot/jiaoyisuo.tg-ceshi.store/heise/ThinkPHP/Common/functions.php 第 157 行.
NOTIC: [8192] preg_replace(): The /e modifier is deprecated, use preg_replace_callback instead /www/wwwroot/jiaoyisuo.tg-ceshi.store/heise/ThinkPHP/Common/functions.php 第 157 行.
NOTIC: [8192] preg_replace(): The /e modifier is deprecated, use preg_replace_callback instead /www/wwwroot/jiaoyisuo.tg-ceshi.store/heise/ThinkPHP/Common/functions.php 第 157 行.
NOTIC: [8192] preg_replace(): The /e modifier is deprecated, use preg_replace_callback instead /www/wwwroot/jiaoyisuo.tg-ceshi.store/heise/ThinkPHP/Common/functions.php 第 157 行.
NOTIC: [8192] preg_replace(): The /e modifier is deprecated, use preg_replace_callback instead /www/wwwroot/jiaoyisuo.tg-ceshi.store/heise/ThinkPHP/Common/functions.php 第 157 行.
NOTIC: [8192] preg_replace(): The /e modifier is deprecated, use preg_replace_callback instead /www/wwwroot/jiaoyisuo.tg-ceshi.store/heise/ThinkPHP/Common/functions.php 第 157 行.
NOTIC: [8192] preg_replace(): The /e modifier is deprecated, use preg_replace_callback instead /www/wwwroot/jiaoyisuo.tg-ceshi.store/heise/ThinkPHP/Common/functions.php 第 157 行.
NOTIC: [8192] preg_replace(): The /e modifier is deprecated, use preg_replace_callback instead /www/wwwroot/jiaoyisuo.tg-ceshi.store/heise/ThinkPHP/Common/functions.php 第 157 行.
NOTIC: [8192] preg_replace(): The /e modifier is deprecated, use preg_replace_callback instead /www/wwwroot/jiaoyisuo.tg-ceshi.store/heise/ThinkPHP/Common/functions.php 第 157 行.
NOTIC: [8192] preg_replace(): The /e modifier is deprecated, use preg_replace_callback instead /www/wwwroot/jiaoyisuo.tg-ceshi.store/heise/ThinkPHP/Common/functions.php 第 157 行.
NOTIC: [8192] preg_replace(): The /e modifier is deprecated, use preg_replace_callback instead /www/wwwroot/jiaoyisuo.tg-ceshi.store/heise/ThinkPHP/Common/functions.php 第 157 行.
NOTIC: [8192] preg_replace(): The /e modifier is deprecated, use preg_replace_callback instead /www/wwwroot/jiaoyisuo.tg-ceshi.store/heise/ThinkPHP/Common/functions.php 第 157 行.
NOTIC: [8192] preg_replace(): The /e modifier is deprecated, use preg_replace_callback instead /www/wwwroot/jiaoyisuo.tg-ceshi.store/heise/ThinkPHP/Common/functions.php 第 157 行.
NOTIC: [8192] preg_replace(): The /e modifier is deprecated, use preg_replace_callback instead /www/wwwroot/jiaoyisuo.tg-ceshi.store/heise/ThinkPHP/Common/functions.php 第 157 行.
NOTIC: [8192] preg_replace(): The /e modifier is deprecated, use preg_replace_callback instead /www/wwwroot/jiaoyisuo.tg-ceshi.store/heise/ThinkPHP/Common/functions.php 第 157 行.
NOTIC: [8192] preg_replace(): The /e modifier is deprecated, use preg_replace_callback instead /www/wwwroot/jiaoyisuo.tg-ceshi.store/heise/ThinkPHP/Common/functions.php 第 157 行.
NOTIC: [8192] preg_replace(): The /e modifier is deprecated, use preg_replace_callback instead /www/wwwroot/jiaoyisuo.tg-ceshi.store/heise/ThinkPHP/Common/functions.php 第 157 行.
NOTIC: [8192] preg_replace(): The /e modifier is deprecated, use preg_replace_callback instead /www/wwwroot/jiaoyisuo.tg-ceshi.store/heise/ThinkPHP/Common/functions.php 第 157 行.
NOTIC: [8192] preg_replace(): The /e modifier is deprecated, use preg_replace_callback instead /www/wwwroot/jiaoyisuo.tg-ceshi.store/heise/ThinkPHP/Common/functions.php 第 157 行.
INFO: Run Behavior\ParseTemplateBehavior [ RunTime:0.011232s ]
INFO: [ view_parse ] --END-- [ RunTime:0.011312s ]
INFO: [ view_filter ] --START--
INFO: Run Behavior\WriteHtmlCacheBehavior [ RunTime:0.000137s ]
INFO: [ view_filter ] --END-- [ RunTime:0.000187s ]
INFO: [ app_end ] --START--
INFO: Run Behavior\ShowPageTraceBehavior [ RunTime:0.000416s ]
INFO: [ app_end ] --END-- [ RunTime:0.000477s ]

[ 2022-08-07T02:04:19+08:00 ] 185.213.149.152 /Ajaxtrade/gettradbuy
INFO: [ app_init ] --START--
INFO: Run Behavior\BuildLiteBehavior [ RunTime:0.000006s ]
INFO: [ app_init ] --END-- [ RunTime:0.001247s ]
INFO: [ app_begin ] --START--
INFO: Run Behavior\ReadHtmlCacheBehavior [ RunTime:0.000227s ]
INFO: Run Behavior\CheckLangBehavior [ RunTime:0.000883s ]
INFO: [ app_begin ] --END-- [ RunTime:0.001202s ]
SQL: SHOW COLUMNS FROM `tw_config` [ RunTime:0.0005s ]
SQL: SELECT `webname` FROM `tw_config` WHERE `id` = 1 LIMIT 1   [ RunTime:0.0002s ]

[ 2022-08-07T02:04:19+08:00 ] 185.213.149.152 /Ajaxtrade/gettradsell
INFO: [ app_init ] --START--
INFO: Run Behavior\BuildLiteBehavior [ RunTime:0.000006s ]
INFO: [ app_init ] --END-- [ RunTime:0.001372s ]
INFO: [ app_begin ] --START--
INFO: Run Behavior\ReadHtmlCacheBehavior [ RunTime:0.000249s ]
INFO: Run Behavior\CheckLangBehavior [ RunTime:0.000949s ]
INFO: [ app_begin ] --END-- [ RunTime:0.001298s ]
SQL: SHOW COLUMNS FROM `tw_config` [ RunTime:0.0005s ]
SQL: SELECT `webname` FROM `tw_config` WHERE `id` = 1 LIMIT 1   [ RunTime:0.0001s ]

[ 2022-08-07T02:04:19+08:00 ] 185.213.149.152 /Trade/ordinary?market=btcusdt
INFO: [ app_init ] --START--
INFO: Run Behavior\BuildLiteBehavior [ RunTime:0.000006s ]
INFO: [ app_init ] --END-- [ RunTime:0.001461s ]
INFO: [ app_begin ] --START--
INFO: Run Behavior\ReadHtmlCacheBehavior [ RunTime:0.000280s ]
INFO: Run Behavior\CheckLangBehavior [ RunTime:0.000818s ]
INFO: [ app_begin ] --END-- [ RunTime:0.001193s ]
SQL: SHOW COLUMNS FROM `tw_config` [ RunTime:0.0005s ]
SQL: SELECT `webname` FROM `tw_config` WHERE `id` = 1 LIMIT 1   [ RunTime:0.0001s ]
INFO: [ view_parse ] --START--
INFO: [ template_filter ] --START--
INFO: Run Behavior\ContentReplaceBehavior [ RunTime:0.000027s ]
INFO: [ template_filter ] --END-- [ RunTime:0.000081s ]
NOTIC: [8192] preg_replace(): The /e modifier is deprecated, use preg_replace_callback instead /www/wwwroot/jiaoyisuo.tg-ceshi.store/heise/ThinkPHP/Common/functions.php 第 157 行.
INFO: Run Behavior\ParseTemplateBehavior [ RunTime:0.002798s ]
INFO: [ view_parse ] --END-- [ RunTime:0.002846s ]
INFO: [ view_filter ] --START--
INFO: Run Behavior\WriteHtmlCacheBehavior [ RunTime:0.000106s ]
INFO: [ view_filter ] --END-- [ RunTime:0.000147s ]
INFO: [ app_end ] --START--
INFO: Run Behavior\ShowPageTraceBehavior [ RunTime:0.000242s ]
INFO: [ app_end ] --END-- [ RunTime:0.000288s ]

[ 2022-08-07T02:04:20+08:00 ] 185.213.149.152 /Ajaxtrade/getcoin_data
INFO: [ app_init ] --START--
INFO: Run Behavior\BuildLiteBehavior [ RunTime:0.000006s ]
INFO: [ app_init ] --END-- [ RunTime:0.001116s ]
INFO: [ app_begin ] --START--
INFO: Run Behavior\ReadHtmlCacheBehavior [ RunTime:0.000206s ]
INFO: Run Behavior\CheckLangBehavior [ RunTime:0.000765s ]
INFO: [ app_begin ] --END-- [ RunTime:0.001055s ]
SQL: SHOW COLUMNS FROM `tw_config` [ RunTime:0.0004s ]
SQL: SELECT `webname` FROM `tw_config` WHERE `id` = 1 LIMIT 1   [ RunTime:0.0001s ]

[ 2022-08-07T02:04:20+08:00 ] 185.213.149.152 /Ajaxtrade/getcoinprice
INFO: [ app_init ] --START--
INFO: Run Behavior\BuildLiteBehavior [ RunTime:0.000007s ]
INFO: [ app_init ] --END-- [ RunTime:0.001226s ]
INFO: [ app_begin ] --START--
INFO: Run Behavior\ReadHtmlCacheBehavior [ RunTime:0.000227s ]
INFO: Run Behavior\CheckLangBehavior [ RunTime:0.000894s ]
INFO: [ app_begin ] --END-- [ RunTime:0.001215s ]
SQL: SHOW COLUMNS FROM `tw_config` [ RunTime:0.0008s ]
SQL: SELECT `webname` FROM `tw_config` WHERE `id` = 1 LIMIT 1   [ RunTime:0.0002s ]

[ 2022-08-07T02:04:22+08:00 ] 185.213.149.152 /Ajaxtrade/getcoin_data
INFO: [ app_init ] --START--
INFO: Run Behavior\BuildLiteBehavior [ RunTime:0.000005s ]
INFO: [ app_init ] --END-- [ RunTime:0.001115s ]
INFO: [ app_begin ] --START--
INFO: Run Behavior\ReadHtmlCacheBehavior [ RunTime:0.000207s ]
INFO: Run Behavior\CheckLangBehavior [ RunTime:0.000773s ]
INFO: [ app_begin ] --END-- [ RunTime:0.001065s ]
SQL: SHOW COLUMNS FROM `tw_config` [ RunTime:0.0005s ]
SQL: SELECT `webname` FROM `tw_config` WHERE `id` = 1 LIMIT 1   [ RunTime:0.0002s ]

[ 2022-08-07T02:04:22+08:00 ] 185.213.149.152 /Contract/creatorder
INFO: [ app_init ] --START--
INFO: Run Behavior\BuildLiteBehavior [ RunTime:0.000012s ]
INFO: [ app_init ] --END-- [ RunTime:0.002938s ]
INFO: [ app_begin ] --START--
INFO: Run Behavior\ReadHtmlCacheBehavior [ RunTime:0.000546s ]
INFO: Run Behavior\CheckLangBehavior [ RunTime:0.001937s ]
INFO: [ app_begin ] --END-- [ RunTime:0.002705s ]
SQL: SHOW COLUMNS FROM `tw_config` [ RunTime:0.0010s ]
SQL: SELECT `webname` FROM `tw_config` WHERE `id` = 1 LIMIT 1   [ RunTime:0.0003s ]
SQL: SHOW COLUMNS FROM `tw_user` [ RunTime:0.0009s ]
SQL: SELECT `id`,`username`,`rzstatus`,`invit_1` FROM `tw_user` WHERE `id` = 169 LIMIT 1   [ RunTime:0.0003s ]
SQL: SELECT `invit` FROM `tw_user` WHERE `id` = 0 LIMIT 1   [ RunTime:0.0002s ]
SQL: SHOW COLUMNS FROM `tw_user_coin` [ RunTime:0.0007s ]
SQL: SELECT * FROM `tw_user_coin` WHERE `userid` = 169 LIMIT 1   [ RunTime:0.0003s ]
SQL: SHOW COLUMNS FROM `tw_hysetting` [ RunTime:0.0006s ]
SQL: SELECT `hy_sxf`,`hy_min` FROM `tw_hysetting` WHERE `id` = 1 LIMIT 1   [ RunTime:0.0002s ]
SQL: SHOW COLUMNS FROM `tw_hyorder` [ RunTime:0.0008s ]
SQL: INSERT INTO `tw_hyorder` (`uid`,`username`,`num`,`hybl`,`hyzd`,`coinname`,`status`,`is_win`,`buytime`,`selltime`,`intselltime`,`buyprice`,`sellprice`,`ploss`,`time`,`kongyk`,`invit`) VALUES ('169','nihao@qq.com','30','90','1','BTC/USDT','1','0','2022-08-07 02:04:22','2022-08-07 02:05:22','1659809122','23115.85','','0','1','0','0') [ RunTime:0.0002s ]
SQL: UPDATE `tw_user_coin` SET `usdt`=usdt-30 WHERE `userid` = 169 [ RunTime:0.0027s ]
NOTIC: [8192] preg_replace(): The /e modifier is deprecated, use preg_replace_callback instead /www/wwwroot/jiaoyisuo.tg-ceshi.store/heise/ThinkPHP/Common/functions.php 第 157 行.
NOTIC: [8192] preg_replace(): The /e modifier is deprecated, use preg_replace_callback instead /www/wwwroot/jiaoyisuo.tg-ceshi.store/heise/ThinkPHP/Common/functions.php 第 157 行.
SQL: SHOW COLUMNS FROM `tw_bill` [ RunTime:0.0006s ]
SQL: INSERT INTO `tw_bill` (`uid`,`username`,`num`,`coinname`,`afternum`,`type`,`addtime`,`st`,`remark`) VALUES ('169','nihao@qq.com','30','usdt','999909.999999','3','2022-08-07 02:04:22','2','BuyBTC/USDTQuick Margin') [ RunTime:0.0002s ]
SQL: SELECT `id`,`hyzd`,`coinname`,`buyprice`,`time`,`num` FROM `tw_hyorder` WHERE `id` = 673 LIMIT 1   [ RunTime:0.0002s ]
NOTIC: [8192] preg_replace(): The /e modifier is deprecated, use preg_replace_callback instead /www/wwwroot/jiaoyisuo.tg-ceshi.store/heise/ThinkPHP/Common/functions.php 第 157 行.

[ 2022-08-07T02:04:23+08:00 ] 185.213.149.152 /Contract/get_hyorder_one
INFO: [ app_init ] --START--
INFO: Run Behavior\BuildLiteBehavior [ RunTime:0.000005s ]
INFO: [ app_init ] --END-- [ RunTime:0.001123s ]
INFO: [ app_begin ] --START--
INFO: Run Behavior\ReadHtmlCacheBehavior [ RunTime:0.000206s ]
INFO: Run Behavior\CheckLangBehavior [ RunTime:0.000807s ]
INFO: [ app_begin ] --END-- [ RunTime:0.001098s ]
SQL: SHOW COLUMNS FROM `tw_config` [ RunTime:0.0005s ]
SQL: SELECT `webname` FROM `tw_config` WHERE `id` = 1 LIMIT 1   [ RunTime:0.0001s ]
SQL: SHOW COLUMNS FROM `tw_hyorder` [ RunTime:0.0003s ]
SQL: SELECT `id`,`buytime`,`time`,`status`,`coinname`,`selltime`,`is_win`,`ploss` FROM `tw_hyorder` WHERE `id` = 673 LIMIT 1   [ RunTime:0.0002s ]

[ 2022-08-07T02:04:24+08:00 ] 185.213.149.152 /Ajaxtrade/getcoin_data
INFO: [ app_init ] --START--
INFO: Run Behavior\BuildLiteBehavior [ RunTime:0.000008s ]
INFO: [ app_init ] --END-- [ RunTime:0.002010s ]
INFO: [ app_begin ] --START--
INFO: Run Behavior\ReadHtmlCacheBehavior [ RunTime:0.000317s ]
INFO: Run Behavior\CheckLangBehavior [ RunTime:0.001158s ]
INFO: [ app_begin ] --END-- [ RunTime:0.001604s ]
SQL: SHOW COLUMNS FROM `tw_config` [ RunTime:0.0007s ]
SQL: SELECT `webname` FROM `tw_config` WHERE `id` = 1 LIMIT 1   [ RunTime:0.0002s ]

[ 2022-08-07T02:04:24+08:00 ] 185.213.149.152 /Contract/get_hyorder_one
INFO: [ app_init ] --START--
INFO: Run Behavior\BuildLiteBehavior [ RunTime:0.000005s ]
INFO: [ app_init ] --END-- [ RunTime:0.001625s ]
INFO: [ app_begin ] --START--
INFO: Run Behavior\ReadHtmlCacheBehavior [ RunTime:0.000232s ]
INFO: Run Behavior\CheckLangBehavior [ RunTime:0.000768s ]
INFO: [ app_begin ] --END-- [ RunTime:0.001098s ]
SQL: SHOW COLUMNS FROM `tw_config` [ RunTime:0.0005s ]
SQL: SELECT `webname` FROM `tw_config` WHERE `id` = 1 LIMIT 1   [ RunTime:0.0001s ]
SQL: SHOW COLUMNS FROM `tw_hyorder` [ RunTime:0.0003s ]
SQL: SELECT `id`,`buytime`,`time`,`status`,`coinname`,`selltime`,`is_win`,`ploss` FROM `tw_hyorder` WHERE `id` = 673 LIMIT 1   [ RunTime:0.0001s ]

[ 2022-08-07T02:04:25+08:00 ] 185.213.149.152 /Contract/get_hyorder_one
INFO: [ app_init ] --START--
INFO: Run Behavior\BuildLiteBehavior [ RunTime:0.000005s ]
INFO: [ app_init ] --END-- [ RunTime:0.001150s ]
INFO: [ app_begin ] --START--
INFO: Run Behavior\ReadHtmlCacheBehavior [ RunTime:0.000205s ]
INFO: Run Behavior\CheckLangBehavior [ RunTime:0.000802s ]
INFO: [ app_begin ] --END-- [ RunTime:0.001091s ]
SQL: SHOW COLUMNS FROM `tw_config` [ RunTime:0.0005s ]
SQL: SELECT `webname` FROM `tw_config` WHERE `id` = 1 LIMIT 1   [ RunTime:0.0002s ]
SQL: SHOW COLUMNS FROM `tw_hyorder` [ RunTime:0.0004s ]
SQL: SELECT `id`,`buytime`,`time`,`status`,`coinname`,`selltime`,`is_win`,`ploss` FROM `tw_hyorder` WHERE `id` = 673 LIMIT 1   [ RunTime:0.0002s ]

[ 2022-08-07T02:04:26+08:00 ] 185.213.149.152 /Ajaxtrade/getcoin_data
INFO: [ app_init ] --START--
INFO: Run Behavior\BuildLiteBehavior [ RunTime:0.000005s ]
INFO: [ app_init ] --END-- [ RunTime:0.001277s ]
INFO: [ app_begin ] --START--
INFO: Run Behavior\ReadHtmlCacheBehavior [ RunTime:0.000207s ]
INFO: Run Behavior\CheckLangBehavior [ RunTime:0.000784s ]
INFO: [ app_begin ] --END-- [ RunTime:0.001077s ]
SQL: SHOW COLUMNS FROM `tw_config` [ RunTime:0.0005s ]
SQL: SELECT `webname` FROM `tw_config` WHERE `id` = 1 LIMIT 1   [ RunTime:0.0001s ]

[ 2022-08-07T02:04:26+08:00 ] 185.213.149.152 /Contract/get_hyorder_one
INFO: [ app_init ] --START--
INFO: Run Behavior\BuildLiteBehavior [ RunTime:0.000005s ]
INFO: [ app_init ] --END-- [ RunTime:0.001166s ]
INFO: [ app_begin ] --START--
INFO: Run Behavior\ReadHtmlCacheBehavior [ RunTime:0.000208s ]
INFO: Run Behavior\CheckLangBehavior [ RunTime:0.000787s ]
INFO: [ app_begin ] --END-- [ RunTime:0.001081s ]
SQL: SHOW COLUMNS FROM `tw_config` [ RunTime:0.0005s ]
SQL: SELECT `webname` FROM `tw_config` WHERE `id` = 1 LIMIT 1   [ RunTime:0.0001s ]
SQL: SHOW COLUMNS FROM `tw_hyorder` [ RunTime:0.0004s ]
SQL: SELECT `id`,`buytime`,`time`,`status`,`coinname`,`selltime`,`is_win`,`ploss` FROM `tw_hyorder` WHERE `id` = 673 LIMIT 1   [ RunTime:0.0002s ]

