[ 2022-08-06T03:09:47+08:00 ] 123.6.49.38 /
INFO: [ app_init ] --START--
INFO: Run Behavior\BuildLiteBehavior [ RunTime:0.000021s ]
INFO: [ app_init ] --END-- [ RunTime:0.003343s ]
INFO: [ app_begin ] --START--
INFO: Run Behavior\ReadHtmlCacheBehavior [ RunTime:0.000535s ]
INFO: Run Behavior\CheckLangBehavior [ RunTime:0.001846s ]
INFO: [ app_begin ] --END-- [ RunTime:0.002553s ]
SQL: SHOW COLUMNS FROM `tw_config` [ RunTime:0.0288s ]
SQL: SELECT `webname` FROM `tw_config` WHERE `id` = 1 LIMIT 1   [ RunTime:0.0047s ]

[ 2022-08-06T03:09:48+08:00 ] 123.6.49.36 /Trade/tradelist
INFO: [ app_init ] --START--
INFO: Run Behavior\BuildLiteBehavior [ RunTime:0.000014s ]
INFO: [ app_init ] --END-- [ RunTime:0.002692s ]
INFO: [ app_begin ] --START--
INFO: Run Behavior\ReadHtmlCacheBehavior [ RunTime:0.000450s ]
INFO: Run Behavior\CheckLangBehavior [ RunTime:0.001640s ]
INFO: [ app_begin ] --END-- [ RunTime:0.002309s ]
SQL: SHOW COLUMNS FROM `tw_config` [ RunTime:0.0035s ]
SQL: SELECT `webname` FROM `tw_config` WHERE `id` = 1 LIMIT 1   [ RunTime:0.0006s ]
SQL: SELECT `websildea`,`websildeb`,`websildec` FROM `tw_config` WHERE `id` = 1 LIMIT 1   [ RunTime:0.0011s ]
SQL: SHOW COLUMNS FROM `tw_content` [ RunTime:0.0042s ]
SQL: SELECT `title`,`id` FROM `tw_content` WHERE `status` = 1 ORDER BY id desc  [ RunTime:0.0007s ]
SQL: SHOW COLUMNS FROM `tw_ctmarket` [ RunTime:0.0034s ]
SQL: SELECT `coinname`,`id`,`logo` FROM `tw_ctmarket` WHERE `status` = 1  [ RunTime:0.0008s ]
SQL: SELECT * FROM `tw_content` WHERE `status` = 1 ORDER BY id desc LIMIT 1   [ RunTime:0.0005s ]
INFO: [ view_parse ] --START--
INFO: [ template_filter ] --START--
INFO: Run Behavior\ContentReplaceBehavior [ RunTime:0.000213s ]
INFO: [ template_filter ] --END-- [ RunTime:0.000477s ]
NOTIC: [8192] preg_replace(): The /e modifier is deprecated, use preg_replace_callback instead /www/wwwroot/jiaoyisuo.tg-ceshi.store/heise/ThinkPHP/Common/functions.php 第 157 行.
NOTIC: [8192] preg_replace(): The /e modifier is deprecated, use preg_replace_callback instead /www/wwwroot/jiaoyisuo.tg-ceshi.store/heise/ThinkPHP/Common/functions.php 第 157 行.
NOTIC: [8192] preg_replace(): The /e modifier is deprecated, use preg_replace_callback instead /www/wwwroot/jiaoyisuo.tg-ceshi.store/heise/ThinkPHP/Common/functions.php 第 157 行.
NOTIC: [8192] preg_replace(): The /e modifier is deprecated, use preg_replace_callback instead /www/wwwroot/jiaoyisuo.tg-ceshi.store/heise/ThinkPHP/Common/functions.php 第 157 行.
NOTIC: [8192] preg_replace(): The /e modifier is deprecated, use preg_replace_callback instead /www/wwwroot/jiaoyisuo.tg-ceshi.store/heise/ThinkPHP/Common/functions.php 第 157 行.
NOTIC: [8192] preg_replace(): The /e modifier is deprecated, use preg_replace_callback instead /www/wwwroot/jiaoyisuo.tg-ceshi.store/heise/ThinkPHP/Common/functions.php 第 157 行.
NOTIC: [8192] preg_replace(): The /e modifier is deprecated, use preg_replace_callback instead /www/wwwroot/jiaoyisuo.tg-ceshi.store/heise/ThinkPHP/Common/functions.php 第 157 行.
NOTIC: [8192] preg_replace(): The /e modifier is deprecated, use preg_replace_callback instead /www/wwwroot/jiaoyisuo.tg-ceshi.store/heise/ThinkPHP/Common/functions.php 第 157 行.
NOTIC: [8192] preg_replace(): The /e modifier is deprecated, use preg_replace_callback instead /www/wwwroot/jiaoyisuo.tg-ceshi.store/heise/ThinkPHP/Common/functions.php 第 157 行.
NOTIC: [8192] preg_replace(): The /e modifier is deprecated, use preg_replace_callback instead /www/wwwroot/jiaoyisuo.tg-ceshi.store/heise/ThinkPHP/Common/functions.php 第 157 行.
NOTIC: [8192] preg_replace(): The /e modifier is deprecated, use preg_replace_callback instead /www/wwwroot/jiaoyisuo.tg-ceshi.store/heise/ThinkPHP/Common/functions.php 第 157 行.
NOTIC: [8192] preg_replace(): The /e modifier is deprecated, use preg_replace_callback instead /www/wwwroot/jiaoyisuo.tg-ceshi.store/heise/ThinkPHP/Common/functions.php 第 157 行.
NOTIC: [8192] preg_replace(): The /e modifier is deprecated, use preg_replace_callback instead /www/wwwroot/jiaoyisuo.tg-ceshi.store/heise/ThinkPHP/Common/functions.php 第 157 行.
NOTIC: [8192] preg_replace(): The /e modifier is deprecated, use preg_replace_callback instead /www/wwwroot/jiaoyisuo.tg-ceshi.store/heise/ThinkPHP/Common/functions.php 第 157 行.
NOTIC: [8192] preg_replace(): The /e modifier is deprecated, use preg_replace_callback instead /www/wwwroot/jiaoyisuo.tg-ceshi.store/heise/ThinkPHP/Common/functions.php 第 157 行.
NOTIC: [8192] preg_replace(): The /e modifier is deprecated, use preg_replace_callback instead /www/wwwroot/jiaoyisuo.tg-ceshi.store/heise/ThinkPHP/Common/functions.php 第 157 行.
NOTIC: [8192] preg_replace(): The /e modifier is deprecated, use preg_replace_callback instead /www/wwwroot/jiaoyisuo.tg-ceshi.store/heise/ThinkPHP/Common/functions.php 第 157 行.
NOTIC: [8192] preg_replace(): The /e modifier is deprecated, use preg_replace_callback instead /www/wwwroot/jiaoyisuo.tg-ceshi.store/heise/ThinkPHP/Common/functions.php 第 157 行.
NOTIC: [8192] preg_replace(): The /e modifier is deprecated, use preg_replace_callback instead /www/wwwroot/jiaoyisuo.tg-ceshi.store/heise/ThinkPHP/Common/functions.php 第 157 行.
NOTIC: [8192] preg_replace(): The /e modifier is deprecated, use preg_replace_callback instead /www/wwwroot/jiaoyisuo.tg-ceshi.store/heise/ThinkPHP/Common/functions.php 第 157 行.
NOTIC: [8192] preg_replace(): The /e modifier is deprecated, use preg_replace_callback instead /www/wwwroot/jiaoyisuo.tg-ceshi.store/heise/ThinkPHP/Common/functions.php 第 157 行.
NOTIC: [8192] preg_replace(): The /e modifier is deprecated, use preg_replace_callback instead /www/wwwroot/jiaoyisuo.tg-ceshi.store/heise/ThinkPHP/Common/functions.php 第 157 行.
NOTIC: [8192] preg_replace(): The /e modifier is deprecated, use preg_replace_callback instead /www/wwwroot/jiaoyisuo.tg-ceshi.store/heise/ThinkPHP/Common/functions.php 第 157 行.
INFO: Run Behavior\ParseTemplateBehavior [ RunTime:0.038601s ]
INFO: [ view_parse ] --END-- [ RunTime:0.038832s ]
INFO: [ view_filter ] --START--
INFO: Run Behavior\WriteHtmlCacheBehavior [ RunTime:0.000920s ]
INFO: [ view_filter ] --END-- [ RunTime:0.001041s ]
INFO: 
INFO: 
INFO: 

