[ 2025-09-07T02:11:52+08:00 ] ::1 /jiaoyi-project/xhj/admin/
INFO: [ app_init ] --START--
INFO: Run Behavior\BuildLiteBehavior [ RunTime:0.000010s ]
INFO: [ app_init ] --END-- [ RunTime:0.001595s ]
INFO: [ app_begin ] --START--
INFO: Run Behavior\ReadHtmlCacheBehavior [ RunTime:0.000335s ]
INFO: Run Behavior\CheckLangBehavior [ RunTime:0.001321s ]
INFO: [ app_begin ] --END-- [ RunTime:0.001790s ]

[ 2025-09-07T02:11:52+08:00 ] ::1 /jiaoyi-project/xhj/Admin/Login/index
INFO: [ app_init ] --START--
INFO: Run Behavior\BuildLiteBehavior [ RunTime:0.000014s ]
INFO: [ app_init ] --END-- [ RunTime:0.002379s ]
INFO: [ app_begin ] --START--
INFO: Run Behavior\ReadHtmlCacheBehavior [ RunTime:0.000221s ]
INFO: Run Behavior\CheckLangBehavior [ RunTime:0.000780s ]
INFO: [ app_begin ] --END-- [ RunTime:0.001091s ]
INFO: [ view_parse ] --START--
INFO: [ template_filter ] --START--
INFO: Run Behavior\ContentReplaceBehavior [ RunTime:0.000052s ]
INFO: [ template_filter ] --END-- [ RunTime:0.000100s ]
NOTIC: [8192] preg_replace(): The /e modifier is deprecated, use preg_replace_callback instead C:\xampp5-6\htdocs\jiaoyi-project\xhj\ThinkPHP\Common\functions.php 第 157 行.
INFO: Run Behavior\ParseTemplateBehavior [ RunTime:0.101700s ]
INFO: [ view_parse ] --END-- [ RunTime:0.101756s ]
INFO: [ view_filter ] --START--
INFO: Run Behavior\WriteHtmlCacheBehavior [ RunTime:0.000315s ]
INFO: [ view_filter ] --END-- [ RunTime:0.000370s ]
INFO: [ app_end ] --START--
INFO: Run Behavior\ShowPageTraceBehavior [ RunTime:0.000432s ]
INFO: [ app_end ] --END-- [ RunTime:0.000491s ]

[ 2025-09-07T02:11:52+08:00 ] ::1 /jiaoyi-project/xhj/Admin/Verify/code
INFO: [ app_init ] --START--
INFO: Run Behavior\BuildLiteBehavior [ RunTime:0.000007s ]
INFO: [ app_init ] --END-- [ RunTime:0.000995s ]
INFO: [ app_begin ] --START--
INFO: Run Behavior\ReadHtmlCacheBehavior [ RunTime:0.000209s ]
INFO: Run Behavior\CheckLangBehavior [ RunTime:0.000761s ]
INFO: [ app_begin ] --END-- [ RunTime:0.001055s ]
INFO: [ app_end ] --START--
INFO: Run Behavior\ShowPageTraceBehavior [ RunTime:0.000360s ]
INFO: [ app_end ] --END-- [ RunTime:0.000451s ]

[ 2025-09-07T02:12:03+08:00 ] ::1 /jiaoyi-project/xhj/Admin/Login/index
INFO: [ app_init ] --START--
INFO: Run Behavior\BuildLiteBehavior [ RunTime:0.000007s ]
INFO: [ app_init ] --END-- [ RunTime:0.001040s ]
INFO: [ app_begin ] --START--
INFO: Run Behavior\ReadHtmlCacheBehavior [ RunTime:0.000198s ]
INFO: Run Behavior\CheckLangBehavior [ RunTime:0.000865s ]
INFO: [ app_begin ] --END-- [ RunTime:0.001155s ]
NOTIC: [2] PDO::__construct(): Server sent charset (255) unknown to the client. Please, report to the developers C:\xampp5-6\htdocs\jiaoyi-project\xhj\ThinkPHP\Library\Think\Db\Driver.class.php 第 103 行.

[ 2025-09-07T02:12:08+08:00 ] ::1 /jiaoyi-project/xhj/Admin/Login/index
INFO: [ app_init ] --START--
INFO: Run Behavior\BuildLiteBehavior [ RunTime:0.000008s ]
INFO: [ app_init ] --END-- [ RunTime:0.001209s ]
INFO: [ app_begin ] --START--
INFO: Run Behavior\ReadHtmlCacheBehavior [ RunTime:0.000408s ]
INFO: Run Behavior\CheckLangBehavior [ RunTime:0.001027s ]
INFO: [ app_begin ] --END-- [ RunTime:0.001556s ]
NOTIC: [2] PDO::__construct(): Server sent charset (255) unknown to the client. Please, report to the developers C:\xampp5-6\htdocs\jiaoyi-project\xhj\ThinkPHP\Library\Think\Db\Driver.class.php 第 103 行.

[ 2025-09-07T02:12:09+08:00 ] ::1 /jiaoyi-project/xhj/Admin/Login/index
INFO: [ app_init ] --START--
INFO: Run Behavior\BuildLiteBehavior [ RunTime:0.000012s ]
INFO: [ app_init ] --END-- [ RunTime:0.002052s ]
INFO: [ app_begin ] --START--
INFO: Run Behavior\ReadHtmlCacheBehavior [ RunTime:0.000340s ]
INFO: Run Behavior\CheckLangBehavior [ RunTime:0.001211s ]
INFO: [ app_begin ] --END-- [ RunTime:0.001672s ]
NOTIC: [2] PDO::__construct(): Server sent charset (255) unknown to the client. Please, report to the developers C:\xampp5-6\htdocs\jiaoyi-project\xhj\ThinkPHP\Library\Think\Db\Driver.class.php 第 103 行.

[ 2025-09-07T02:12:10+08:00 ] ::1 /jiaoyi-project/xhj/Admin/Login/index
INFO: [ app_init ] --START--
INFO: Run Behavior\BuildLiteBehavior [ RunTime:0.000007s ]
INFO: [ app_init ] --END-- [ RunTime:0.000977s ]
INFO: [ app_begin ] --START--
INFO: Run Behavior\ReadHtmlCacheBehavior [ RunTime:0.000187s ]
INFO: Run Behavior\CheckLangBehavior [ RunTime:0.000926s ]
INFO: [ app_begin ] --END-- [ RunTime:0.001194s ]
NOTIC: [2] PDO::__construct(): Server sent charset (255) unknown to the client. Please, report to the developers C:\xampp5-6\htdocs\jiaoyi-project\xhj\ThinkPHP\Library\Think\Db\Driver.class.php 第 103 行.

[ 2025-09-07T02:12:16+08:00 ] ::1 /jiaoyi-project/xhj/Admin/Login/index
INFO: [ app_init ] --START--
INFO: Run Behavior\BuildLiteBehavior [ RunTime:0.000006s ]
INFO: [ app_init ] --END-- [ RunTime:0.001074s ]
INFO: [ app_begin ] --START--
INFO: Run Behavior\ReadHtmlCacheBehavior [ RunTime:0.000216s ]
INFO: Run Behavior\CheckLangBehavior [ RunTime:0.000733s ]
INFO: [ app_begin ] --END-- [ RunTime:0.001027s ]
NOTIC: [2] PDO::__construct(): Server sent charset (255) unknown to the client. Please, report to the developers C:\xampp5-6\htdocs\jiaoyi-project\xhj\ThinkPHP\Library\Think\Db\Driver.class.php 第 103 行.

[ 2025-09-07T02:12:17+08:00 ] ::1 /jiaoyi-project/xhj/Admin/Login/index
INFO: [ app_init ] --START--
INFO: Run Behavior\BuildLiteBehavior [ RunTime:0.000008s ]
INFO: [ app_init ] --END-- [ RunTime:0.001393s ]
INFO: [ app_begin ] --START--
INFO: Run Behavior\ReadHtmlCacheBehavior [ RunTime:0.000221s ]
INFO: Run Behavior\CheckLangBehavior [ RunTime:0.000845s ]
INFO: [ app_begin ] --END-- [ RunTime:0.001159s ]
NOTIC: [2] PDO::__construct(): Server sent charset (255) unknown to the client. Please, report to the developers C:\xampp5-6\htdocs\jiaoyi-project\xhj\ThinkPHP\Library\Think\Db\Driver.class.php 第 103 行.

[ 2025-09-07T02:12:17+08:00 ] ::1 /jiaoyi-project/xhj/Admin/Login/index
INFO: [ app_init ] --START--
INFO: Run Behavior\BuildLiteBehavior [ RunTime:0.000006s ]
INFO: [ app_init ] --END-- [ RunTime:0.001031s ]
INFO: [ app_begin ] --START--
INFO: Run Behavior\ReadHtmlCacheBehavior [ RunTime:0.000358s ]
INFO: Run Behavior\CheckLangBehavior [ RunTime:0.001296s ]
INFO: [ app_begin ] --END-- [ RunTime:0.001790s ]
NOTIC: [2] PDO::__construct(): Server sent charset (255) unknown to the client. Please, report to the developers C:\xampp5-6\htdocs\jiaoyi-project\xhj\ThinkPHP\Library\Think\Db\Driver.class.php 第 103 行.

[ 2025-09-07T02:12:18+08:00 ] ::1 /jiaoyi-project/xhj/Admin/Login/index
INFO: [ app_init ] --START--
INFO: Run Behavior\BuildLiteBehavior [ RunTime:0.000008s ]
INFO: [ app_init ] --END-- [ RunTime:0.001088s ]
INFO: [ app_begin ] --START--
INFO: Run Behavior\ReadHtmlCacheBehavior [ RunTime:0.000197s ]
INFO: Run Behavior\CheckLangBehavior [ RunTime:0.000762s ]
INFO: [ app_begin ] --END-- [ RunTime:0.001037s ]
NOTIC: [2] PDO::__construct(): Server sent charset (255) unknown to the client. Please, report to the developers C:\xampp5-6\htdocs\jiaoyi-project\xhj\ThinkPHP\Library\Think\Db\Driver.class.php 第 103 行.

[ 2025-09-07T02:12:20+08:00 ] ::1 /jiaoyi-project/xhj/Admin/Login/index
INFO: [ app_init ] --START--
INFO: Run Behavior\BuildLiteBehavior [ RunTime:0.000006s ]
INFO: [ app_init ] --END-- [ RunTime:0.000971s ]
INFO: [ app_begin ] --START--
INFO: Run Behavior\ReadHtmlCacheBehavior [ RunTime:0.000192s ]
INFO: Run Behavior\CheckLangBehavior [ RunTime:0.000732s ]
INFO: [ app_begin ] --END-- [ RunTime:0.001000s ]
NOTIC: [2] PDO::__construct(): Server sent charset (255) unknown to the client. Please, report to the developers C:\xampp5-6\htdocs\jiaoyi-project\xhj\ThinkPHP\Library\Think\Db\Driver.class.php 第 103 行.

[ 2025-09-07T02:12:21+08:00 ] ::1 /jiaoyi-project/xhj/Admin/Login/index
INFO: [ app_init ] --START--
INFO: Run Behavior\BuildLiteBehavior [ RunTime:0.000007s ]
INFO: [ app_init ] --END-- [ RunTime:0.001198s ]
INFO: [ app_begin ] --START--
INFO: Run Behavior\ReadHtmlCacheBehavior [ RunTime:0.000195s ]
INFO: Run Behavior\CheckLangBehavior [ RunTime:0.000742s ]
INFO: [ app_begin ] --END-- [ RunTime:0.001023s ]
NOTIC: [2] PDO::__construct(): Server sent charset (255) unknown to the client. Please, report to the developers C:\xampp5-6\htdocs\jiaoyi-project\xhj\ThinkPHP\Library\Think\Db\Driver.class.php 第 103 行.

[ 2025-09-07T02:12:31+08:00 ] ::1 /jiaoyi-project/xhj/Admin/Verify/code?t=0.2992697499751358
INFO: [ app_init ] --START--
INFO: Run Behavior\BuildLiteBehavior [ RunTime:0.000012s ]
INFO: [ app_init ] --END-- [ RunTime:0.001897s ]
INFO: [ app_begin ] --START--
INFO: Run Behavior\ReadHtmlCacheBehavior [ RunTime:0.000344s ]
INFO: Run Behavior\CheckLangBehavior [ RunTime:0.001330s ]
INFO: [ app_begin ] --END-- [ RunTime:0.001810s ]
INFO: [ app_end ] --START--
INFO: Run Behavior\ShowPageTraceBehavior [ RunTime:0.000511s ]
INFO: [ app_end ] --END-- [ RunTime:0.000607s ]

[ 2025-09-07T02:12:33+08:00 ] ::1 /jiaoyi-project/xhj/Admin/Verify/code?t=0.2992697499751358?t=0.048589308877901916
INFO: [ app_init ] --START--
INFO: Run Behavior\BuildLiteBehavior [ RunTime:0.000007s ]
INFO: [ app_init ] --END-- [ RunTime:0.001009s ]
INFO: [ app_begin ] --START--
INFO: Run Behavior\ReadHtmlCacheBehavior [ RunTime:0.000679s ]
INFO: Run Behavior\CheckLangBehavior [ RunTime:0.001037s ]
INFO: [ app_begin ] --END-- [ RunTime:0.001865s ]
INFO: [ app_end ] --START--
INFO: Run Behavior\ShowPageTraceBehavior [ RunTime:0.000352s ]
INFO: [ app_end ] --END-- [ RunTime:0.000440s ]

[ 2025-09-07T02:12:37+08:00 ] ::1 /jiaoyi-project/xhj/Admin/Login/index
INFO: [ app_init ] --START--
INFO: Run Behavior\BuildLiteBehavior [ RunTime:0.000006s ]
INFO: [ app_init ] --END-- [ RunTime:0.001597s ]
INFO: [ app_begin ] --START--
INFO: Run Behavior\ReadHtmlCacheBehavior [ RunTime:0.000364s ]
INFO: Run Behavior\CheckLangBehavior [ RunTime:0.001287s ]
INFO: [ app_begin ] --END-- [ RunTime:0.001789s ]
NOTIC: [2] PDO::__construct(): Server sent charset (255) unknown to the client. Please, report to the developers C:\xampp5-6\htdocs\jiaoyi-project\xhj\ThinkPHP\Library\Think\Db\Driver.class.php 第 103 行.

[ 2025-09-07T02:12:43+08:00 ] ::1 /jiaoyi-project/xhj/Admin/Login/index
INFO: [ app_init ] --START--
INFO: Run Behavior\BuildLiteBehavior [ RunTime:0.000011s ]
INFO: [ app_init ] --END-- [ RunTime:0.001853s ]
INFO: [ app_begin ] --START--
INFO: Run Behavior\ReadHtmlCacheBehavior [ RunTime:0.000584s ]
INFO: Run Behavior\CheckLangBehavior [ RunTime:0.001573s ]
INFO: [ app_begin ] --END-- [ RunTime:0.002328s ]
NOTIC: [2] PDO::__construct(): Server sent charset (255) unknown to the client. Please, report to the developers C:\xampp5-6\htdocs\jiaoyi-project\xhj\ThinkPHP\Library\Think\Db\Driver.class.php 第 103 行.

[ 2025-09-07T02:14:24+08:00 ] ::1 /jiaoyi-project/xhj/index.php?s=/Admin/Login/index
INFO: [ app_init ] --START--
INFO: Run Behavior\BuildLiteBehavior [ RunTime:0.000011s ]
INFO: [ app_init ] --END-- [ RunTime:0.001666s ]
INFO: [ app_begin ] --START--
INFO: Run Behavior\ReadHtmlCacheBehavior [ RunTime:0.000356s ]
INFO: Run Behavior\CheckLangBehavior [ RunTime:0.001285s ]
INFO: [ app_begin ] --END-- [ RunTime:0.001774s ]
INFO: [ view_parse ] --START--
INFO: [ template_filter ] --START--
INFO: Run Behavior\ContentReplaceBehavior [ RunTime:0.000051s ]
INFO: [ template_filter ] --END-- [ RunTime:0.000141s ]
NOTIC: [8192] preg_replace(): The /e modifier is deprecated, use preg_replace_callback instead C:\xampp5-6\htdocs\jiaoyi-project\xhj\ThinkPHP\Common\functions.php 第 157 行.
INFO: Run Behavior\ParseTemplateBehavior [ RunTime:0.006140s ]
INFO: [ view_parse ] --END-- [ RunTime:0.006220s ]
INFO: [ view_filter ] --START--
INFO: Run Behavior\WriteHtmlCacheBehavior [ RunTime:0.000477s ]
INFO: [ view_filter ] --END-- [ RunTime:0.000543s ]
INFO: [ app_end ] --START--
INFO: Run Behavior\ShowPageTraceBehavior [ RunTime:0.000533s ]
INFO: [ app_end ] --END-- [ RunTime:0.000616s ]

[ 2025-09-07T02:14:52+08:00 ] ::1 /jiaoyi-project/xhj/Admin/Login/index
INFO: [ app_init ] --START--
INFO: Run Behavior\BuildLiteBehavior [ RunTime:0.000012s ]
INFO: [ app_init ] --END-- [ RunTime:0.001786s ]
INFO: [ app_begin ] --START--
INFO: Run Behavior\ReadHtmlCacheBehavior [ RunTime:0.000763s ]
INFO: Run Behavior\CheckLangBehavior [ RunTime:0.001790s ]
INFO: [ app_begin ] --END-- [ RunTime:0.002764s ]
INFO: [ view_parse ] --START--
INFO: [ template_filter ] --START--
INFO: Run Behavior\ContentReplaceBehavior [ RunTime:0.000072s ]
INFO: [ template_filter ] --END-- [ RunTime:0.000196s ]
NOTIC: [8192] preg_replace(): The /e modifier is deprecated, use preg_replace_callback instead C:\xampp5-6\htdocs\jiaoyi-project\xhj\ThinkPHP\Common\functions.php 第 157 行.
INFO: Run Behavior\ParseTemplateBehavior [ RunTime:0.008017s ]
INFO: [ view_parse ] --END-- [ RunTime:0.008082s ]
INFO: [ view_filter ] --START--
INFO: Run Behavior\WriteHtmlCacheBehavior [ RunTime:0.000657s ]
INFO: [ view_filter ] --END-- [ RunTime:0.000781s ]
INFO: [ app_end ] --START--
INFO: Run Behavior\ShowPageTraceBehavior [ RunTime:0.000579s ]
INFO: [ app_end ] --END-- [ RunTime:0.000642s ]

[ 2025-09-07T02:15:23+08:00 ] ::1 /jiaoyi-project/xhj/Admin/Login/index
INFO: [ app_init ] --START--
INFO: Run Behavior\BuildLiteBehavior [ RunTime:0.000008s ]
INFO: [ app_init ] --END-- [ RunTime:0.001306s ]
INFO: [ app_begin ] --START--
INFO: Run Behavior\ReadHtmlCacheBehavior [ RunTime:0.000223s ]
INFO: Run Behavior\CheckLangBehavior [ RunTime:0.001087s ]
INFO: [ app_begin ] --END-- [ RunTime:0.001420s ]
INFO: [ view_parse ] --START--
INFO: [ template_filter ] --START--
INFO: Run Behavior\ContentReplaceBehavior [ RunTime:0.000039s ]
INFO: [ template_filter ] --END-- [ RunTime:0.000134s ]
NOTIC: [8192] preg_replace(): The /e modifier is deprecated, use preg_replace_callback instead C:\xampp5-6\htdocs\jiaoyi-project\xhj\ThinkPHP\Common\functions.php 第 157 行.
INFO: Run Behavior\ParseTemplateBehavior [ RunTime:0.005815s ]
INFO: [ view_parse ] --END-- [ RunTime:0.005924s ]
INFO: [ view_filter ] --START--
INFO: Run Behavior\WriteHtmlCacheBehavior [ RunTime:0.000248s ]
INFO: [ view_filter ] --END-- [ RunTime:0.000292s ]
INFO: [ app_end ] --START--
INFO: Run Behavior\ShowPageTraceBehavior [ RunTime:0.000281s ]
INFO: [ app_end ] --END-- [ RunTime:0.000328s ]

[ 2025-09-07T02:15:23+08:00 ] ::1 /jiaoyi-project/xhj/Admin/Verify/code
INFO: [ app_init ] --START--
INFO: Run Behavior\BuildLiteBehavior [ RunTime:0.000013s ]
INFO: [ app_init ] --END-- [ RunTime:0.001782s ]
INFO: [ app_begin ] --START--
INFO: Run Behavior\ReadHtmlCacheBehavior [ RunTime:0.000351s ]
INFO: Run Behavior\CheckLangBehavior [ RunTime:0.001414s ]
INFO: [ app_begin ] --END-- [ RunTime:0.001903s ]
INFO: [ app_end ] --START--
INFO: Run Behavior\ShowPageTraceBehavior [ RunTime:0.000766s ]
INFO: [ app_end ] --END-- [ RunTime:0.000921s ]

[ 2025-09-07T02:15:29+08:00 ] ::1 /jiaoyi-project/xhj/Admin/Login/index
INFO: [ app_init ] --START--
INFO: Run Behavior\BuildLiteBehavior [ RunTime:0.000011s ]
INFO: [ app_init ] --END-- [ RunTime:0.001666s ]
INFO: [ app_begin ] --START--
INFO: Run Behavior\ReadHtmlCacheBehavior [ RunTime:0.000389s ]
INFO: Run Behavior\CheckLangBehavior [ RunTime:0.001235s ]
INFO: [ app_begin ] --END-- [ RunTime:0.001811s ]
NOTIC: [2] PDO::__construct(): Server sent charset (255) unknown to the client. Please, report to the developers C:\xampp5-6\htdocs\jiaoyi-project\xhj\ThinkPHP\Library\Think\Db\Driver.class.php 第 103 行.

[ 2025-09-07T02:15:30+08:00 ] ::1 /jiaoyi-project/xhj/Admin/Login/index
INFO: [ app_init ] --START--
INFO: Run Behavior\BuildLiteBehavior [ RunTime:0.000011s ]
INFO: [ app_init ] --END-- [ RunTime:0.001657s ]
INFO: [ app_begin ] --START--
INFO: Run Behavior\ReadHtmlCacheBehavior [ RunTime:0.000352s ]
INFO: Run Behavior\CheckLangBehavior [ RunTime:0.001379s ]
INFO: [ app_begin ] --END-- [ RunTime:0.001873s ]
NOTIC: [2] PDO::__construct(): Server sent charset (255) unknown to the client. Please, report to the developers C:\xampp5-6\htdocs\jiaoyi-project\xhj\ThinkPHP\Library\Think\Db\Driver.class.php 第 103 行.

[ 2025-09-07T02:15:36+08:00 ] ::1 /jiaoyi-project/xhj/Admin/Login/index
INFO: [ app_init ] --START--
INFO: Run Behavior\BuildLiteBehavior [ RunTime:0.000016s ]
INFO: [ app_init ] --END-- [ RunTime:0.001340s ]
INFO: [ app_begin ] --START--
INFO: Run Behavior\ReadHtmlCacheBehavior [ RunTime:0.000215s ]
INFO: Run Behavior\CheckLangBehavior [ RunTime:0.000779s ]
INFO: [ app_begin ] --END-- [ RunTime:0.001077s ]
NOTIC: [2] PDO::__construct(): Server sent charset (255) unknown to the client. Please, report to the developers C:\xampp5-6\htdocs\jiaoyi-project\xhj\ThinkPHP\Library\Think\Db\Driver.class.php 第 103 行.

[ 2025-09-07T02:27:12+08:00 ] ::1 /jiaoyi-project/xhj/Admin/Login/index
INFO: [ app_init ] --START--
INFO: Run Behavior\BuildLiteBehavior [ RunTime:0.000007s ]
INFO: [ app_init ] --END-- [ RunTime:0.001081s ]
INFO: [ app_begin ] --START--
INFO: Run Behavior\ReadHtmlCacheBehavior [ RunTime:0.000260s ]
INFO: Run Behavior\CheckLangBehavior [ RunTime:0.000812s ]
INFO: [ app_begin ] --END-- [ RunTime:0.001165s ]
INFO: [ view_parse ] --START--
INFO: [ template_filter ] --START--
INFO: Run Behavior\ContentReplaceBehavior [ RunTime:0.000037s ]
INFO: [ template_filter ] --END-- [ RunTime:0.000109s ]
NOTIC: [8192] preg_replace(): The /e modifier is deprecated, use preg_replace_callback instead C:\xampp5-6\htdocs\jiaoyi-project\xhj\ThinkPHP\Common\functions.php 第 157 行.
INFO: Run Behavior\ParseTemplateBehavior [ RunTime:0.004320s ]
INFO: [ view_parse ] --END-- [ RunTime:0.004378s ]
INFO: [ view_filter ] --START--
INFO: Run Behavior\WriteHtmlCacheBehavior [ RunTime:0.000192s ]
INFO: [ view_filter ] --END-- [ RunTime:0.000236s ]
INFO: [ app_end ] --START--
INFO: Run Behavior\ShowPageTraceBehavior [ RunTime:0.000265s ]
INFO: [ app_end ] --END-- [ RunTime:0.000307s ]

[ 2025-09-07T02:27:12+08:00 ] ::1 /jiaoyi-project/xhj/Admin/Verify/code
INFO: [ app_init ] --START--
INFO: Run Behavior\BuildLiteBehavior [ RunTime:0.000007s ]
INFO: [ app_init ] --END-- [ RunTime:0.000987s ]
INFO: [ app_begin ] --START--
INFO: Run Behavior\ReadHtmlCacheBehavior [ RunTime:0.000194s ]
INFO: Run Behavior\CheckLangBehavior [ RunTime:0.000774s ]
INFO: [ app_begin ] --END-- [ RunTime:0.001057s ]
INFO: [ app_end ] --START--
INFO: Run Behavior\ShowPageTraceBehavior [ RunTime:0.000400s ]
INFO: [ app_end ] --END-- [ RunTime:0.000497s ]

[ 2025-09-07T02:27:14+08:00 ] ::1 /jiaoyi-project/xhj/Admin/Login/index
INFO: [ app_init ] --START--
INFO: Run Behavior\BuildLiteBehavior [ RunTime:0.000009s ]
INFO: [ app_init ] --END-- [ RunTime:0.001059s ]
INFO: [ app_begin ] --START--
INFO: Run Behavior\ReadHtmlCacheBehavior [ RunTime:0.000204s ]
INFO: Run Behavior\CheckLangBehavior [ RunTime:0.000736s ]
INFO: [ app_begin ] --END-- [ RunTime:0.001020s ]
INFO: [ view_parse ] --START--
INFO: [ template_filter ] --START--
INFO: Run Behavior\ContentReplaceBehavior [ RunTime:0.000029s ]
INFO: [ template_filter ] --END-- [ RunTime:0.000093s ]
NOTIC: [8192] preg_replace(): The /e modifier is deprecated, use preg_replace_callback instead C:\xampp5-6\htdocs\jiaoyi-project\xhj\ThinkPHP\Common\functions.php 第 157 行.
INFO: Run Behavior\ParseTemplateBehavior [ RunTime:0.004364s ]
INFO: [ view_parse ] --END-- [ RunTime:0.004423s ]
INFO: [ view_filter ] --START--
INFO: Run Behavior\WriteHtmlCacheBehavior [ RunTime:0.000247s ]
INFO: [ view_filter ] --END-- [ RunTime:0.000291s ]
INFO: [ app_end ] --START--
INFO: Run Behavior\ShowPageTraceBehavior [ RunTime:0.000284s ]
INFO: [ app_end ] --END-- [ RunTime:0.000332s ]

[ 2025-09-07T02:27:14+08:00 ] ::1 /jiaoyi-project/xhj/Admin/Verify/code
INFO: [ app_init ] --START--
INFO: Run Behavior\BuildLiteBehavior [ RunTime:0.000008s ]
INFO: [ app_init ] --END-- [ RunTime:0.001014s ]
INFO: [ app_begin ] --START--
INFO: Run Behavior\ReadHtmlCacheBehavior [ RunTime:0.000205s ]
INFO: Run Behavior\CheckLangBehavior [ RunTime:0.000755s ]
INFO: [ app_begin ] --END-- [ RunTime:0.001047s ]
INFO: [ app_end ] --START--
INFO: Run Behavior\ShowPageTraceBehavior [ RunTime:0.000389s ]
INFO: [ app_end ] --END-- [ RunTime:0.000477s ]

[ 2025-09-07T02:44:57+08:00 ] ::1 /jiaoyi-project/xhj/admin/
INFO: [ app_init ] --START--
INFO: Run Behavior\BuildLiteBehavior [ RunTime:0.000007s ]
INFO: [ app_init ] --END-- [ RunTime:0.001053s ]
INFO: [ app_begin ] --START--
INFO: Run Behavior\ReadHtmlCacheBehavior [ RunTime:0.000265s ]
INFO: Run Behavior\CheckLangBehavior [ RunTime:0.000857s ]
INFO: [ app_begin ] --END-- [ RunTime:0.001218s ]

[ 2025-09-07T02:44:57+08:00 ] ::1 /jiaoyi-project/xhj/Admin/Login/index
INFO: [ app_init ] --START--
INFO: Run Behavior\BuildLiteBehavior [ RunTime:0.000009s ]
INFO: [ app_init ] --END-- [ RunTime:0.001200s ]
INFO: [ app_begin ] --START--
INFO: Run Behavior\ReadHtmlCacheBehavior [ RunTime:0.000310s ]
INFO: Run Behavior\CheckLangBehavior [ RunTime:0.001082s ]
INFO: [ app_begin ] --END-- [ RunTime:0.001516s ]
INFO: [ view_parse ] --START--
INFO: [ template_filter ] --START--
INFO: Run Behavior\ContentReplaceBehavior [ RunTime:0.000433s ]
INFO: [ template_filter ] --END-- [ RunTime:0.000507s ]
NOTIC: [8192] preg_replace(): The /e modifier is deprecated, use preg_replace_callback instead C:\xampp5-6\htdocs\jiaoyi-project\xhj\ThinkPHP\Common\functions.php 第 157 行.
INFO: Run Behavior\ParseTemplateBehavior [ RunTime:0.112536s ]
INFO: [ view_parse ] --END-- [ RunTime:0.112657s ]
INFO: [ view_filter ] --START--
INFO: Run Behavior\WriteHtmlCacheBehavior [ RunTime:0.002447s ]
INFO: [ view_filter ] --END-- [ RunTime:0.003604s ]
INFO: [ app_end ] --START--
INFO: Run Behavior\ShowPageTraceBehavior [ RunTime:0.001175s ]
INFO: [ app_end ] --END-- [ RunTime:0.001297s ]

[ 2025-09-07T02:44:57+08:00 ] ::1 /jiaoyi-project/xhj/Admin/Verify/code
INFO: [ app_init ] --START--
INFO: Run Behavior\BuildLiteBehavior [ RunTime:0.000013s ]
INFO: [ app_init ] --END-- [ RunTime:0.001445s ]
INFO: [ app_begin ] --START--
INFO: Run Behavior\ReadHtmlCacheBehavior [ RunTime:0.000306s ]
INFO: Run Behavior\CheckLangBehavior [ RunTime:0.000929s ]
INFO: [ app_begin ] --END-- [ RunTime:0.001366s ]
INFO: [ app_end ] --START--
INFO: Run Behavior\ShowPageTraceBehavior [ RunTime:0.000653s ]
INFO: [ app_end ] --END-- [ RunTime:0.000793s ]

[ 2025-09-07T02:45:06+08:00 ] ::1 /jiaoyi-project/xhj/Admin/Login/index
INFO: [ app_init ] --START--
INFO: Run Behavior\BuildLiteBehavior [ RunTime:0.000008s ]
INFO: [ app_init ] --END-- [ RunTime:0.000988s ]
INFO: [ app_begin ] --START--
INFO: Run Behavior\ReadHtmlCacheBehavior [ RunTime:0.000326s ]
INFO: Run Behavior\CheckLangBehavior [ RunTime:0.000838s ]
INFO: [ app_begin ] --END-- [ RunTime:0.001263s ]
NOTIC: [2] PDO::__construct(): Server sent charset (255) unknown to the client. Please, report to the developers C:\xampp5-6\htdocs\jiaoyi-project\xhj\ThinkPHP\Library\Think\Db\Driver.class.php 第 103 行.
NOTIC: [2] file_get_contents(./404.html): failed to open stream: No such file or directory C:\xampp5-6\htdocs\jiaoyi-project\xhj\ThinkPHP\ThinkPHP.php 第 126 行.

[ 2025-09-07T02:45:32+08:00 ] ::1 /jiaoyi-project/xhj/Admin/Login/index
INFO: [ app_init ] --START--
INFO: Run Behavior\BuildLiteBehavior [ RunTime:0.000008s ]
INFO: [ app_init ] --END-- [ RunTime:0.001139s ]
INFO: [ app_begin ] --START--
INFO: Run Behavior\ReadHtmlCacheBehavior [ RunTime:0.000219s ]
INFO: Run Behavior\CheckLangBehavior [ RunTime:0.000799s ]
INFO: [ app_begin ] --END-- [ RunTime:0.001114s ]
NOTIC: [2] PDO::__construct(): Server sent charset (255) unknown to the client. Please, report to the developers C:\xampp5-6\htdocs\jiaoyi-project\xhj\ThinkPHP\Library\Think\Db\Driver.class.php 第 103 行.
NOTIC: [2] file_get_contents(./404.html): failed to open stream: No such file or directory C:\xampp5-6\htdocs\jiaoyi-project\xhj\ThinkPHP\ThinkPHP.php 第 126 行.

[ 2025-09-07T02:47:46+08:00 ] ::1 /jiaoyi-project/xhj/Admin/Login/index
INFO: [ app_init ] --START--
INFO: Run Behavior\BuildLiteBehavior [ RunTime:0.000013s ]
INFO: [ app_init ] --END-- [ RunTime:0.003105s ]
INFO: [ app_begin ] --START--
INFO: Run Behavior\ReadHtmlCacheBehavior [ RunTime:0.001459s ]
INFO: Run Behavior\CheckLangBehavior [ RunTime:0.003209s ]
INFO: [ app_begin ] --END-- [ RunTime:0.004893s ]
INFO: [ view_parse ] --START--
INFO: [ template_filter ] --START--
INFO: Run Behavior\ContentReplaceBehavior [ RunTime:0.000055s ]
INFO: [ template_filter ] --END-- [ RunTime:0.000174s ]
NOTIC: [8192] preg_replace(): The /e modifier is deprecated, use preg_replace_callback instead C:\xampp5-6\htdocs\jiaoyi-project\xhj\ThinkPHP\Common\functions.php 第 157 行.
INFO: Run Behavior\ParseTemplateBehavior [ RunTime:0.015159s ]
INFO: [ view_parse ] --END-- [ RunTime:0.015269s ]
INFO: [ view_filter ] --START--
INFO: Run Behavior\WriteHtmlCacheBehavior [ RunTime:0.001219s ]
INFO: [ view_filter ] --END-- [ RunTime:0.001288s ]
INFO: [ app_end ] --START--
INFO: Run Behavior\ShowPageTraceBehavior [ RunTime:0.001323s ]
INFO: [ app_end ] --END-- [ RunTime:0.001404s ]

[ 2025-09-07T02:47:46+08:00 ] ::1 /jiaoyi-project/xhj/Admin/Verify/code
INFO: [ app_init ] --START--
INFO: Run Behavior\BuildLiteBehavior [ RunTime:0.000012s ]
INFO: [ app_init ] --END-- [ RunTime:0.002277s ]
INFO: [ app_begin ] --START--
INFO: Run Behavior\ReadHtmlCacheBehavior [ RunTime:0.001204s ]
INFO: Run Behavior\CheckLangBehavior [ RunTime:0.002664s ]
INFO: [ app_begin ] --END-- [ RunTime:0.004089s ]
INFO: [ app_end ] --START--
INFO: Run Behavior\ShowPageTraceBehavior [ RunTime:0.001162s ]
INFO: [ app_end ] --END-- [ RunTime:0.001273s ]

[ 2025-09-07T02:48:15+08:00 ] ::1 /jiaoyi-project/xhj/Admin/Login/index
INFO: [ app_init ] --START--
INFO: Run Behavior\BuildLiteBehavior [ RunTime:0.000008s ]
INFO: [ app_init ] --END-- [ RunTime:0.001713s ]
INFO: [ app_begin ] --START--
INFO: Run Behavior\ReadHtmlCacheBehavior [ RunTime:0.000698s ]
INFO: Run Behavior\CheckLangBehavior [ RunTime:0.001515s ]
INFO: [ app_begin ] --END-- [ RunTime:0.002314s ]
NOTIC: [2] PDO::__construct(): Server sent charset (255) unknown to the client. Please, report to the developers C:\xampp5-6\htdocs\jiaoyi-project\xhj\ThinkPHP\Library\Think\Db\Driver.class.php 第 103 行.
NOTIC: [2] file_get_contents(./404.html): failed to open stream: No such file or directory C:\xampp5-6\htdocs\jiaoyi-project\xhj\ThinkPHP\ThinkPHP.php 第 126 行.

[ 2025-09-07T02:48:58+08:00 ] ::1 /jiaoyi-project/xhj/Admin/Login/index
INFO: [ app_init ] --START--
INFO: Run Behavior\BuildLiteBehavior [ RunTime:0.000008s ]
INFO: [ app_init ] --END-- [ RunTime:0.001244s ]
INFO: [ app_begin ] --START--
INFO: Run Behavior\ReadHtmlCacheBehavior [ RunTime:0.000337s ]
INFO: Run Behavior\CheckLangBehavior [ RunTime:0.001169s ]
INFO: [ app_begin ] --END-- [ RunTime:0.001623s ]
NOTIC: [2] PDO::__construct(): Server sent charset (255) unknown to the client. Please, report to the developers C:\xampp5-6\htdocs\jiaoyi-project\xhj\ThinkPHP\Library\Think\Db\Driver.class.php 第 103 行.
NOTIC: [2] file_get_contents(./404.html): failed to open stream: No such file or directory C:\xampp5-6\htdocs\jiaoyi-project\xhj\ThinkPHP\ThinkPHP.php 第 126 行.

[ 2025-09-07T02:48:59+08:00 ] ::1 /jiaoyi-project/xhj/Admin/Login/index
INFO: [ app_init ] --START--
INFO: Run Behavior\BuildLiteBehavior [ RunTime:0.000014s ]
INFO: [ app_init ] --END-- [ RunTime:0.003719s ]
INFO: [ app_begin ] --START--
INFO: Run Behavior\ReadHtmlCacheBehavior [ RunTime:0.000350s ]
INFO: Run Behavior\CheckLangBehavior [ RunTime:0.001179s ]
INFO: [ app_begin ] --END-- [ RunTime:0.001630s ]
NOTIC: [2] PDO::__construct(): Server sent charset (255) unknown to the client. Please, report to the developers C:\xampp5-6\htdocs\jiaoyi-project\xhj\ThinkPHP\Library\Think\Db\Driver.class.php 第 103 行.
NOTIC: [2] file_get_contents(./404.html): failed to open stream: No such file or directory C:\xampp5-6\htdocs\jiaoyi-project\xhj\ThinkPHP\ThinkPHP.php 第 126 行.

[ 2025-09-07T02:49:20+08:00 ] ::1 /jiaoyi-project/xhj/index.php/Admin/Login/index
INFO: [ app_init ] --START--
INFO: Run Behavior\BuildLiteBehavior [ RunTime:0.000008s ]
INFO: [ app_init ] --END-- [ RunTime:0.001332s ]
INFO: [ app_begin ] --START--
INFO: Run Behavior\ReadHtmlCacheBehavior [ RunTime:0.000326s ]
INFO: Run Behavior\CheckLangBehavior [ RunTime:0.001122s ]
INFO: [ app_begin ] --END-- [ RunTime:0.001537s ]
INFO: [ view_parse ] --START--
INFO: [ template_filter ] --START--
INFO: Run Behavior\ContentReplaceBehavior [ RunTime:0.000031s ]
INFO: [ template_filter ] --END-- [ RunTime:0.000088s ]
NOTIC: [8192] preg_replace(): The /e modifier is deprecated, use preg_replace_callback instead C:\xampp5-6\htdocs\jiaoyi-project\xhj\ThinkPHP\Common\functions.php 第 157 行.
INFO: Run Behavior\ParseTemplateBehavior [ RunTime:0.008480s ]
INFO: [ view_parse ] --END-- [ RunTime:0.008536s ]
INFO: [ view_filter ] --START--
INFO: Run Behavior\WriteHtmlCacheBehavior [ RunTime:0.000275s ]
INFO: [ view_filter ] --END-- [ RunTime:0.000317s ]
INFO: [ app_end ] --START--
INFO: Run Behavior\ShowPageTraceBehavior [ RunTime:0.000244s ]
INFO: [ app_end ] --END-- [ RunTime:0.000284s ]

[ 2025-09-07T02:49:20+08:00 ] ::1 /jiaoyi-project/xhj/Admin/Verify/code
INFO: [ app_init ] --START--
INFO: Run Behavior\BuildLiteBehavior [ RunTime:0.000015s ]
INFO: [ app_init ] --END-- [ RunTime:0.003283s ]
INFO: [ app_begin ] --START--
INFO: Run Behavior\ReadHtmlCacheBehavior [ RunTime:0.000783s ]
INFO: Run Behavior\CheckLangBehavior [ RunTime:0.002342s ]
INFO: [ app_begin ] --END-- [ RunTime:0.003494s ]
INFO: [ app_end ] --START--
INFO: Run Behavior\ShowPageTraceBehavior [ RunTime:0.000763s ]
INFO: [ app_end ] --END-- [ RunTime:0.000955s ]

[ 2025-09-07T02:49:30+08:00 ] ::1 /jiaoyi-project/xhj/Admin/Login/index
INFO: [ app_init ] --START--
INFO: Run Behavior\BuildLiteBehavior [ RunTime:0.000007s ]
INFO: [ app_init ] --END-- [ RunTime:0.001164s ]
INFO: [ app_begin ] --START--
INFO: Run Behavior\ReadHtmlCacheBehavior [ RunTime:0.000262s ]
INFO: Run Behavior\CheckLangBehavior [ RunTime:0.000920s ]
INFO: [ app_begin ] --END-- [ RunTime:0.001264s ]
NOTIC: [2] PDO::__construct(): Server sent charset (255) unknown to the client. Please, report to the developers C:\xampp5-6\htdocs\jiaoyi-project\xhj\ThinkPHP\Library\Think\Db\Driver.class.php 第 103 行.
NOTIC: [2] file_get_contents(./404.html): failed to open stream: No such file or directory C:\xampp5-6\htdocs\jiaoyi-project\xhj\ThinkPHP\ThinkPHP.php 第 126 行.

[ 2025-09-07T02:50:46+08:00 ] ::1 /jiaoyi-project/xhj/index.php?m=Admin&c=Login&a=index&id=948fbeff-6e52-421f-aa98-116f5e99c6d5&vscodeBrowserReqId=1757184646244
INFO: [ app_init ] --START--
INFO: Run Behavior\BuildLiteBehavior [ RunTime:0.000008s ]
INFO: [ app_init ] --END-- [ RunTime:0.001309s ]
INFO: [ app_begin ] --START--
INFO: Run Behavior\ReadHtmlCacheBehavior [ RunTime:0.000382s ]
INFO: Run Behavior\CheckLangBehavior [ RunTime:0.001028s ]
INFO: [ app_begin ] --END-- [ RunTime:0.001525s ]
INFO: [ view_parse ] --START--
INFO: [ template_filter ] --START--
INFO: Run Behavior\ContentReplaceBehavior [ RunTime:0.000032s ]
INFO: [ template_filter ] --END-- [ RunTime:0.000088s ]
NOTIC: [8192] preg_replace(): The /e modifier is deprecated, use preg_replace_callback instead C:\xampp5-6\htdocs\jiaoyi-project\xhj\ThinkPHP\Common\functions.php 第 157 行.
INFO: Run Behavior\ParseTemplateBehavior [ RunTime:0.004189s ]
INFO: [ view_parse ] --END-- [ RunTime:0.004242s ]
INFO: [ view_filter ] --START--
INFO: Run Behavior\WriteHtmlCacheBehavior [ RunTime:0.000226s ]
INFO: [ view_filter ] --END-- [ RunTime:0.000269s ]
INFO: [ app_end ] --START--
INFO: Run Behavior\ShowPageTraceBehavior [ RunTime:0.000237s ]
INFO: [ app_end ] --END-- [ RunTime:0.000276s ]

[ 2025-09-07T02:50:46+08:00 ] ::1 /jiaoyi-project/xhj/Admin/Verify/code
INFO: [ app_init ] --START--
INFO: Run Behavior\BuildLiteBehavior [ RunTime:0.000007s ]
INFO: [ app_init ] --END-- [ RunTime:0.001281s ]
INFO: [ app_begin ] --START--
INFO: Run Behavior\ReadHtmlCacheBehavior [ RunTime:0.000354s ]
INFO: Run Behavior\CheckLangBehavior [ RunTime:0.001019s ]
INFO: [ app_begin ] --END-- [ RunTime:0.001471s ]
INFO: [ app_end ] --START--
INFO: Run Behavior\ShowPageTraceBehavior [ RunTime:0.000417s ]
INFO: [ app_end ] --END-- [ RunTime:0.000506s ]

[ 2025-09-07T02:56:10+08:00 ] ::1 /jiaoyi-project/xhj/index.php?m=Admin&c=Login&a=index&id=948fbeff-6e52-421f-aa98-116f5e99c6d5&vscodeBrowserReqId=1757184970317
INFO: [ app_init ] --START--
INFO: Run Behavior\BuildLiteBehavior [ RunTime:0.000012s ]
INFO: [ app_init ] --END-- [ RunTime:0.002118s ]
INFO: [ app_begin ] --START--
INFO: Run Behavior\ReadHtmlCacheBehavior [ RunTime:0.000545s ]
INFO: Run Behavior\CheckLangBehavior [ RunTime:0.001763s ]
INFO: [ app_begin ] --END-- [ RunTime:0.002463s ]
INFO: [ view_parse ] --START--
INFO: [ template_filter ] --START--
INFO: Run Behavior\ContentReplaceBehavior [ RunTime:0.000066s ]
INFO: [ template_filter ] --END-- [ RunTime:0.000227s ]
NOTIC: [8192] preg_replace(): The /e modifier is deprecated, use preg_replace_callback instead C:\xampp5-6\htdocs\jiaoyi-project\xhj\ThinkPHP\Common\functions.php 第 157 行.
INFO: Run Behavior\ParseTemplateBehavior [ RunTime:0.009575s ]
INFO: [ view_parse ] --END-- [ RunTime:0.009647s ]
INFO: [ view_filter ] --START--
INFO: Run Behavior\WriteHtmlCacheBehavior [ RunTime:0.000582s ]
INFO: [ view_filter ] --END-- [ RunTime:0.000656s ]
INFO: [ app_end ] --START--
INFO: Run Behavior\ShowPageTraceBehavior [ RunTime:0.001195s ]
INFO: [ app_end ] --END-- [ RunTime:0.001281s ]

[ 2025-09-07T02:56:10+08:00 ] ::1 /jiaoyi-project/xhj/Admin/Verify/code
INFO: [ app_init ] --START--
INFO: Run Behavior\BuildLiteBehavior [ RunTime:0.000017s ]
INFO: [ app_init ] --END-- [ RunTime:0.002165s ]
INFO: [ app_begin ] --START--
INFO: Run Behavior\ReadHtmlCacheBehavior [ RunTime:0.000347s ]
INFO: Run Behavior\CheckLangBehavior [ RunTime:0.000997s ]
INFO: [ app_begin ] --END-- [ RunTime:0.001460s ]
INFO: [ app_end ] --START--
INFO: Run Behavior\ShowPageTraceBehavior [ RunTime:0.000608s ]
INFO: [ app_end ] --END-- [ RunTime:0.000730s ]

[ 2025-09-07T02:58:38+08:00 ] ::1 /jiaoyi-project/xhj/index.php?m=Admin&c=Login&a=index
INFO: [ app_init ] --START--
INFO: Run Behavior\BuildLiteBehavior [ RunTime:0.000012s ]
INFO: [ app_init ] --END-- [ RunTime:0.002110s ]
INFO: [ app_begin ] --START--
INFO: Run Behavior\ReadHtmlCacheBehavior [ RunTime:0.000678s ]
INFO: Run Behavior\CheckLangBehavior [ RunTime:0.002031s ]
INFO: [ app_begin ] --END-- [ RunTime:0.002868s ]
INFO: [ view_parse ] --START--
INFO: [ template_filter ] --START--
INFO: Run Behavior\ContentReplaceBehavior [ RunTime:0.000031s ]
INFO: [ template_filter ] --END-- [ RunTime:0.000089s ]
NOTIC: [8192] preg_replace(): The /e modifier is deprecated, use preg_replace_callback instead C:\xampp5-6\htdocs\jiaoyi-project\xhj\ThinkPHP\Common\functions.php 第 157 行.
INFO: Run Behavior\ParseTemplateBehavior [ RunTime:0.005038s ]
INFO: [ view_parse ] --END-- [ RunTime:0.005139s ]
INFO: [ view_filter ] --START--
INFO: Run Behavior\WriteHtmlCacheBehavior [ RunTime:0.000602s ]
INFO: [ view_filter ] --END-- [ RunTime:0.000672s ]
INFO: [ app_end ] --START--
INFO: Run Behavior\ShowPageTraceBehavior [ RunTime:0.000672s ]
INFO: [ app_end ] --END-- [ RunTime:0.000744s ]

[ 2025-09-07T02:58:38+08:00 ] ::1 /jiaoyi-project/xhj/Admin/Verify/code
INFO: [ app_init ] --START--
INFO: Run Behavior\BuildLiteBehavior [ RunTime:0.000015s ]
INFO: [ app_init ] --END-- [ RunTime:0.002238s ]
INFO: [ app_begin ] --START--
INFO: Run Behavior\ReadHtmlCacheBehavior [ RunTime:0.000813s ]
INFO: Run Behavior\CheckLangBehavior [ RunTime:0.001954s ]
INFO: [ app_begin ] --END-- [ RunTime:0.002998s ]
INFO: [ app_end ] --START--
INFO: Run Behavior\ShowPageTraceBehavior [ RunTime:0.000902s ]
INFO: [ app_end ] --END-- [ RunTime:0.001074s ]

[ 2025-09-07T02:58:48+08:00 ] ::1 /jiaoyi-project/xhj/Admin/Login/index
INFO: [ app_init ] --START--
INFO: Run Behavior\BuildLiteBehavior [ RunTime:0.000010s ]
INFO: [ app_init ] --END-- [ RunTime:0.001787s ]
INFO: [ app_begin ] --START--
INFO: Run Behavior\ReadHtmlCacheBehavior [ RunTime:0.000533s ]
INFO: Run Behavior\CheckLangBehavior [ RunTime:0.001466s ]
INFO: [ app_begin ] --END-- [ RunTime:0.002132s ]
NOTIC: [2] file_get_contents(./404.html): failed to open stream: No such file or directory C:\xampp5-6\htdocs\jiaoyi-project\xhj\ThinkPHP\ThinkPHP.php 第 126 行.

[ 2025-09-07T02:58:52+08:00 ] ::1 /jiaoyi-project/xhj/Admin/Login/index
INFO: [ app_init ] --START--
INFO: Run Behavior\BuildLiteBehavior [ RunTime:0.000008s ]
INFO: [ app_init ] --END-- [ RunTime:0.001218s ]
INFO: [ app_begin ] --START--
INFO: Run Behavior\ReadHtmlCacheBehavior [ RunTime:0.000340s ]
INFO: Run Behavior\CheckLangBehavior [ RunTime:0.000986s ]
INFO: [ app_begin ] --END-- [ RunTime:0.001414s ]
NOTIC: [2] file_get_contents(./404.html): failed to open stream: No such file or directory C:\xampp5-6\htdocs\jiaoyi-project\xhj\ThinkPHP\ThinkPHP.php 第 126 行.

[ 2025-09-07T02:59:13+08:00 ] ::1 /jiaoyi-project/xhj/index.php?m=Admin&c=Login&a=index&id=948fbeff-6e52-421f-aa98-116f5e99c6d5&vscodeBrowserReqId=1757185153174
INFO: [ app_init ] --START--
INFO: Run Behavior\BuildLiteBehavior [ RunTime:0.000007s ]
INFO: [ app_init ] --END-- [ RunTime:0.001232s ]
INFO: [ app_begin ] --START--
INFO: Run Behavior\ReadHtmlCacheBehavior [ RunTime:0.000724s ]
INFO: Run Behavior\CheckLangBehavior [ RunTime:0.001386s ]
INFO: [ app_begin ] --END-- [ RunTime:0.002516s ]
INFO: [ view_parse ] --START--
INFO: [ template_filter ] --START--
INFO: Run Behavior\ContentReplaceBehavior [ RunTime:0.000033s ]
INFO: [ template_filter ] --END-- [ RunTime:0.000101s ]
NOTIC: [8192] preg_replace(): The /e modifier is deprecated, use preg_replace_callback instead C:\xampp5-6\htdocs\jiaoyi-project\xhj\ThinkPHP\Common\functions.php 第 157 行.
INFO: Run Behavior\ParseTemplateBehavior [ RunTime:0.004219s ]
INFO: [ view_parse ] --END-- [ RunTime:0.004292s ]
INFO: [ view_filter ] --START--
INFO: Run Behavior\WriteHtmlCacheBehavior [ RunTime:0.000316s ]
INFO: [ view_filter ] --END-- [ RunTime:0.000359s ]
INFO: [ app_end ] --START--
INFO: Run Behavior\ShowPageTraceBehavior [ RunTime:0.000350s ]
INFO: [ app_end ] --END-- [ RunTime:0.000392s ]

[ 2025-09-07T02:59:13+08:00 ] ::1 /jiaoyi-project/xhj/Admin/Verify/code
INFO: [ app_init ] --START--
INFO: Run Behavior\BuildLiteBehavior [ RunTime:0.000007s ]
INFO: [ app_init ] --END-- [ RunTime:0.001170s ]
INFO: [ app_begin ] --START--
INFO: Run Behavior\ReadHtmlCacheBehavior [ RunTime:0.000721s ]
INFO: Run Behavior\CheckLangBehavior [ RunTime:0.001298s ]
INFO: [ app_begin ] --END-- [ RunTime:0.002156s ]
INFO: [ app_end ] --START--
INFO: Run Behavior\ShowPageTraceBehavior [ RunTime:0.000409s ]
INFO: [ app_end ] --END-- [ RunTime:0.000517s ]

[ 2025-09-07T02:59:59+08:00 ] ::1 /jiaoyi-project/xhj/index.php?m=Admin&c=Login&a=index
INFO: [ app_init ] --START--
INFO: Run Behavior\BuildLiteBehavior [ RunTime:0.000006s ]
INFO: [ app_init ] --END-- [ RunTime:0.001105s ]
INFO: [ app_begin ] --START--
INFO: Run Behavior\ReadHtmlCacheBehavior [ RunTime:0.000267s ]
INFO: Run Behavior\CheckLangBehavior [ RunTime:0.000955s ]
INFO: [ app_begin ] --END-- [ RunTime:0.001321s ]
INFO: [ view_parse ] --START--
INFO: [ template_filter ] --START--
INFO: Run Behavior\ContentReplaceBehavior [ RunTime:0.000039s ]
INFO: [ template_filter ] --END-- [ RunTime:0.000110s ]
NOTIC: [8192] preg_replace(): The /e modifier is deprecated, use preg_replace_callback instead C:\xampp5-6\htdocs\jiaoyi-project\xhj\ThinkPHP\Common\functions.php 第 157 行.
INFO: Run Behavior\ParseTemplateBehavior [ RunTime:0.012139s ]
INFO: [ view_parse ] --END-- [ RunTime:0.012229s ]
INFO: [ view_filter ] --START--
INFO: Run Behavior\WriteHtmlCacheBehavior [ RunTime:0.000529s ]
INFO: [ view_filter ] --END-- [ RunTime:0.000597s ]
INFO: [ app_end ] --START--
INFO: Run Behavior\ShowPageTraceBehavior [ RunTime:0.000350s ]
INFO: [ app_end ] --END-- [ RunTime:0.000403s ]

[ 2025-09-07T02:59:59+08:00 ] ::1 /jiaoyi-project/xhj/index.php/Admin/Verify/code
INFO: [ app_init ] --START--
INFO: Run Behavior\BuildLiteBehavior [ RunTime:0.000017s ]
INFO: [ app_init ] --END-- [ RunTime:0.001047s ]
INFO: [ app_begin ] --START--
INFO: Run Behavior\ReadHtmlCacheBehavior [ RunTime:0.000222s ]
INFO: Run Behavior\CheckLangBehavior [ RunTime:0.000777s ]
INFO: [ app_begin ] --END-- [ RunTime:0.001088s ]
INFO: [ app_end ] --START--
INFO: Run Behavior\ShowPageTraceBehavior [ RunTime:0.000254s ]
INFO: [ app_end ] --END-- [ RunTime:0.000324s ]

[ 2025-09-07T03:00:09+08:00 ] ::1 /jiaoyi-project/xhj/index.php?m=Admin&c=Login&a=index
INFO: [ app_init ] --START--
INFO: Run Behavior\BuildLiteBehavior [ RunTime:0.000006s ]
INFO: [ app_init ] --END-- [ RunTime:0.000963s ]
INFO: [ app_begin ] --START--
INFO: Run Behavior\ReadHtmlCacheBehavior [ RunTime:0.000277s ]
INFO: Run Behavior\CheckLangBehavior [ RunTime:0.000807s ]
INFO: [ app_begin ] --END-- [ RunTime:0.001194s ]
INFO: [ view_parse ] --START--
INFO: [ template_filter ] --START--
INFO: Run Behavior\ContentReplaceBehavior [ RunTime:0.000120s ]
INFO: [ template_filter ] --END-- [ RunTime:0.000317s ]
NOTIC: [8192] preg_replace(): The /e modifier is deprecated, use preg_replace_callback instead C:\xampp5-6\htdocs\jiaoyi-project\xhj\ThinkPHP\Common\functions.php 第 157 行.
INFO: Run Behavior\ParseTemplateBehavior [ RunTime:0.006971s ]
INFO: [ view_parse ] --END-- [ RunTime:0.007115s ]
INFO: [ view_filter ] --START--
INFO: Run Behavior\WriteHtmlCacheBehavior [ RunTime:0.000524s ]
INFO: [ view_filter ] --END-- [ RunTime:0.000583s ]
INFO: [ app_end ] --START--
INFO: Run Behavior\ShowPageTraceBehavior [ RunTime:0.000365s ]
INFO: [ app_end ] --END-- [ RunTime:0.000417s ]

[ 2025-09-07T03:00:09+08:00 ] ::1 /jiaoyi-project/xhj/index.php/Admin/Verify/code
INFO: [ app_init ] --START--
INFO: Run Behavior\BuildLiteBehavior [ RunTime:0.000018s ]
INFO: [ app_init ] --END-- [ RunTime:0.001891s ]
INFO: [ app_begin ] --START--
INFO: Run Behavior\ReadHtmlCacheBehavior [ RunTime:0.000363s ]
INFO: Run Behavior\CheckLangBehavior [ RunTime:0.001461s ]
INFO: [ app_begin ] --END-- [ RunTime:0.001987s ]
INFO: [ app_end ] --START--
INFO: Run Behavior\ShowPageTraceBehavior [ RunTime:0.000340s ]
INFO: [ app_end ] --END-- [ RunTime:0.000421s ]

[ 2025-09-07T03:00:20+08:00 ] ::1 /jiaoyi-project/xhj/index.php/Admin/Login/index
INFO: [ app_init ] --START--
INFO: Run Behavior\BuildLiteBehavior [ RunTime:0.000014s ]
INFO: [ app_init ] --END-- [ RunTime:0.002025s ]
INFO: [ app_begin ] --START--
INFO: Run Behavior\ReadHtmlCacheBehavior [ RunTime:0.000452s ]
INFO: Run Behavior\CheckLangBehavior [ RunTime:0.001469s ]
INFO: [ app_begin ] --END-- [ RunTime:0.002106s ]
NOTIC: [2] file_get_contents(./404.html): failed to open stream: No such file or directory C:\xampp5-6\htdocs\jiaoyi-project\xhj\ThinkPHP\ThinkPHP.php 第 126 行.

[ 2025-09-07T03:04:55+08:00 ] ::1 /jiaoyi-project/xhj/index_new.php?m=Admin&c=Login&a=index&id=948fbeff-6e52-421f-aa98-116f5e99c6d5&vscodeBrowserReqId=1757185495557
NOTIC: [8] Use of undefined constant M_DEBUG - assumed 'M_DEBUG' C:\xampp5-6\htdocs\jiaoyi-project\xhj\Application\Common\Common\function.php 第 309 行.
INFO: [ app_init ] --START--
NOTIC: [8] Use of undefined constant M_DEBUG - assumed 'M_DEBUG' C:\xampp5-6\htdocs\jiaoyi-project\xhj\Application\Common\Common\function.php 第 309 行.
INFO: Run Behavior\BuildLiteBehavior [ RunTime:0.000009s ]
NOTIC: [8] Use of undefined constant M_DEBUG - assumed 'M_DEBUG' C:\xampp5-6\htdocs\jiaoyi-project\xhj\Application\Common\Common\function.php 第 309 行.
INFO: [ app_init ] --END-- [ RunTime:0.001957s ]
NOTIC: [8] Use of undefined constant M_DEBUG - assumed 'M_DEBUG' C:\xampp5-6\htdocs\jiaoyi-project\xhj\Application\Common\Common\function.php 第 309 行.
INFO: [ app_begin ] --START--
NOTIC: [8] Use of undefined constant M_DEBUG - assumed 'M_DEBUG' C:\xampp5-6\htdocs\jiaoyi-project\xhj\Application\Common\Common\function.php 第 309 行.
INFO: Run Behavior\ReadHtmlCacheBehavior [ RunTime:0.000419s ]
NOTIC: [8] Use of undefined constant M_DEBUG - assumed 'M_DEBUG' C:\xampp5-6\htdocs\jiaoyi-project\xhj\Application\Common\Common\function.php 第 309 行.
INFO: Run Behavior\CheckLangBehavior [ RunTime:0.001568s ]
NOTIC: [8] Use of undefined constant M_DEBUG - assumed 'M_DEBUG' C:\xampp5-6\htdocs\jiaoyi-project\xhj\Application\Common\Common\function.php 第 309 行.
INFO: [ app_begin ] --END-- [ RunTime:0.002728s ]
NOTIC: [8] Use of undefined constant M_DEBUG - assumed 'M_DEBUG' C:\xampp5-6\htdocs\jiaoyi-project\xhj\Application\Common\Common\function.php 第 309 行.
INFO: [ view_parse ] --START--
NOTIC: [8] Use of undefined constant M_DEBUG - assumed 'M_DEBUG' C:\xampp5-6\htdocs\jiaoyi-project\xhj\Application\Common\Common\function.php 第 309 行.
INFO: [ template_filter ] --START--
NOTIC: [8] Use of undefined constant M_DEBUG - assumed 'M_DEBUG' C:\xampp5-6\htdocs\jiaoyi-project\xhj\Application\Common\Common\function.php 第 309 行.
INFO: Run Behavior\ContentReplaceBehavior [ RunTime:0.000053s ]
NOTIC: [8] Use of undefined constant M_DEBUG - assumed 'M_DEBUG' C:\xampp5-6\htdocs\jiaoyi-project\xhj\Application\Common\Common\function.php 第 309 行.
INFO: [ template_filter ] --END-- [ RunTime:0.000575s ]
NOTIC: [8192] preg_replace(): The /e modifier is deprecated, use preg_replace_callback instead C:\xampp5-6\htdocs\jiaoyi-project\xhj\ThinkPHP\Common\functions.php 第 157 行.
NOTIC: [8] Use of undefined constant M_DEBUG - assumed 'M_DEBUG' C:\xampp5-6\htdocs\jiaoyi-project\xhj\Application\Common\Common\function.php 第 309 行.
INFO: Run Behavior\ParseTemplateBehavior [ RunTime:0.006323s ]
NOTIC: [8] Use of undefined constant M_DEBUG - assumed 'M_DEBUG' C:\xampp5-6\htdocs\jiaoyi-project\xhj\Application\Common\Common\function.php 第 309 行.
INFO: [ view_parse ] --END-- [ RunTime:0.006758s ]
NOTIC: [8] Use of undefined constant M_DEBUG - assumed 'M_DEBUG' C:\xampp5-6\htdocs\jiaoyi-project\xhj\Application\Common\Common\function.php 第 309 行.
INFO: [ view_filter ] --START--
NOTIC: [8] Use of undefined constant M_DEBUG - assumed 'M_DEBUG' C:\xampp5-6\htdocs\jiaoyi-project\xhj\Application\Common\Common\function.php 第 309 行.
INFO: Run Behavior\WriteHtmlCacheBehavior [ RunTime:0.000272s ]
NOTIC: [8] Use of undefined constant M_DEBUG - assumed 'M_DEBUG' C:\xampp5-6\htdocs\jiaoyi-project\xhj\Application\Common\Common\function.php 第 309 行.
INFO: [ view_filter ] --END-- [ RunTime:0.000611s ]
NOTIC: [8] Use of undefined constant M_DEBUG - assumed 'M_DEBUG' C:\xampp5-6\htdocs\jiaoyi-project\xhj\Application\Common\Common\function.php 第 309 行.
INFO: [ app_end ] --START--
NOTIC: [8] Use of undefined constant M_DEBUG - assumed 'M_DEBUG' C:\xampp5-6\htdocs\jiaoyi-project\xhj\Application\Common\Common\function.php 第 309 行.
INFO: Run Behavior\ShowPageTraceBehavior [ RunTime:0.000453s ]
NOTIC: [8] Use of undefined constant M_DEBUG - assumed 'M_DEBUG' C:\xampp5-6\htdocs\jiaoyi-project\xhj\Application\Common\Common\function.php 第 309 行.
INFO: [ app_end ] --END-- [ RunTime:0.000808s ]

[ 2025-09-07T03:04:55+08:00 ] ::1 /jiaoyi-project/xhj/index_new.php/Admin/Verify/code
NOTIC: [8] Use of undefined constant M_DEBUG - assumed 'M_DEBUG' C:\xampp5-6\htdocs\jiaoyi-project\xhj\Application\Common\Common\function.php 第 309 行.
INFO: [ app_init ] --START--
NOTIC: [8] Use of undefined constant M_DEBUG - assumed 'M_DEBUG' C:\xampp5-6\htdocs\jiaoyi-project\xhj\Application\Common\Common\function.php 第 309 行.
INFO: Run Behavior\BuildLiteBehavior [ RunTime:0.000007s ]
NOTIC: [8] Use of undefined constant M_DEBUG - assumed 'M_DEBUG' C:\xampp5-6\htdocs\jiaoyi-project\xhj\Application\Common\Common\function.php 第 309 行.
INFO: [ app_init ] --END-- [ RunTime:0.001798s ]
NOTIC: [8] Use of undefined constant M_DEBUG - assumed 'M_DEBUG' C:\xampp5-6\htdocs\jiaoyi-project\xhj\Application\Common\Common\function.php 第 309 行.
INFO: [ app_begin ] --START--
NOTIC: [8] Use of undefined constant M_DEBUG - assumed 'M_DEBUG' C:\xampp5-6\htdocs\jiaoyi-project\xhj\Application\Common\Common\function.php 第 309 行.
INFO: Run Behavior\ReadHtmlCacheBehavior [ RunTime:0.000442s ]
NOTIC: [8] Use of undefined constant M_DEBUG - assumed 'M_DEBUG' C:\xampp5-6\htdocs\jiaoyi-project\xhj\Application\Common\Common\function.php 第 309 行.
INFO: Run Behavior\CheckLangBehavior [ RunTime:0.001543s ]
NOTIC: [8] Use of undefined constant M_DEBUG - assumed 'M_DEBUG' C:\xampp5-6\htdocs\jiaoyi-project\xhj\Application\Common\Common\function.php 第 309 行.
INFO: [ app_begin ] --END-- [ RunTime:0.002780s ]
NOTIC: [8] Use of undefined constant M_DEBUG - assumed 'M_DEBUG' C:\xampp5-6\htdocs\jiaoyi-project\xhj\Application\Common\Common\function.php 第 309 行.
INFO: [ app_end ] --START--
NOTIC: [8] Use of undefined constant M_DEBUG - assumed 'M_DEBUG' C:\xampp5-6\htdocs\jiaoyi-project\xhj\Application\Common\Common\function.php 第 309 行.
INFO: Run Behavior\ShowPageTraceBehavior [ RunTime:0.000585s ]
NOTIC: [8] Use of undefined constant M_DEBUG - assumed 'M_DEBUG' C:\xampp5-6\htdocs\jiaoyi-project\xhj\Application\Common\Common\function.php 第 309 行.
INFO: [ app_end ] --END-- [ RunTime:0.001117s ]

[ 2025-09-07T03:05:08+08:00 ] ::1 /jiaoyi-project/xhj/index.php?m=Admin&c=Login&a=index&id=948fbeff-6e52-421f-aa98-116f5e99c6d5&vscodeBrowserReqId=1757185508872
NOTIC: [8] Use of undefined constant M_DEBUG - assumed 'M_DEBUG' C:\xampp5-6\htdocs\jiaoyi-project\xhj\Application\Common\Common\function.php 第 309 行.
INFO: [ app_init ] --START--
NOTIC: [8] Use of undefined constant M_DEBUG - assumed 'M_DEBUG' C:\xampp5-6\htdocs\jiaoyi-project\xhj\Application\Common\Common\function.php 第 309 行.
INFO: Run Behavior\BuildLiteBehavior [ RunTime:0.000008s ]
NOTIC: [8] Use of undefined constant M_DEBUG - assumed 'M_DEBUG' C:\xampp5-6\htdocs\jiaoyi-project\xhj\Application\Common\Common\function.php 第 309 行.
INFO: [ app_init ] --END-- [ RunTime:0.001346s ]
NOTIC: [8] Use of undefined constant M_DEBUG - assumed 'M_DEBUG' C:\xampp5-6\htdocs\jiaoyi-project\xhj\Application\Common\Common\function.php 第 309 行.
INFO: [ app_begin ] --START--
NOTIC: [8] Use of undefined constant M_DEBUG - assumed 'M_DEBUG' C:\xampp5-6\htdocs\jiaoyi-project\xhj\Application\Common\Common\function.php 第 309 行.
INFO: Run Behavior\ReadHtmlCacheBehavior [ RunTime:0.000539s ]
NOTIC: [8] Use of undefined constant M_DEBUG - assumed 'M_DEBUG' C:\xampp5-6\htdocs\jiaoyi-project\xhj\Application\Common\Common\function.php 第 309 行.
INFO: Run Behavior\CheckLangBehavior [ RunTime:0.000964s ]
NOTIC: [8] Use of undefined constant M_DEBUG - assumed 'M_DEBUG' C:\xampp5-6\htdocs\jiaoyi-project\xhj\Application\Common\Common\function.php 第 309 行.
INFO: [ app_begin ] --END-- [ RunTime:0.001945s ]
NOTIC: [8] Use of undefined constant M_DEBUG - assumed 'M_DEBUG' C:\xampp5-6\htdocs\jiaoyi-project\xhj\Application\Common\Common\function.php 第 309 行.
INFO: [ view_parse ] --START--
NOTIC: [8] Use of undefined constant M_DEBUG - assumed 'M_DEBUG' C:\xampp5-6\htdocs\jiaoyi-project\xhj\Application\Common\Common\function.php 第 309 行.
INFO: [ template_filter ] --START--
NOTIC: [8] Use of undefined constant M_DEBUG - assumed 'M_DEBUG' C:\xampp5-6\htdocs\jiaoyi-project\xhj\Application\Common\Common\function.php 第 309 行.
INFO: Run Behavior\ContentReplaceBehavior [ RunTime:0.000035s ]
NOTIC: [8] Use of undefined constant M_DEBUG - assumed 'M_DEBUG' C:\xampp5-6\htdocs\jiaoyi-project\xhj\Application\Common\Common\function.php 第 309 行.
INFO: [ template_filter ] --END-- [ RunTime:0.000352s ]
NOTIC: [8192] preg_replace(): The /e modifier is deprecated, use preg_replace_callback instead C:\xampp5-6\htdocs\jiaoyi-project\xhj\ThinkPHP\Common\functions.php 第 157 行.
NOTIC: [8] Use of undefined constant M_DEBUG - assumed 'M_DEBUG' C:\xampp5-6\htdocs\jiaoyi-project\xhj\Application\Common\Common\function.php 第 309 行.
INFO: Run Behavior\ParseTemplateBehavior [ RunTime:0.004906s ]
NOTIC: [8] Use of undefined constant M_DEBUG - assumed 'M_DEBUG' C:\xampp5-6\htdocs\jiaoyi-project\xhj\Application\Common\Common\function.php 第 309 行.
INFO: [ view_parse ] --END-- [ RunTime:0.005317s ]
NOTIC: [8] Use of undefined constant M_DEBUG - assumed 'M_DEBUG' C:\xampp5-6\htdocs\jiaoyi-project\xhj\Application\Common\Common\function.php 第 309 行.
INFO: [ view_filter ] --START--
NOTIC: [8] Use of undefined constant M_DEBUG - assumed 'M_DEBUG' C:\xampp5-6\htdocs\jiaoyi-project\xhj\Application\Common\Common\function.php 第 309 行.
INFO: Run Behavior\WriteHtmlCacheBehavior [ RunTime:0.000404s ]
NOTIC: [8] Use of undefined constant M_DEBUG - assumed 'M_DEBUG' C:\xampp5-6\htdocs\jiaoyi-project\xhj\Application\Common\Common\function.php 第 309 行.
INFO: [ view_filter ] --END-- [ RunTime:0.000793s ]
NOTIC: [8] Use of undefined constant M_DEBUG - assumed 'M_DEBUG' C:\xampp5-6\htdocs\jiaoyi-project\xhj\Application\Common\Common\function.php 第 309 行.
INFO: [ app_end ] --START--
NOTIC: [8] Use of undefined constant M_DEBUG - assumed 'M_DEBUG' C:\xampp5-6\htdocs\jiaoyi-project\xhj\Application\Common\Common\function.php 第 309 行.
INFO: Run Behavior\ShowPageTraceBehavior [ RunTime:0.000582s ]
NOTIC: [8] Use of undefined constant M_DEBUG - assumed 'M_DEBUG' C:\xampp5-6\htdocs\jiaoyi-project\xhj\Application\Common\Common\function.php 第 309 行.
INFO: [ app_end ] --END-- [ RunTime:0.001126s ]

[ 2025-09-07T03:05:08+08:00 ] ::1 /jiaoyi-project/xhj/index.php/Admin/Verify/code
NOTIC: [8] Use of undefined constant M_DEBUG - assumed 'M_DEBUG' C:\xampp5-6\htdocs\jiaoyi-project\xhj\Application\Common\Common\function.php 第 309 行.
INFO: [ app_init ] --START--
NOTIC: [8] Use of undefined constant M_DEBUG - assumed 'M_DEBUG' C:\xampp5-6\htdocs\jiaoyi-project\xhj\Application\Common\Common\function.php 第 309 行.
INFO: Run Behavior\BuildLiteBehavior [ RunTime:0.000006s ]
NOTIC: [8] Use of undefined constant M_DEBUG - assumed 'M_DEBUG' C:\xampp5-6\htdocs\jiaoyi-project\xhj\Application\Common\Common\function.php 第 309 行.
INFO: [ app_init ] --END-- [ RunTime:0.001268s ]
NOTIC: [8] Use of undefined constant M_DEBUG - assumed 'M_DEBUG' C:\xampp5-6\htdocs\jiaoyi-project\xhj\Application\Common\Common\function.php 第 309 行.
INFO: [ app_begin ] --START--
NOTIC: [8] Use of undefined constant M_DEBUG - assumed 'M_DEBUG' C:\xampp5-6\htdocs\jiaoyi-project\xhj\Application\Common\Common\function.php 第 309 行.
INFO: Run Behavior\ReadHtmlCacheBehavior [ RunTime:0.000211s ]
NOTIC: [8] Use of undefined constant M_DEBUG - assumed 'M_DEBUG' C:\xampp5-6\htdocs\jiaoyi-project\xhj\Application\Common\Common\function.php 第 309 行.
INFO: Run Behavior\CheckLangBehavior [ RunTime:0.000773s ]
NOTIC: [8] Use of undefined constant M_DEBUG - assumed 'M_DEBUG' C:\xampp5-6\htdocs\jiaoyi-project\xhj\Application\Common\Common\function.php 第 309 行.
INFO: [ app_begin ] --END-- [ RunTime:0.001356s ]
NOTIC: [8] Use of undefined constant M_DEBUG - assumed 'M_DEBUG' C:\xampp5-6\htdocs\jiaoyi-project\xhj\Application\Common\Common\function.php 第 309 行.
INFO: [ app_end ] --START--
NOTIC: [8] Use of undefined constant M_DEBUG - assumed 'M_DEBUG' C:\xampp5-6\htdocs\jiaoyi-project\xhj\Application\Common\Common\function.php 第 309 行.
INFO: Run Behavior\ShowPageTraceBehavior [ RunTime:0.000297s ]
NOTIC: [8] Use of undefined constant M_DEBUG - assumed 'M_DEBUG' C:\xampp5-6\htdocs\jiaoyi-project\xhj\Application\Common\Common\function.php 第 309 行.
INFO: [ app_end ] --END-- [ RunTime:0.000573s ]

[ 2025-09-07T03:05:54+08:00 ] ::1 /jiaoyi-project/xhj/index.php?m=Admin&c=Login&a=index
NOTIC: [8] Use of undefined constant M_DEBUG - assumed 'M_DEBUG' C:\xampp5-6\htdocs\jiaoyi-project\xhj\Application\Common\Common\function.php 第 309 行.
INFO: [ app_init ] --START--
NOTIC: [8] Use of undefined constant M_DEBUG - assumed 'M_DEBUG' C:\xampp5-6\htdocs\jiaoyi-project\xhj\Application\Common\Common\function.php 第 309 行.
INFO: Run Behavior\BuildLiteBehavior [ RunTime:0.000008s ]
NOTIC: [8] Use of undefined constant M_DEBUG - assumed 'M_DEBUG' C:\xampp5-6\htdocs\jiaoyi-project\xhj\Application\Common\Common\function.php 第 309 行.
INFO: [ app_init ] --END-- [ RunTime:0.001389s ]
NOTIC: [8] Use of undefined constant M_DEBUG - assumed 'M_DEBUG' C:\xampp5-6\htdocs\jiaoyi-project\xhj\Application\Common\Common\function.php 第 309 行.
INFO: [ app_begin ] --START--
NOTIC: [8] Use of undefined constant M_DEBUG - assumed 'M_DEBUG' C:\xampp5-6\htdocs\jiaoyi-project\xhj\Application\Common\Common\function.php 第 309 行.
INFO: Run Behavior\ReadHtmlCacheBehavior [ RunTime:0.000222s ]
NOTIC: [8] Use of undefined constant M_DEBUG - assumed 'M_DEBUG' C:\xampp5-6\htdocs\jiaoyi-project\xhj\Application\Common\Common\function.php 第 309 行.
INFO: Run Behavior\CheckLangBehavior [ RunTime:0.000783s ]
NOTIC: [8] Use of undefined constant M_DEBUG - assumed 'M_DEBUG' C:\xampp5-6\htdocs\jiaoyi-project\xhj\Application\Common\Common\function.php 第 309 行.
INFO: [ app_begin ] --END-- [ RunTime:0.001381s ]
NOTIC: [8] Use of undefined constant M_DEBUG - assumed 'M_DEBUG' C:\xampp5-6\htdocs\jiaoyi-project\xhj\Application\Common\Common\function.php 第 309 行.
INFO: [ view_parse ] --START--
NOTIC: [8] Use of undefined constant M_DEBUG - assumed 'M_DEBUG' C:\xampp5-6\htdocs\jiaoyi-project\xhj\Application\Common\Common\function.php 第 309 行.
INFO: [ template_filter ] --START--
NOTIC: [8] Use of undefined constant M_DEBUG - assumed 'M_DEBUG' C:\xampp5-6\htdocs\jiaoyi-project\xhj\Application\Common\Common\function.php 第 309 行.
INFO: Run Behavior\ContentReplaceBehavior [ RunTime:0.000057s ]
NOTIC: [8] Use of undefined constant M_DEBUG - assumed 'M_DEBUG' C:\xampp5-6\htdocs\jiaoyi-project\xhj\Application\Common\Common\function.php 第 309 行.
INFO: [ template_filter ] --END-- [ RunTime:0.000648s ]
NOTIC: [8192] preg_replace(): The /e modifier is deprecated, use preg_replace_callback instead C:\xampp5-6\htdocs\jiaoyi-project\xhj\ThinkPHP\Common\functions.php 第 157 行.
NOTIC: [8] Use of undefined constant M_DEBUG - assumed 'M_DEBUG' C:\xampp5-6\htdocs\jiaoyi-project\xhj\Application\Common\Common\function.php 第 309 行.
INFO: Run Behavior\ParseTemplateBehavior [ RunTime:0.007527s ]
NOTIC: [8] Use of undefined constant M_DEBUG - assumed 'M_DEBUG' C:\xampp5-6\htdocs\jiaoyi-project\xhj\Application\Common\Common\function.php 第 309 行.
INFO: [ view_parse ] --END-- [ RunTime:0.008091s ]
NOTIC: [8] Use of undefined constant M_DEBUG - assumed 'M_DEBUG' C:\xampp5-6\htdocs\jiaoyi-project\xhj\Application\Common\Common\function.php 第 309 行.
INFO: [ view_filter ] --START--
NOTIC: [8] Use of undefined constant M_DEBUG - assumed 'M_DEBUG' C:\xampp5-6\htdocs\jiaoyi-project\xhj\Application\Common\Common\function.php 第 309 行.
INFO: Run Behavior\WriteHtmlCacheBehavior [ RunTime:0.000481s ]
NOTIC: [8] Use of undefined constant M_DEBUG - assumed 'M_DEBUG' C:\xampp5-6\htdocs\jiaoyi-project\xhj\Application\Common\Common\function.php 第 309 行.
INFO: [ view_filter ] --END-- [ RunTime:0.000984s ]
NOTIC: [8] Use of undefined constant M_DEBUG - assumed 'M_DEBUG' C:\xampp5-6\htdocs\jiaoyi-project\xhj\Application\Common\Common\function.php 第 309 行.
INFO: [ app_end ] --START--
NOTIC: [8] Use of undefined constant M_DEBUG - assumed 'M_DEBUG' C:\xampp5-6\htdocs\jiaoyi-project\xhj\Application\Common\Common\function.php 第 309 行.
INFO: Run Behavior\ShowPageTraceBehavior [ RunTime:0.000535s ]
NOTIC: [8] Use of undefined constant M_DEBUG - assumed 'M_DEBUG' C:\xampp5-6\htdocs\jiaoyi-project\xhj\Application\Common\Common\function.php 第 309 行.
INFO: [ app_end ] --END-- [ RunTime:0.000954s ]

[ 2025-09-07T03:05:54+08:00 ] ::1 /jiaoyi-project/xhj/index.php/Admin/Verify/code
NOTIC: [8] Use of undefined constant M_DEBUG - assumed 'M_DEBUG' C:\xampp5-6\htdocs\jiaoyi-project\xhj\Application\Common\Common\function.php 第 309 行.
INFO: [ app_init ] --START--
NOTIC: [8] Use of undefined constant M_DEBUG - assumed 'M_DEBUG' C:\xampp5-6\htdocs\jiaoyi-project\xhj\Application\Common\Common\function.php 第 309 行.
INFO: Run Behavior\BuildLiteBehavior [ RunTime:0.000014s ]
NOTIC: [8] Use of undefined constant M_DEBUG - assumed 'M_DEBUG' C:\xampp5-6\htdocs\jiaoyi-project\xhj\Application\Common\Common\function.php 第 309 行.
INFO: [ app_init ] --END-- [ RunTime:0.002137s ]
NOTIC: [8] Use of undefined constant M_DEBUG - assumed 'M_DEBUG' C:\xampp5-6\htdocs\jiaoyi-project\xhj\Application\Common\Common\function.php 第 309 行.
INFO: [ app_begin ] --START--
NOTIC: [8] Use of undefined constant M_DEBUG - assumed 'M_DEBUG' C:\xampp5-6\htdocs\jiaoyi-project\xhj\Application\Common\Common\function.php 第 309 行.
INFO: Run Behavior\ReadHtmlCacheBehavior [ RunTime:0.000395s ]
NOTIC: [8] Use of undefined constant M_DEBUG - assumed 'M_DEBUG' C:\xampp5-6\htdocs\jiaoyi-project\xhj\Application\Common\Common\function.php 第 309 行.
INFO: Run Behavior\CheckLangBehavior [ RunTime:0.001405s ]
NOTIC: [8] Use of undefined constant M_DEBUG - assumed 'M_DEBUG' C:\xampp5-6\htdocs\jiaoyi-project\xhj\Application\Common\Common\function.php 第 309 行.
INFO: [ app_begin ] --END-- [ RunTime:0.002492s ]
NOTIC: [8] Use of undefined constant M_DEBUG - assumed 'M_DEBUG' C:\xampp5-6\htdocs\jiaoyi-project\xhj\Application\Common\Common\function.php 第 309 行.
INFO: [ app_end ] --START--
NOTIC: [8] Use of undefined constant M_DEBUG - assumed 'M_DEBUG' C:\xampp5-6\htdocs\jiaoyi-project\xhj\Application\Common\Common\function.php 第 309 行.
INFO: Run Behavior\ShowPageTraceBehavior [ RunTime:0.000404s ]
NOTIC: [8] Use of undefined constant M_DEBUG - assumed 'M_DEBUG' C:\xampp5-6\htdocs\jiaoyi-project\xhj\Application\Common\Common\function.php 第 309 行.
INFO: [ app_end ] --END-- [ RunTime:0.000829s ]

[ 2025-09-07T03:06:38+08:00 ] ::1 /jiaoyi-project/xhj/index.php?m=Admin&c=Login&a=index
INFO: [ app_init ] --START--
INFO: Run Behavior\BuildLiteBehavior [ RunTime:0.000006s ]
INFO: [ app_init ] --END-- [ RunTime:0.000031s ]
INFO: [ app_begin ] --START--
INFO: Run Behavior\ReadHtmlCacheBehavior [ RunTime:0.000210s ]
INFO: Run Behavior\CheckLangBehavior [ RunTime:0.000786s ]
INFO: [ app_begin ] --END-- [ RunTime:0.001046s ]
INFO: [ view_parse ] --START--
INFO: [ template_filter ] --START--
INFO: Run Behavior\ContentReplaceBehavior [ RunTime:0.000033s ]
INFO: [ template_filter ] --END-- [ RunTime:0.000065s ]
NOTIC: [8192] preg_replace(): The /e modifier is deprecated, use preg_replace_callback instead C:\xampp5-6\htdocs\jiaoyi-project\xhj\ThinkPHP\Common\functions.php 第 157 行.
INFO: Run Behavior\ParseTemplateBehavior [ RunTime:0.003914s ]
INFO: [ view_parse ] --END-- [ RunTime:0.003943s ]
INFO: [ view_filter ] --START--
INFO: Run Behavior\WriteHtmlCacheBehavior [ RunTime:0.000321s ]
INFO: [ view_filter ] --END-- [ RunTime:0.000342s ]
INFO: [ app_end ] --START--
INFO: Run Behavior\ShowPageTraceBehavior [ RunTime:0.000292s ]
INFO: [ app_end ] --END-- [ RunTime:0.000311s ]

[ 2025-09-07T03:06:38+08:00 ] ::1 /jiaoyi-project/xhj/index.php/Admin/Verify/code
INFO: [ app_init ] --START--
INFO: Run Behavior\BuildLiteBehavior [ RunTime:0.000008s ]
INFO: [ app_init ] --END-- [ RunTime:0.000036s ]
INFO: [ app_begin ] --START--
INFO: Run Behavior\ReadHtmlCacheBehavior [ RunTime:0.000223s ]
INFO: Run Behavior\CheckLangBehavior [ RunTime:0.001182s ]
INFO: [ app_begin ] --END-- [ RunTime:0.001481s ]
INFO: [ app_end ] --START--
INFO: Run Behavior\ShowPageTraceBehavior [ RunTime:0.000555s ]
INFO: [ app_end ] --END-- [ RunTime:0.000613s ]

[ 2025-09-07T03:06:44+08:00 ] ::1 /jiaoyi-project/xhj/index.php?m=Admin&c=Login&a=index
INFO: [ app_init ] --START--
INFO: Run Behavior\BuildLiteBehavior [ RunTime:0.000006s ]
INFO: [ app_init ] --END-- [ RunTime:0.000032s ]
INFO: [ app_begin ] --START--
INFO: Run Behavior\ReadHtmlCacheBehavior [ RunTime:0.000206s ]
INFO: Run Behavior\CheckLangBehavior [ RunTime:0.000712s ]
INFO: [ app_begin ] --END-- [ RunTime:0.000962s ]
INFO: [ view_parse ] --START--
INFO: [ template_filter ] --START--
INFO: Run Behavior\ContentReplaceBehavior [ RunTime:0.000027s ]
INFO: [ template_filter ] --END-- [ RunTime:0.000050s ]
NOTIC: [8192] preg_replace(): The /e modifier is deprecated, use preg_replace_callback instead C:\xampp5-6\htdocs\jiaoyi-project\xhj\ThinkPHP\Common\functions.php 第 157 行.
INFO: Run Behavior\ParseTemplateBehavior [ RunTime:0.003631s ]
INFO: [ view_parse ] --END-- [ RunTime:0.003658s ]
INFO: [ view_filter ] --START--
INFO: Run Behavior\WriteHtmlCacheBehavior [ RunTime:0.000303s ]
INFO: [ view_filter ] --END-- [ RunTime:0.000327s ]
INFO: [ app_end ] --START--
INFO: Run Behavior\ShowPageTraceBehavior [ RunTime:0.000306s ]
INFO: [ app_end ] --END-- [ RunTime:0.000325s ]

[ 2025-09-07T03:06:44+08:00 ] ::1 /jiaoyi-project/xhj/index.php/Admin/Verify/code
INFO: [ app_init ] --START--
INFO: Run Behavior\BuildLiteBehavior [ RunTime:0.000006s ]
INFO: [ app_init ] --END-- [ RunTime:0.000033s ]
INFO: [ app_begin ] --START--
INFO: Run Behavior\ReadHtmlCacheBehavior [ RunTime:0.000375s ]
INFO: Run Behavior\CheckLangBehavior [ RunTime:0.001439s ]
INFO: [ app_begin ] --END-- [ RunTime:0.001907s ]
INFO: [ app_end ] --START--
INFO: Run Behavior\ShowPageTraceBehavior [ RunTime:0.000603s ]
INFO: [ app_end ] --END-- [ RunTime:0.000680s ]

[ 2025-09-07T03:06:45+08:00 ] ::1 /jiaoyi-project/xhj/index.php?m=Admin&c=Login&a=index
INFO: [ app_init ] --START--
INFO: Run Behavior\BuildLiteBehavior [ RunTime:0.000006s ]
INFO: [ app_init ] --END-- [ RunTime:0.000031s ]
INFO: [ app_begin ] --START--
INFO: Run Behavior\ReadHtmlCacheBehavior [ RunTime:0.000207s ]
INFO: Run Behavior\CheckLangBehavior [ RunTime:0.000748s ]
INFO: [ app_begin ] --END-- [ RunTime:0.001000s ]
INFO: [ view_parse ] --START--
INFO: [ template_filter ] --START--
INFO: Run Behavior\ContentReplaceBehavior [ RunTime:0.000028s ]
INFO: [ template_filter ] --END-- [ RunTime:0.000053s ]
NOTIC: [8192] preg_replace(): The /e modifier is deprecated, use preg_replace_callback instead C:\xampp5-6\htdocs\jiaoyi-project\xhj\ThinkPHP\Common\functions.php 第 157 行.
INFO: Run Behavior\ParseTemplateBehavior [ RunTime:0.004198s ]
INFO: [ view_parse ] --END-- [ RunTime:0.004224s ]
INFO: [ view_filter ] --START--
INFO: Run Behavior\WriteHtmlCacheBehavior [ RunTime:0.000220s ]
INFO: [ view_filter ] --END-- [ RunTime:0.000239s ]
INFO: [ app_end ] --START--
INFO: Run Behavior\ShowPageTraceBehavior [ RunTime:0.000278s ]
INFO: [ app_end ] --END-- [ RunTime:0.000297s ]

[ 2025-09-07T03:06:45+08:00 ] ::1 /jiaoyi-project/xhj/index.php/Admin/Verify/code
INFO: [ app_init ] --START--
INFO: Run Behavior\BuildLiteBehavior [ RunTime:0.000013s ]
INFO: [ app_init ] --END-- [ RunTime:0.000070s ]
INFO: [ app_begin ] --START--
INFO: Run Behavior\ReadHtmlCacheBehavior [ RunTime:0.000335s ]
INFO: Run Behavior\CheckLangBehavior [ RunTime:0.001218s ]
INFO: [ app_begin ] --END-- [ RunTime:0.001617s ]
INFO: [ app_end ] --START--
INFO: Run Behavior\ShowPageTraceBehavior [ RunTime:0.000292s ]
INFO: [ app_end ] --END-- [ RunTime:0.000329s ]

[ 2025-09-07T03:06:45+08:00 ] ::1 /jiaoyi-project/xhj/index.php?m=Admin&c=Login&a=index
INFO: [ app_init ] --START--
INFO: Run Behavior\BuildLiteBehavior [ RunTime:0.000009s ]
INFO: [ app_init ] --END-- [ RunTime:0.000037s ]
INFO: [ app_begin ] --START--
INFO: Run Behavior\ReadHtmlCacheBehavior [ RunTime:0.000242s ]
INFO: Run Behavior\CheckLangBehavior [ RunTime:0.001104s ]
INFO: [ app_begin ] --END-- [ RunTime:0.001421s ]
INFO: [ view_parse ] --START--
INFO: [ template_filter ] --START--
INFO: Run Behavior\ContentReplaceBehavior [ RunTime:0.000046s ]
INFO: [ template_filter ] --END-- [ RunTime:0.000089s ]
NOTIC: [8192] preg_replace(): The /e modifier is deprecated, use preg_replace_callback instead C:\xampp5-6\htdocs\jiaoyi-project\xhj\ThinkPHP\Common\functions.php 第 157 行.
INFO: Run Behavior\ParseTemplateBehavior [ RunTime:0.004516s ]
INFO: [ view_parse ] --END-- [ RunTime:0.004550s ]
INFO: [ view_filter ] --START--
INFO: Run Behavior\WriteHtmlCacheBehavior [ RunTime:0.000190s ]
INFO: [ view_filter ] --END-- [ RunTime:0.000210s ]
INFO: [ app_end ] --START--
INFO: Run Behavior\ShowPageTraceBehavior [ RunTime:0.000253s ]
INFO: [ app_end ] --END-- [ RunTime:0.000271s ]

[ 2025-09-07T03:06:45+08:00 ] ::1 /jiaoyi-project/xhj/index.php/Admin/Verify/code
INFO: [ app_init ] --START--
INFO: Run Behavior\BuildLiteBehavior [ RunTime:0.000007s ]
INFO: [ app_init ] --END-- [ RunTime:0.000032s ]
INFO: [ app_begin ] --START--
INFO: Run Behavior\ReadHtmlCacheBehavior [ RunTime:0.000217s ]
INFO: Run Behavior\CheckLangBehavior [ RunTime:0.000877s ]
INFO: [ app_begin ] --END-- [ RunTime:0.001150s ]
INFO: [ app_end ] --START--
INFO: Run Behavior\ShowPageTraceBehavior [ RunTime:0.000518s ]
INFO: [ app_end ] --END-- [ RunTime:0.000590s ]

[ 2025-09-07T03:06:51+08:00 ] ::1 /jiaoyi-project/xhj/index.php?m=Admin&c=Login&a=index&id=948fbeff-6e52-421f-aa98-116f5e99c6d5&vscodeBrowserReqId=1757185610995
INFO: [ app_init ] --START--
INFO: Run Behavior\BuildLiteBehavior [ RunTime:0.000008s ]
INFO: [ app_init ] --END-- [ RunTime:0.000039s ]
INFO: [ app_begin ] --START--
INFO: Run Behavior\ReadHtmlCacheBehavior [ RunTime:0.000253s ]
INFO: Run Behavior\CheckLangBehavior [ RunTime:0.000831s ]
INFO: [ app_begin ] --END-- [ RunTime:0.001141s ]
INFO: [ view_parse ] --START--
INFO: [ template_filter ] --START--
INFO: Run Behavior\ContentReplaceBehavior [ RunTime:0.000033s ]
INFO: [ template_filter ] --END-- [ RunTime:0.000066s ]
NOTIC: [8192] preg_replace(): The /e modifier is deprecated, use preg_replace_callback instead C:\xampp5-6\htdocs\jiaoyi-project\xhj\ThinkPHP\Common\functions.php 第 157 行.
INFO: Run Behavior\ParseTemplateBehavior [ RunTime:0.003992s ]
INFO: [ view_parse ] --END-- [ RunTime:0.004020s ]
INFO: [ view_filter ] --START--
INFO: Run Behavior\WriteHtmlCacheBehavior [ RunTime:0.000190s ]
INFO: [ view_filter ] --END-- [ RunTime:0.000209s ]
INFO: [ app_end ] --START--
INFO: Run Behavior\ShowPageTraceBehavior [ RunTime:0.000244s ]
INFO: [ app_end ] --END-- [ RunTime:0.000263s ]

[ 2025-09-07T03:06:51+08:00 ] ::1 /jiaoyi-project/xhj/index.php/Admin/Verify/code
INFO: [ app_init ] --START--
INFO: Run Behavior\BuildLiteBehavior [ RunTime:0.000006s ]
INFO: [ app_init ] --END-- [ RunTime:0.000036s ]
INFO: [ app_begin ] --START--
INFO: Run Behavior\ReadHtmlCacheBehavior [ RunTime:0.000204s ]
INFO: Run Behavior\CheckLangBehavior [ RunTime:0.000749s ]
INFO: [ app_begin ] --END-- [ RunTime:0.000993s ]
INFO: [ app_end ] --START--
INFO: Run Behavior\ShowPageTraceBehavior [ RunTime:0.000312s ]
INFO: [ app_end ] --END-- [ RunTime:0.000363s ]

[ 2025-09-07T03:07:36+08:00 ] ::1 /jiaoyi-project/xhj/index.php?m=Admin&c=Login&a=index
INFO: [ app_init ] --START--
INFO: Run Behavior\BuildLiteBehavior [ RunTime:0.000006s ]
INFO: [ app_init ] --END-- [ RunTime:0.000032s ]
INFO: [ app_begin ] --START--
INFO: Run Behavior\ReadHtmlCacheBehavior [ RunTime:0.000252s ]
INFO: Run Behavior\CheckLangBehavior [ RunTime:0.000810s ]
INFO: [ app_begin ] --END-- [ RunTime:0.001111s ]
INFO: [ view_parse ] --START--
INFO: [ template_filter ] --START--
INFO: Run Behavior\ContentReplaceBehavior [ RunTime:0.000032s ]
INFO: [ template_filter ] --END-- [ RunTime:0.000063s ]
NOTIC: [8192] preg_replace(): The /e modifier is deprecated, use preg_replace_callback instead C:\xampp5-6\htdocs\jiaoyi-project\xhj\ThinkPHP\Common\functions.php 第 157 行.
INFO: Run Behavior\ParseTemplateBehavior [ RunTime:0.003903s ]
INFO: [ view_parse ] --END-- [ RunTime:0.003931s ]
INFO: [ view_filter ] --START--
INFO: Run Behavior\WriteHtmlCacheBehavior [ RunTime:0.000192s ]
INFO: [ view_filter ] --END-- [ RunTime:0.000211s ]
INFO: [ app_end ] --START--
INFO: Run Behavior\ShowPageTraceBehavior [ RunTime:0.000238s ]
INFO: [ app_end ] --END-- [ RunTime:0.000258s ]

[ 2025-09-07T03:07:36+08:00 ] ::1 /jiaoyi-project/xhj/index.php/Admin/Verify/code
INFO: [ app_init ] --START--
INFO: Run Behavior\BuildLiteBehavior [ RunTime:0.000006s ]
INFO: [ app_init ] --END-- [ RunTime:0.000034s ]
INFO: [ app_begin ] --START--
INFO: Run Behavior\ReadHtmlCacheBehavior [ RunTime:0.000211s ]
INFO: Run Behavior\CheckLangBehavior [ RunTime:0.000749s ]
INFO: [ app_begin ] --END-- [ RunTime:0.001011s ]
INFO: [ app_end ] --START--
INFO: Run Behavior\ShowPageTraceBehavior [ RunTime:0.000264s ]
INFO: [ app_end ] --END-- [ RunTime:0.000308s ]

[ 2025-09-07T03:08:31+08:00 ] ::1 /jiaoyi-project/xhj/index.php?m=Admin&c=Login&a=index
INFO: [ app_init ] --START--
INFO: Run Behavior\BuildLiteBehavior [ RunTime:0.000006s ]
INFO: [ app_init ] --END-- [ RunTime:0.000032s ]
INFO: [ app_begin ] --START--
INFO: Run Behavior\ReadHtmlCacheBehavior [ RunTime:0.000193s ]
INFO: Run Behavior\CheckLangBehavior [ RunTime:0.000729s ]
INFO: [ app_begin ] --END-- [ RunTime:0.000968s ]
INFO: [ view_parse ] --START--
INFO: [ template_filter ] --START--
INFO: Run Behavior\ContentReplaceBehavior [ RunTime:0.000026s ]
INFO: [ template_filter ] --END-- [ RunTime:0.000050s ]
NOTIC: [8192] preg_replace(): The /e modifier is deprecated, use preg_replace_callback instead C:\xampp5-6\htdocs\jiaoyi-project\xhj\ThinkPHP\Common\functions.php 第 157 行.
INFO: Run Behavior\ParseTemplateBehavior [ RunTime:0.002949s ]
INFO: [ view_parse ] --END-- [ RunTime:0.002971s ]
INFO: [ view_filter ] --START--
INFO: Run Behavior\WriteHtmlCacheBehavior [ RunTime:0.000121s ]
INFO: [ view_filter ] --END-- [ RunTime:0.000137s ]
INFO: [ app_end ] --START--
INFO: Run Behavior\ShowPageTraceBehavior [ RunTime:0.000186s ]
INFO: [ app_end ] --END-- [ RunTime:0.000203s ]

[ 2025-09-07T03:08:31+08:00 ] ::1 /jiaoyi-project/xhj/index.php/Admin/Verify/code
INFO: [ app_init ] --START--
INFO: Run Behavior\BuildLiteBehavior [ RunTime:0.000011s ]
INFO: [ app_init ] --END-- [ RunTime:0.000063s ]
INFO: [ app_begin ] --START--
INFO: Run Behavior\ReadHtmlCacheBehavior [ RunTime:0.000262s ]
INFO: Run Behavior\CheckLangBehavior [ RunTime:0.000822s ]
INFO: [ app_begin ] --END-- [ RunTime:0.001137s ]
INFO: [ app_end ] --START--
INFO: Run Behavior\ShowPageTraceBehavior [ RunTime:0.000359s ]
INFO: [ app_end ] --END-- [ RunTime:0.000404s ]

