[ 2022-08-05T19:51:51+08:00 ] 185.212.61.36 /admin
INFO: [ app_init ] --START--
INFO: Run Behavior\BuildLiteBehavior [ RunTime:0.000016s ]
INFO: [ app_init ] --END-- [ RunTime:0.003151s ]
INFO: [ app_begin ] --START--
INFO: Run Behavior\ReadHtmlCacheBehavior [ RunTime:0.000493s ]
INFO: Run Behavior\CheckLangBehavior [ RunTime:0.002035s ]
INFO: [ app_begin ] --END-- [ RunTime:0.002717s ]

[ 2022-08-05T19:53:31+08:00 ] 185.212.61.36 /Admin/Login/index
INFO: [ app_init ] --START--
INFO: Run Behavior\BuildLiteBehavior [ RunTime:0.000024s ]
INFO: [ app_init ] --END-- [ RunTime:0.005323s ]
INFO: [ app_begin ] --START--
INFO: Run Behavior\ReadHtmlCacheBehavior [ RunTime:0.000721s ]
INFO: Run Behavior\CheckLangBehavior [ RunTime:0.003799s ]
INFO: [ app_begin ] --END-- [ RunTime:0.004852s ]
INFO: [ view_parse ] --START--
INFO: [ template_filter ] --START--
INFO: Run Behavior\ContentReplaceBehavior [ RunTime:0.000139s ]
INFO: [ template_filter ] --END-- [ RunTime:0.000473s ]
NOTIC: [8192] preg_replace(): The /e modifier is deprecated, use preg_replace_callback instead /www/wwwroot/jiaoyisuo.tg-ceshi.store/heise/ThinkPHP/Common/functions.php 第 157 行.
INFO: Run Behavior\ParseTemplateBehavior [ RunTime:0.134297s ]
INFO: [ view_parse ] --END-- [ RunTime:0.147303s ]
INFO: [ view_filter ] --START--
INFO: Run Behavior\WriteHtmlCacheBehavior [ RunTime:0.000377s ]
INFO: [ view_filter ] --END-- [ RunTime:0.000520s ]
INFO: [ app_end ] --START--
INFO: Run Behavior\ShowPageTraceBehavior [ RunTime:0.001327s ]
INFO: [ app_end ] --END-- [ RunTime:0.001482s ]

[ 2022-08-05T19:53:49+08:00 ] 185.212.61.36 /Admin/Verify/code
INFO: [ app_init ] --START--
INFO: Run Behavior\BuildLiteBehavior [ RunTime:0.000023s ]
INFO: [ app_init ] --END-- [ RunTime:0.005178s ]
INFO: [ app_begin ] --START--
INFO: Run Behavior\ReadHtmlCacheBehavior [ RunTime:0.000911s ]
INFO: Run Behavior\CheckLangBehavior [ RunTime:0.002958s ]
INFO: [ app_begin ] --END-- [ RunTime:0.004188s ]
INFO: [ app_end ] --START--
INFO: Run Behavior\ShowPageTraceBehavior [ RunTime:0.000794s ]
INFO: [ app_end ] --END-- [ RunTime:0.001017s ]

